[0.227s] Invoking command in '/home/shivam/ros2Module_ws/build/turtlebot3_gazebo': CMAKE_PREFIX_PATH=/opt/ros/humble /usr/bin/cmake /home/shivam/ros2Module_ws/src/turtlebot3_simulations/turtlebot3_gazebo -DCMAKE_INSTALL_PREFIX=/home/shivam/ros2Module_ws/install/turtlebot3_gazebo
[0.495s] -- The C compiler identification is GNU 11.4.0
[0.495s] -- The CXX compiler identification is GNU 11.4.0
[0.497s] -- Detecting C compiler ABI info
[0.497s] -- Detecting C compiler ABI info - done
[0.497s] -- Check for working C compiler: /usr/bin/cc - skipped
[0.497s] -- Detecting C compile features
[0.497s] -- Detecting C compile features - done
[0.497s] -- Detecting CXX compiler ABI info
[0.504s] -- Detecting CXX compiler ABI info - done
[0.514s] -- Check for working CXX compiler: /usr/bin/c++ - skipped
[0.514s] -- Detecting CXX compile features
[0.515s] -- Detecting CXX compile features - done
[0.518s] -- Found ament_cmake: 1.3.11 (/opt/ros/humble/share/ament_cmake/cmake)
[0.708s] -- Found Python3: /usr/bin/python3 (found version "3.10.12") found components: Interpreter 
[0.799s] [33mCMake Warning (dev) at /usr/share/cmake-3.22/Modules/FindPackageHandleStandardArgs.cmake:438 (message):
[0.799s]   The package name passed to `find_package_handle_standard_args` (PkgConfig)
[0.799s]   does not match the name of the calling package (gazebo).  This can lead to
[0.799s]   problems in calling code that expects `find_package` result variables
[0.799s]   (e.g., `_FOUND`) to follow a certain pattern.
[0.799s] Call Stack (most recent call first):
[0.799s]   /usr/share/cmake-3.22/Modules/FindPkgConfig.cmake:99 (find_package_handle_standard_args)
[0.800s]   /usr/lib/x86_64-linux-gnu/cmake/gazebo/gazebo-config.cmake:72 (include)
[0.800s]   CMakeLists.txt:23 (find_package)
[0.800s] This warning is for project developers.  Use -Wno-dev to suppress it.
[0.800s] [0m
[0.800s] -- Found PkgConfig: /usr/bin/pkg-config (found version "0.29.2") 
[0.804s] -- Checking for module 'bullet>=2.82'
[0.819s] --   Found bullet, version 3.05
[0.943s] -- Found fcl: /usr/include (found suitable version "0.7.0", minimum required is "0.5.0") 
[1.006s] -- Found assimp: /usr/include (found version "5.2.0") 
[1.034s] -- Found DART: /usr/include (Required is at least version "6.6") found components: dart 
[1.244s] -- Found Boost: /usr/lib/x86_64-linux-gnu/cmake/Boost-1.74.0/BoostConfig.cmake (found suitable version "1.74.0", minimum required is "1.40.0") found components: thread system filesystem program_options regex iostreams date_time 
[1.269s] -- Found Protobuf: /usr/lib/x86_64-linux-gnu/libprotobuf.so (found version "3.12.4") 
[1.275s] -- Looking for ignition-math6 -- found version 6.15.1
[1.283s] -- Searching for dependencies of ignition-math6
[1.285s] -- Looking for OGRE...
[1.285s] -- OGRE_PREFIX_WATCH changed.
[1.292s] -- Checking for module 'OGRE'
[1.311s] --   Found OGRE, version 1.9.0
[1.354s] -- Found Ogre Ghadamon (1.9.0)
[1.370s] -- Found OGRE: optimized;/usr/lib/x86_64-linux-gnu/libOgreMain.so;debug;/usr/lib/x86_64-linux-gnu/libOgreMain.so
[1.379s] -- Looking for OGRE_Paging...
[1.390s] -- Found OGRE_Paging: optimized;/usr/lib/x86_64-linux-gnu/libOgrePaging.so;debug;/usr/lib/x86_64-linux-gnu/libOgrePaging.so
[1.390s] -- Looking for OGRE_Terrain...
[1.398s] -- Found OGRE_Terrain: optimized;/usr/lib/x86_64-linux-gnu/libOgreTerrain.so;debug;/usr/lib/x86_64-linux-gnu/libOgreTerrain.so
[1.398s] -- Looking for OGRE_Property...
[1.404s] -- Found OGRE_Property: optimized;/usr/lib/x86_64-linux-gnu/libOgreProperty.so;debug;/usr/lib/x86_64-linux-gnu/libOgreProperty.so
[1.405s] -- Looking for OGRE_RTShaderSystem...
[1.409s] -- Found OGRE_RTShaderSystem: optimized;/usr/lib/x86_64-linux-gnu/libOgreRTShaderSystem.so;debug;/usr/lib/x86_64-linux-gnu/libOgreRTShaderSystem.so
[1.409s] -- Looking for OGRE_Volume...
[1.414s] -- Found OGRE_Volume: optimized;/usr/lib/x86_64-linux-gnu/libOgreVolume.so;debug;/usr/lib/x86_64-linux-gnu/libOgreVolume.so
[1.414s] -- Looking for OGRE_Overlay...
[1.420s] -- Found OGRE_Overlay: optimized;/usr/lib/x86_64-linux-gnu/libOgreOverlay.so;debug;/usr/lib/x86_64-linux-gnu/libOgreOverlay.so
[1.536s] -- Looking for ignition-math6 -- found version 6.15.1
[1.540s] -- Looking for ignition-transport8 -- found version 8.2.1
[1.540s] -- Searching for dependencies of ignition-transport8
[1.559s] -- Found Protobuf: /usr/lib/x86_64-linux-gnu/libprotobuf.so (found suitable version "3.12.4", minimum required is "3") 
[1.571s] -- Config-file not installed for ZeroMQ -- checking for pkg-config
[1.578s] -- Checking for module 'libzmq >= 4'
[1.601s] --   Found libzmq , version 4.3.4
[1.663s] -- Found ZeroMQ: TRUE (Required is at least version "4") 
[1.672s] -- Checking for module 'uuid'
[1.696s] --   Found uuid, version 2.37.2
[1.751s] -- Found UUID: TRUE  
[1.755s] -- Looking for ignition-msgs5 -- found version 5.8.1
[1.755s] -- Searching for dependencies of ignition-msgs5
[1.787s] -- Looking for ignition-math6 -- found version 6.15.1
[1.796s] -- Checking for module 'tinyxml2'
[1.818s] --   Found tinyxml2, version 9.0.0
[1.858s] -- Looking for ignition-msgs5 -- found version 5.8.1
[1.861s] -- Looking for ignition-common3 -- found version 3.14.0
[1.861s] -- Searching for dependencies of ignition-common3
[1.865s] -- Looking for dlfcn.h - found
[1.865s] -- Looking for libdl - found
[1.865s] -- Found DL: TRUE  
[1.881s] -- Found tinyobjloader: /usr/lib/x86_64-linux-gnu/cmake/tinyobjloader/tinyobjloader-config.cmake (found version "2.0.0") 
[1.882s] -- Searching for <ignition-common3> component [graphics]
[1.886s] -- Looking for ignition-common3-graphics -- found version 3.14.0
[1.886s] -- Searching for dependencies of ignition-common3-graphics
[1.886s] -- Looking for ignition-math6 -- found version 6.15.1
[1.892s] -- Looking for ignition-fuel_tools4 -- found version 4.4.0
[1.892s] -- Searching for dependencies of ignition-fuel_tools4
[2.018s] -- Found CURL: /usr/lib/x86_64-linux-gnu/libcurl.so (found version "7.81.0")  
[2.032s] -- Checking for module 'jsoncpp'
[2.058s] --   Found jsoncpp, version 1.9.5
[2.123s] -- Found JSONCPP: TRUE  
[2.134s] -- Checking for module 'libzip'
[2.158s] --   Found libzip, version 1.7.3
[2.228s] -- Found ZIP: TRUE  
[2.229s] -- Looking for ignition-common3 -- found version 3.14.0
[2.229s] -- Looking for ignition-math6 -- found version 6.15.1
[2.229s] -- Looking for ignition-msgs5 -- found version 5.8.1
[2.236s] -- Found gazebo_ros_pkgs: 3.7.0 (/opt/ros/humble/share/gazebo_ros_pkgs/cmake)
[2.239s] -- Found geometry_msgs: 4.2.4 (/opt/ros/humble/share/geometry_msgs/cmake)
[2.287s] -- Found rosidl_generator_c: 3.1.6 (/opt/ros/humble/share/rosidl_generator_c/cmake)
[2.294s] -- Found rosidl_adapter: 3.1.6 (/opt/ros/humble/share/rosidl_adapter/cmake)
[2.308s] -- Found rosidl_generator_cpp: 3.1.6 (/opt/ros/humble/share/rosidl_generator_cpp/cmake)
[2.328s] -- Using all available rosidl_typesupport_c: rosidl_typesupport_fastrtps_c;rosidl_typesupport_introspection_c
[2.354s] -- Using all available rosidl_typesupport_cpp: rosidl_typesupport_fastrtps_cpp;rosidl_typesupport_introspection_cpp
[2.412s] -- Found nav_msgs: 4.2.4 (/opt/ros/humble/share/nav_msgs/cmake)
[2.437s] -- Found rclcpp: 16.0.11 (/opt/ros/humble/share/rclcpp/cmake)
[2.494s] -- Found rmw_implementation_cmake: 6.1.2 (/opt/ros/humble/share/rmw_implementation_cmake/cmake)
[2.496s] -- Found rmw_fastrtps_cpp: 6.2.7 (/opt/ros/humble/share/rmw_fastrtps_cpp/cmake)
[2.652s] -- Found OpenSSL: /usr/lib/x86_64-linux-gnu/libcrypto.so (found version "3.0.2")  
[2.694s] -- Found FastRTPS: /opt/ros/humble/include  
[2.764s] -- Using RMW implementation 'rmw_fastrtps_cpp' as default
[2.778s] -- Found Threads: TRUE  
[2.836s] -- Found sensor_msgs: 4.2.4 (/opt/ros/humble/share/sensor_msgs/cmake)
[2.864s] -- Found tf2: 0.25.11 (/opt/ros/humble/share/tf2/cmake)
[2.989s] -- Configuring done
[3.062s] -- Generating done
[3.073s] -- Build files have been written to: /home/shivam/ros2Module_ws/build/turtlebot3_gazebo
[3.102s] Invoked command in '/home/shivam/ros2Module_ws/build/turtlebot3_gazebo' returned '0': CMAKE_PREFIX_PATH=/opt/ros/humble /usr/bin/cmake /home/shivam/ros2Module_ws/src/turtlebot3_simulations/turtlebot3_gazebo -DCMAKE_INSTALL_PREFIX=/home/shivam/ros2Module_ws/install/turtlebot3_gazebo
[3.104s] Invoking command in '/home/shivam/ros2Module_ws/build/turtlebot3_gazebo': CMAKE_PREFIX_PATH=/opt/ros/humble /usr/bin/cmake --build /home/shivam/ros2Module_ws/build/turtlebot3_gazebo -- -j16 -l16
[3.186s] [ 37%] [32mBuilding CXX object CMakeFiles/obstacle2.dir/models/turtlebot3_dqn_world/obstacle_plugin/obstacle2.cc.o[0m
[3.186s] [ 37%] [32mBuilding CXX object CMakeFiles/obstacles.dir/models/turtlebot3_dqn_world/obstacle_plugin/obstacles.cc.o[0m
[3.186s] [ 50%] [32mBuilding CXX object CMakeFiles/turtlebot3_drive.dir/src/turtlebot3_drive.cpp.o[0m
[3.186s] [ 50%] [32mBuilding CXX object CMakeFiles/obstacle1.dir/models/turtlebot3_dqn_world/obstacle_plugin/obstacle1.cc.o[0m
[15.495s] [ 62%] [32m[1mLinking CXX executable turtlebot3_drive[0m
[15.840s] [ 75%] [32m[1mLinking CXX shared library libobstacles.so[0m
[15.899s] [ 87%] [32m[1mLinking CXX shared library libobstacle1.so[0m
[15.958s] [100%] [32m[1mLinking CXX shared library libobstacle2.so[0m
[15.984s] [100%] Built target turtlebot3_drive
[16.119s] [100%] Built target obstacle1
[16.130s] [100%] Built target obstacles
[16.166s] [100%] Built target obstacle2
[16.178s] Invoked command in '/home/shivam/ros2Module_ws/build/turtlebot3_gazebo' returned '0': CMAKE_PREFIX_PATH=/opt/ros/humble /usr/bin/cmake --build /home/shivam/ros2Module_ws/build/turtlebot3_gazebo -- -j16 -l16
[16.179s] Invoking command in '/home/shivam/ros2Module_ws/build/turtlebot3_gazebo': CMAKE_PREFIX_PATH=/opt/ros/humble /usr/bin/cmake --install /home/shivam/ros2Module_ws/build/turtlebot3_gazebo
[16.188s] -- Install configuration: ""
[16.188s] -- Installing: /home/shivam/ros2Module_ws/install/turtlebot3_gazebo/lib/turtlebot3_gazebo/turtlebot3_drive
[16.193s] -- Set runtime path of "/home/shivam/ros2Module_ws/install/turtlebot3_gazebo/lib/turtlebot3_gazebo/turtlebot3_drive" to ""
[16.193s] -- Installing: /home/shivam/ros2Module_ws/install/turtlebot3_gazebo/share/turtlebot3_gazebo//launch
[16.193s] -- Installing: /home/shivam/ros2Module_ws/install/turtlebot3_gazebo/share/turtlebot3_gazebo//launch/turtlebot3_dqn_stage1.launch.py
[16.194s] -- Installing: /home/shivam/ros2Module_ws/install/turtlebot3_gazebo/share/turtlebot3_gazebo//launch/turtlebot3_world.launch.py
[16.194s] -- Installing: /home/shivam/ros2Module_ws/install/turtlebot3_gazebo/share/turtlebot3_gazebo//launch/empty_world.launch.py
[16.194s] -- Installing: /home/shivam/ros2Module_ws/install/turtlebot3_gazebo/share/turtlebot3_gazebo//launch/turtlebot3_house.launch.py
[16.194s] -- Installing: /home/shivam/ros2Module_ws/install/turtlebot3_gazebo/share/turtlebot3_gazebo//launch/robot_state_publisher.launch.py
[16.194s] -- Installing: /home/shivam/ros2Module_ws/install/turtlebot3_gazebo/share/turtlebot3_gazebo//launch/turtlebot3_dqn_stage2.launch.py
[16.195s] -- Installing: /home/shivam/ros2Module_ws/install/turtlebot3_gazebo/share/turtlebot3_gazebo//launch/turtlebot3_dqn_stage4.launch.py
[16.195s] -- Installing: /home/shivam/ros2Module_ws/install/turtlebot3_gazebo/share/turtlebot3_gazebo//launch/turtlebot3_dqn_stage3.launch.py
[16.195s] -- Installing: /home/shivam/ros2Module_ws/install/turtlebot3_gazebo/share/turtlebot3_gazebo//launch/spawn_turtlebot3.launch.py
[16.195s] -- Installing: /home/shivam/ros2Module_ws/install/turtlebot3_gazebo/share/turtlebot3_gazebo//models
[16.195s] -- Installing: /home/shivam/ros2Module_ws/install/turtlebot3_gazebo/share/turtlebot3_gazebo//models/turtlebot3_waffle_pi
[16.195s] -- Installing: /home/shivam/ros2Module_ws/install/turtlebot3_gazebo/share/turtlebot3_gazebo//models/turtlebot3_waffle_pi/model.config
[16.196s] -- Installing: /home/shivam/ros2Module_ws/install/turtlebot3_gazebo/share/turtlebot3_gazebo//models/turtlebot3_waffle_pi/model.sdf
[16.196s] -- Installing: /home/shivam/ros2Module_ws/install/turtlebot3_gazebo/share/turtlebot3_gazebo//models/turtlebot3_waffle_pi/model-1_4_.sdf
[16.196s] -- Installing: /home/shivam/ros2Module_ws/install/turtlebot3_gazebo/share/turtlebot3_gazebo//models/turtlebot3_common
[16.196s] -- Installing: /home/shivam/ros2Module_ws/install/turtlebot3_gazebo/share/turtlebot3_gazebo//models/turtlebot3_common/model.config
[16.196s] -- Installing: /home/shivam/ros2Module_ws/install/turtlebot3_gazebo/share/turtlebot3_gazebo//models/turtlebot3_common/meshes
[16.196s] -- Installing: /home/shivam/ros2Module_ws/install/turtlebot3_gazebo/share/turtlebot3_gazebo//models/turtlebot3_common/meshes/r200.dae
[16.197s] -- Installing: /home/shivam/ros2Module_ws/install/turtlebot3_gazebo/share/turtlebot3_gazebo//models/turtlebot3_common/meshes/tire.dae
[16.197s] -- Installing: /home/shivam/ros2Module_ws/install/turtlebot3_gazebo/share/turtlebot3_gazebo//models/turtlebot3_common/meshes/lds.dae
[16.198s] -- Installing: /home/shivam/ros2Module_ws/install/turtlebot3_gazebo/share/turtlebot3_gazebo//models/turtlebot3_common/meshes/waffle_pi_base.dae
[16.198s] -- Installing: /home/shivam/ros2Module_ws/install/turtlebot3_gazebo/share/turtlebot3_gazebo//models/turtlebot3_common/meshes/waffle_base.dae
[16.198s] -- Installing: /home/shivam/ros2Module_ws/install/turtlebot3_gazebo/share/turtlebot3_gazebo//models/turtlebot3_common/meshes/burger_base.dae
[16.198s] -- Installing: /home/shivam/ros2Module_ws/install/turtlebot3_gazebo/share/turtlebot3_gazebo//models/turtlebot3_dqn_world
[16.198s] -- Installing: /home/shivam/ros2Module_ws/install/turtlebot3_gazebo/share/turtlebot3_gazebo//models/turtlebot3_dqn_world/goal_box
[16.199s] -- Installing: /home/shivam/ros2Module_ws/install/turtlebot3_gazebo/share/turtlebot3_gazebo//models/turtlebot3_dqn_world/goal_box/model.config
[16.199s] -- Installing: /home/shivam/ros2Module_ws/install/turtlebot3_gazebo/share/turtlebot3_gazebo//models/turtlebot3_dqn_world/goal_box/model.sdf
[16.199s] -- Installing: /home/shivam/ros2Module_ws/install/turtlebot3_gazebo/share/turtlebot3_gazebo//models/turtlebot3_dqn_world/model.config
[16.199s] -- Installing: /home/shivam/ros2Module_ws/install/turtlebot3_gazebo/share/turtlebot3_gazebo//models/turtlebot3_dqn_world/obstacles
[16.199s] -- Installing: /home/shivam/ros2Module_ws/install/turtlebot3_gazebo/share/turtlebot3_gazebo//models/turtlebot3_dqn_world/obstacles/model.config
[16.199s] -- Installing: /home/shivam/ros2Module_ws/install/turtlebot3_gazebo/share/turtlebot3_gazebo//models/turtlebot3_dqn_world/obstacles/model.sdf
[16.200s] -- Installing: /home/shivam/ros2Module_ws/install/turtlebot3_gazebo/share/turtlebot3_gazebo//models/turtlebot3_dqn_world/obstacle_plugin
[16.200s] -- Installing: /home/shivam/ros2Module_ws/install/turtlebot3_gazebo/share/turtlebot3_gazebo//models/turtlebot3_dqn_world/obstacle_plugin/obstacle1.cc
[16.200s] -- Installing: /home/shivam/ros2Module_ws/install/turtlebot3_gazebo/share/turtlebot3_gazebo//models/turtlebot3_dqn_world/obstacle_plugin/obstacle2.cc
[16.200s] -- Installing: /home/shivam/ros2Module_ws/install/turtlebot3_gazebo/share/turtlebot3_gazebo//models/turtlebot3_dqn_world/obstacle_plugin/obstacles.cc
[16.200s] -- Installing: /home/shivam/ros2Module_ws/install/turtlebot3_gazebo/share/turtlebot3_gazebo//models/turtlebot3_dqn_world/obstacle_plugin/CMakeLists.txt
[16.200s] -- Installing: /home/shivam/ros2Module_ws/install/turtlebot3_gazebo/share/turtlebot3_gazebo//models/turtlebot3_dqn_world/model.sdf
[16.201s] -- Installing: /home/shivam/ros2Module_ws/install/turtlebot3_gazebo/share/turtlebot3_gazebo//models/turtlebot3_dqn_world/obstacle1
[16.201s] -- Installing: /home/shivam/ros2Module_ws/install/turtlebot3_gazebo/share/turtlebot3_gazebo//models/turtlebot3_dqn_world/obstacle1/model.config
[16.201s] -- Installing: /home/shivam/ros2Module_ws/install/turtlebot3_gazebo/share/turtlebot3_gazebo//models/turtlebot3_dqn_world/obstacle1/model.sdf
[16.201s] -- Installing: /home/shivam/ros2Module_ws/install/turtlebot3_gazebo/share/turtlebot3_gazebo//models/turtlebot3_dqn_world/obstacle2
[16.201s] -- Installing: /home/shivam/ros2Module_ws/install/turtlebot3_gazebo/share/turtlebot3_gazebo//models/turtlebot3_dqn_world/obstacle2/model.config
[16.201s] -- Installing: /home/shivam/ros2Module_ws/install/turtlebot3_gazebo/share/turtlebot3_gazebo//models/turtlebot3_dqn_world/obstacle2/model.sdf
[16.201s] -- Installing: /home/shivam/ros2Module_ws/install/turtlebot3_gazebo/share/turtlebot3_gazebo//models/turtlebot3_dqn_world/inner_walls
[16.202s] -- Installing: /home/shivam/ros2Module_ws/install/turtlebot3_gazebo/share/turtlebot3_gazebo//models/turtlebot3_dqn_world/inner_walls/model.config
[16.202s] -- Installing: /home/shivam/ros2Module_ws/install/turtlebot3_gazebo/share/turtlebot3_gazebo//models/turtlebot3_dqn_world/inner_walls/model.sdf
[16.202s] -- Installing: /home/shivam/ros2Module_ws/install/turtlebot3_gazebo/share/turtlebot3_gazebo//models/turtlebot3_world
[16.202s] -- Installing: /home/shivam/ros2Module_ws/install/turtlebot3_gazebo/share/turtlebot3_gazebo//models/turtlebot3_world/model.config
[16.202s] -- Installing: /home/shivam/ros2Module_ws/install/turtlebot3_gazebo/share/turtlebot3_gazebo//models/turtlebot3_world/meshes
[16.202s] -- Installing: /home/shivam/ros2Module_ws/install/turtlebot3_gazebo/share/turtlebot3_gazebo//models/turtlebot3_world/meshes/hexagon.dae
[16.203s] -- Installing: /home/shivam/ros2Module_ws/install/turtlebot3_gazebo/share/turtlebot3_gazebo//models/turtlebot3_world/meshes/wall.dae
[16.203s] -- Installing: /home/shivam/ros2Module_ws/install/turtlebot3_gazebo/share/turtlebot3_gazebo//models/turtlebot3_world/model.sdf
[16.203s] -- Installing: /home/shivam/ros2Module_ws/install/turtlebot3_gazebo/share/turtlebot3_gazebo//models/turtlebot3_world/model-1_4.sdf
[16.203s] -- Installing: /home/shivam/ros2Module_ws/install/turtlebot3_gazebo/share/turtlebot3_gazebo//models/turtlebot3_burger
[16.203s] -- Installing: /home/shivam/ros2Module_ws/install/turtlebot3_gazebo/share/turtlebot3_gazebo//models/turtlebot3_burger/model.config
[16.204s] -- Installing: /home/shivam/ros2Module_ws/install/turtlebot3_gazebo/share/turtlebot3_gazebo//models/turtlebot3_burger/model.sdf
[16.204s] -- Installing: /home/shivam/ros2Module_ws/install/turtlebot3_gazebo/share/turtlebot3_gazebo//models/turtlebot3_burger/model-1_4.sdf
[16.204s] -- Installing: /home/shivam/ros2Module_ws/install/turtlebot3_gazebo/share/turtlebot3_gazebo//models/turtlebot3_waffle
[16.204s] -- Installing: /home/shivam/ros2Module_ws/install/turtlebot3_gazebo/share/turtlebot3_gazebo//models/turtlebot3_waffle/model.config
[16.204s] -- Installing: /home/shivam/ros2Module_ws/install/turtlebot3_gazebo/share/turtlebot3_gazebo//models/turtlebot3_waffle/model.sdf
[16.205s] -- Installing: /home/shivam/ros2Module_ws/install/turtlebot3_gazebo/share/turtlebot3_gazebo//models/turtlebot3_waffle/model-1_4.sdf
[16.205s] -- Installing: /home/shivam/ros2Module_ws/install/turtlebot3_gazebo/share/turtlebot3_gazebo//models/turtlebot3_house
[16.205s] -- Installing: /home/shivam/ros2Module_ws/install/turtlebot3_gazebo/share/turtlebot3_gazebo//models/turtlebot3_house/model.config
[16.205s] -- Installing: /home/shivam/ros2Module_ws/install/turtlebot3_gazebo/share/turtlebot3_gazebo//models/turtlebot3_house/model.sdf
[16.206s] -- Installing: /home/shivam/ros2Module_ws/install/turtlebot3_gazebo/share/turtlebot3_gazebo//rviz
[16.206s] -- Installing: /home/shivam/ros2Module_ws/install/turtlebot3_gazebo/share/turtlebot3_gazebo//rviz/tb3_gazebo.rviz
[16.206s] -- Installing: /home/shivam/ros2Module_ws/install/turtlebot3_gazebo/share/turtlebot3_gazebo//urdf
[16.206s] -- Installing: /home/shivam/ros2Module_ws/install/turtlebot3_gazebo/share/turtlebot3_gazebo//urdf/common_properties.urdf
[16.206s] -- Installing: /home/shivam/ros2Module_ws/install/turtlebot3_gazebo/share/turtlebot3_gazebo//urdf/turtlebot3_waffle.urdf
[16.206s] -- Installing: /home/shivam/ros2Module_ws/install/turtlebot3_gazebo/share/turtlebot3_gazebo//urdf/turtlebot3_waffle_pi.urdf
[16.207s] -- Installing: /home/shivam/ros2Module_ws/install/turtlebot3_gazebo/share/turtlebot3_gazebo//urdf/turtlebot3_burger.urdf
[16.207s] -- Installing: /home/shivam/ros2Module_ws/install/turtlebot3_gazebo/share/turtlebot3_gazebo//worlds
[16.207s] -- Installing: /home/shivam/ros2Module_ws/install/turtlebot3_gazebo/share/turtlebot3_gazebo//worlds/empty_world.world
[16.207s] -- Installing: /home/shivam/ros2Module_ws/install/turtlebot3_gazebo/share/turtlebot3_gazebo//worlds/turtlebot3_dqn_stage4.world
[16.207s] -- Installing: /home/shivam/ros2Module_ws/install/turtlebot3_gazebo/share/turtlebot3_gazebo//worlds/turtlebot3_house.world
[16.208s] -- Installing: /home/shivam/ros2Module_ws/install/turtlebot3_gazebo/share/turtlebot3_gazebo//worlds/turtlebot3_world.world
[16.208s] -- Installing: /home/shivam/ros2Module_ws/install/turtlebot3_gazebo/share/turtlebot3_gazebo//worlds/turtlebot3_dqn_stage2.world
[16.208s] -- Installing: /home/shivam/ros2Module_ws/install/turtlebot3_gazebo/share/turtlebot3_gazebo//worlds/turtlebot3_dqn_stage3.world
[16.208s] -- Installing: /home/shivam/ros2Module_ws/install/turtlebot3_gazebo/share/turtlebot3_gazebo//worlds/turtlebot3_dqn_stage1.world
[16.208s] -- Installing: /home/shivam/ros2Module_ws/install/turtlebot3_gazebo/include/
[16.209s] -- Installing: /home/shivam/ros2Module_ws/install/turtlebot3_gazebo/include//turtlebot3_gazebo
[16.209s] -- Installing: /home/shivam/ros2Module_ws/install/turtlebot3_gazebo/include//turtlebot3_gazebo/turtlebot3_drive.hpp
[16.209s] -- Installing: /home/shivam/ros2Module_ws/install/turtlebot3_gazebo/share/ament_index/resource_index/package_run_dependencies/turtlebot3_gazebo
[16.209s] -- Installing: /home/shivam/ros2Module_ws/install/turtlebot3_gazebo/share/ament_index/resource_index/parent_prefix_path/turtlebot3_gazebo
[16.209s] -- Installing: /home/shivam/ros2Module_ws/install/turtlebot3_gazebo/share/turtlebot3_gazebo/environment/ament_prefix_path.sh
[16.209s] -- Installing: /home/shivam/ros2Module_ws/install/turtlebot3_gazebo/share/turtlebot3_gazebo/environment/ament_prefix_path.dsv
[16.210s] -- Installing: /home/shivam/ros2Module_ws/install/turtlebot3_gazebo/share/turtlebot3_gazebo/environment/path.sh
[16.210s] -- Installing: /home/shivam/ros2Module_ws/install/turtlebot3_gazebo/share/turtlebot3_gazebo/environment/path.dsv
[16.210s] -- Installing: /home/shivam/ros2Module_ws/install/turtlebot3_gazebo/share/turtlebot3_gazebo/local_setup.bash
[16.210s] -- Installing: /home/shivam/ros2Module_ws/install/turtlebot3_gazebo/share/turtlebot3_gazebo/local_setup.sh
[16.210s] -- Installing: /home/shivam/ros2Module_ws/install/turtlebot3_gazebo/share/turtlebot3_gazebo/local_setup.zsh
[16.210s] -- Installing: /home/shivam/ros2Module_ws/install/turtlebot3_gazebo/share/turtlebot3_gazebo/local_setup.dsv
[16.210s] -- Installing: /home/shivam/ros2Module_ws/install/turtlebot3_gazebo/share/turtlebot3_gazebo/package.dsv
[16.211s] -- Installing: /home/shivam/ros2Module_ws/install/turtlebot3_gazebo/share/ament_index/resource_index/packages/turtlebot3_gazebo
[16.211s] -- Installing: /home/shivam/ros2Module_ws/install/turtlebot3_gazebo/share/turtlebot3_gazebo/cmake/ament_cmake_export_include_directories-extras.cmake
[16.211s] -- Installing: /home/shivam/ros2Module_ws/install/turtlebot3_gazebo/share/turtlebot3_gazebo/cmake/ament_cmake_export_dependencies-extras.cmake
[16.211s] -- Installing: /home/shivam/ros2Module_ws/install/turtlebot3_gazebo/share/turtlebot3_gazebo/cmake/turtlebot3_gazeboConfig.cmake
[16.211s] -- Installing: /home/shivam/ros2Module_ws/install/turtlebot3_gazebo/share/turtlebot3_gazebo/cmake/turtlebot3_gazeboConfig-version.cmake
[16.211s] -- Installing: /home/shivam/ros2Module_ws/install/turtlebot3_gazebo/share/turtlebot3_gazebo/package.xml
[16.214s] Invoked command in '/home/shivam/ros2Module_ws/build/turtlebot3_gazebo' returned '0': CMAKE_PREFIX_PATH=/opt/ros/humble /usr/bin/cmake --install /home/shivam/ros2Module_ws/build/turtlebot3_gazebo
