[0.854s] Invoking command in '/home/shivam/ros2Module_ws/src/turtlebot3/turtlebot3_teleop': PYTHONPATH=/home/shivam/ros2Module_ws/build/turtlebot3_teleop/prefix_override:/usr/lib/python3/dist-packages/colcon_core/task/python/colcon_distutils_commands:/home/shivam/ros2Module_ws/install/turtlebot3_teleop/lib/python3.10/site-packages:${PYTHONPATH} /usr/bin/python3 -W ignore:setup.py install is deprecated -W ignore:easy_install command is deprecated setup.py egg_info --egg-base ../../../build/turtlebot3_teleop build --build-base /home/shivam/ros2Module_ws/build/turtlebot3_teleop/build install --record /home/shivam/ros2Module_ws/build/turtlebot3_teleop/install.log --single-version-externally-managed install_data
[1.083s] running egg_info
[1.083s] creating ../../../build/turtlebot3_teleop/turtlebot3_teleop.egg-info
[1.084s] writing ../../../build/turtlebot3_teleop/turtlebot3_teleop.egg-info/PKG-INFO
[1.084s] writing dependency_links to ../../../build/turtlebot3_teleop/turtlebot3_teleop.egg-info/dependency_links.txt
[1.084s] writing entry points to ../../../build/turtlebot3_teleop/turtlebot3_teleop.egg-info/entry_points.txt
[1.084s] writing requirements to ../../../build/turtlebot3_teleop/turtlebot3_teleop.egg-info/requires.txt
[1.084s] writing top-level names to ../../../build/turtlebot3_teleop/turtlebot3_teleop.egg-info/top_level.txt
[1.084s] writing manifest file '../../../build/turtlebot3_teleop/turtlebot3_teleop.egg-info/SOURCES.txt'
[1.086s] reading manifest file '../../../build/turtlebot3_teleop/turtlebot3_teleop.egg-info/SOURCES.txt'
[1.089s] writing manifest file '../../../build/turtlebot3_teleop/turtlebot3_teleop.egg-info/SOURCES.txt'
[1.089s] running build
[1.089s] running build_py
[1.089s] creating /home/shivam/ros2Module_ws/build/turtlebot3_teleop/build
[1.090s] creating /home/shivam/ros2Module_ws/build/turtlebot3_teleop/build/lib
[1.090s] creating /home/shivam/ros2Module_ws/build/turtlebot3_teleop/build/lib/turtlebot3_teleop
[1.090s] copying turtlebot3_teleop/__init__.py -> /home/shivam/ros2Module_ws/build/turtlebot3_teleop/build/lib/turtlebot3_teleop
[1.090s] creating /home/shivam/ros2Module_ws/build/turtlebot3_teleop/build/lib/turtlebot3_teleop/script
[1.090s] copying turtlebot3_teleop/script/teleop_keyboard.py -> /home/shivam/ros2Module_ws/build/turtlebot3_teleop/build/lib/turtlebot3_teleop/script
[1.090s] copying turtlebot3_teleop/script/__init__.py -> /home/shivam/ros2Module_ws/build/turtlebot3_teleop/build/lib/turtlebot3_teleop/script
[1.090s] running install
[1.091s] running install_lib
[1.092s] creating /home/shivam/ros2Module_ws/install/turtlebot3_teleop/lib/python3.10/site-packages/turtlebot3_teleop
[1.092s] creating /home/shivam/ros2Module_ws/install/turtlebot3_teleop/lib/python3.10/site-packages/turtlebot3_teleop/script
[1.092s] copying /home/shivam/ros2Module_ws/build/turtlebot3_teleop/build/lib/turtlebot3_teleop/script/teleop_keyboard.py -> /home/shivam/ros2Module_ws/install/turtlebot3_teleop/lib/python3.10/site-packages/turtlebot3_teleop/script
[1.092s] copying /home/shivam/ros2Module_ws/build/turtlebot3_teleop/build/lib/turtlebot3_teleop/script/__init__.py -> /home/shivam/ros2Module_ws/install/turtlebot3_teleop/lib/python3.10/site-packages/turtlebot3_teleop/script
[1.093s] copying /home/shivam/ros2Module_ws/build/turtlebot3_teleop/build/lib/turtlebot3_teleop/__init__.py -> /home/shivam/ros2Module_ws/install/turtlebot3_teleop/lib/python3.10/site-packages/turtlebot3_teleop
[1.093s] byte-compiling /home/shivam/ros2Module_ws/install/turtlebot3_teleop/lib/python3.10/site-packages/turtlebot3_teleop/script/teleop_keyboard.py to teleop_keyboard.cpython-310.pyc
[1.094s] byte-compiling /home/shivam/ros2Module_ws/install/turtlebot3_teleop/lib/python3.10/site-packages/turtlebot3_teleop/script/__init__.py to __init__.cpython-310.pyc
[1.095s] byte-compiling /home/shivam/ros2Module_ws/install/turtlebot3_teleop/lib/python3.10/site-packages/turtlebot3_teleop/__init__.py to __init__.cpython-310.pyc
[1.095s] running install_data
[1.095s] creating /home/shivam/ros2Module_ws/install/turtlebot3_teleop/share/ament_index
[1.095s] creating /home/shivam/ros2Module_ws/install/turtlebot3_teleop/share/ament_index/resource_index
[1.095s] creating /home/shivam/ros2Module_ws/install/turtlebot3_teleop/share/ament_index/resource_index/packages
[1.095s] copying resource/turtlebot3_teleop -> /home/shivam/ros2Module_ws/install/turtlebot3_teleop/share/ament_index/resource_index/packages
[1.095s] copying package.xml -> /home/shivam/ros2Module_ws/install/turtlebot3_teleop/share/turtlebot3_teleop
[1.095s] running install_egg_info
[1.098s] Copying ../../../build/turtlebot3_teleop/turtlebot3_teleop.egg-info to /home/shivam/ros2Module_ws/install/turtlebot3_teleop/lib/python3.10/site-packages/turtlebot3_teleop-2.1.5-py3.10.egg-info
[1.098s] running install_scripts
[1.119s] Installing teleop_keyboard script to /home/shivam/ros2Module_ws/install/turtlebot3_teleop/lib/turtlebot3_teleop
[1.120s] writing list of installed files to '/home/shivam/ros2Module_ws/build/turtlebot3_teleop/install.log'
[1.180s] Invoked command in '/home/shivam/ros2Module_ws/src/turtlebot3/turtlebot3_teleop' returned '0': PYTHONPATH=/home/shivam/ros2Module_ws/build/turtlebot3_teleop/prefix_override:/usr/lib/python3/dist-packages/colcon_core/task/python/colcon_distutils_commands:/home/shivam/ros2Module_ws/install/turtlebot3_teleop/lib/python3.10/site-packages:${PYTHONPATH} /usr/bin/python3 -W ignore:setup.py install is deprecated -W ignore:easy_install command is deprecated setup.py egg_info --egg-base ../../../build/turtlebot3_teleop build --build-base /home/shivam/ros2Module_ws/build/turtlebot3_teleop/build install --record /home/shivam/ros2Module_ws/build/turtlebot3_teleop/install.log --single-version-externally-managed install_data
