[0.008s] Invoking command in '/home/shivam/ROS2_sonar_module/build/nps_uw_multibeam_sonar_converted': CMAKE_PREFIX_PATH=/opt/ros/humble /usr/bin/cmake /home/shivam/ROS2_sonar_module/src/nps_uw_multibeam_sonar_converted -DCMAKE_INSTALL_PREFIX=/home/shivam/ROS2_sonar_module/install/nps_uw_multibeam_sonar_converted
[0.020s] -- Found ament_cmake: 1.3.11 (/opt/ros/humble/share/ament_cmake/cmake)
[0.108s] -- Found pluginlib: 5.1.0 (/opt/ros/humble/share/pluginlib/cmake)
[0.131s] -- Found rclcpp: 16.0.11 (/opt/ros/humble/share/rclcpp/cmake)
[0.144s] -- Found rosidl_generator_c: 3.1.6 (/opt/ros/humble/share/rosidl_generator_c/cmake)
[0.145s] -- Found rosidl_adapter: 3.1.6 (/opt/ros/humble/share/rosidl_adapter/cmake)
[0.150s] -- Found rosidl_generator_cpp: 3.1.6 (/opt/ros/humble/share/rosidl_generator_cpp/cmake)
[0.156s] -- Using all available rosidl_typesupport_c: rosidl_typesupport_fastrtps_c;rosidl_typesupport_introspection_c
[0.163s] -- Using all available rosidl_typesupport_cpp: rosidl_typesupport_fastrtps_cpp;rosidl_typesupport_introspection_cpp
[0.186s] -- Found rmw_implementation_cmake: 6.1.2 (/opt/ros/humble/share/rmw_implementation_cmake/cmake)
[0.186s] -- Found rmw_fastrtps_cpp: 6.2.7 (/opt/ros/humble/share/rmw_fastrtps_cpp/cmake)
[0.199s] -- Found TinyXML2 via Config file: TinyXML2_DIR-NOTFOUND
[0.206s] -- Found TinyXML2 via Config file: TinyXML2_DIR-NOTFOUND
[0.219s] -- Found TinyXML2 via Config file: TinyXML2_DIR-NOTFOUND
[0.225s] -- Found TinyXML2 via Config file: TinyXML2_DIR-NOTFOUND
[0.233s] -- Using RMW implementation 'rmw_fastrtps_cpp' as default
[0.266s] -- Found gazebo_ros: 3.7.0 (/opt/ros/humble/share/gazebo_ros/cmake)
[0.290s] -- Found DART: /usr/include (Required is at least version "6.6") found components: dart 
[0.310s] -- Found Protobuf: /usr/lib/x86_64-linux-gnu/libprotobuf.so (found version "3.12.4") 
[0.311s] -- Looking for ignition-math6 -- found version 6.15.1
[0.314s] -- Searching for dependencies of ignition-math6
[0.315s] -- Looking for OGRE...
[0.321s] -- Found Ogre Ghadamon (1.9.0)
[0.321s] -- Found OGRE: optimized;/usr/lib/x86_64-linux-gnu/libOgreMain.so;debug;/usr/lib/x86_64-linux-gnu/libOgreMain.so
[0.328s] -- Looking for OGRE_Paging...
[0.328s] -- Found OGRE_Paging: optimized;/usr/lib/x86_64-linux-gnu/libOgrePaging.so;debug;/usr/lib/x86_64-linux-gnu/libOgrePaging.so
[0.328s] -- Looking for OGRE_Terrain...
[0.328s] -- Found OGRE_Terrain: optimized;/usr/lib/x86_64-linux-gnu/libOgreTerrain.so;debug;/usr/lib/x86_64-linux-gnu/libOgreTerrain.so
[0.328s] -- Looking for OGRE_Property...
[0.328s] -- Found OGRE_Property: optimized;/usr/lib/x86_64-linux-gnu/libOgreProperty.so;debug;/usr/lib/x86_64-linux-gnu/libOgreProperty.so
[0.328s] -- Looking for OGRE_RTShaderSystem...
[0.328s] -- Found OGRE_RTShaderSystem: optimized;/usr/lib/x86_64-linux-gnu/libOgreRTShaderSystem.so;debug;/usr/lib/x86_64-linux-gnu/libOgreRTShaderSystem.so
[0.328s] -- Looking for OGRE_Volume...
[0.329s] -- Found OGRE_Volume: optimized;/usr/lib/x86_64-linux-gnu/libOgreVolume.so;debug;/usr/lib/x86_64-linux-gnu/libOgreVolume.so
[0.329s] -- Looking for OGRE_Overlay...
[0.329s] -- Found OGRE_Overlay: optimized;/usr/lib/x86_64-linux-gnu/libOgreOverlay.so;debug;/usr/lib/x86_64-linux-gnu/libOgreOverlay.so
[0.395s] -- Looking for ignition-math6 -- found version 6.15.1
[0.396s] -- Looking for ignition-transport8 -- found version 8.2.1
[0.396s] -- Searching for dependencies of ignition-transport8
[0.411s] -- Found Protobuf: /usr/lib/x86_64-linux-gnu/libprotobuf.so (found suitable version "3.12.4", minimum required is "3") 
[0.420s] -- Config-file not installed for ZeroMQ -- checking for pkg-config
[0.425s] -- Checking for module 'libzmq >= 4'
[0.437s] --   Found libzmq , version 4.3.4
[0.472s] -- Checking for module 'uuid'
[0.482s] --   Found uuid, version 2.37.2
[0.511s] -- Looking for ignition-msgs5 -- found version 5.8.1
[0.512s] -- Searching for dependencies of ignition-msgs5
[0.528s] -- Looking for ignition-math6 -- found version 6.15.1
[0.533s] -- Looking for ignition-msgs5 -- found version 5.8.1
[0.534s] -- Looking for ignition-common3 -- found version 3.14.0
[0.534s] -- Searching for dependencies of ignition-common3
[0.534s] -- Looking for dlfcn.h - found
[0.534s] -- Looking for libdl - found
[0.543s] -- Searching for <ignition-common3> component [graphics]
[0.544s] -- Looking for ignition-common3-graphics -- found version 3.14.0
[0.544s] -- Searching for dependencies of ignition-common3-graphics
[0.544s] -- Looking for ignition-math6 -- found version 6.15.1
[0.545s] -- Looking for ignition-fuel_tools4 -- found version 4.4.0
[0.545s] -- Searching for dependencies of ignition-fuel_tools4
[0.576s] -- Checking for module 'jsoncpp'
[0.587s] --   Found jsoncpp, version 1.9.5
[0.619s] -- Checking for module 'libzip'
[0.631s] --   Found libzip, version 1.7.3
[0.661s] -- Looking for ignition-common3 -- found version 3.14.0
[0.661s] -- Looking for ignition-math6 -- found version 6.15.1
[0.661s] -- Looking for ignition-msgs5 -- found version 5.8.1
[0.662s] -- Gazebo version: 11.10
[0.663s] -- Found sensor_msgs: 4.2.4 (/opt/ros/humble/share/sensor_msgs/cmake)
[0.683s] -- Found marine_acoustic_msgs: 2.1.0 (/opt/ros/humble/share/marine_acoustic_msgs/cmake)
[0.698s] -- Found cv_bridge: 3.2.1 (/opt/ros/humble/share/cv_bridge/cmake)
[0.699s] -- Found pcl_conversions: 2.4.5 (/opt/ros/humble/share/pcl_conversions/cmake)
[0.724s] -- Eigen found (include: /usr/include/eigen3, version: 3.4.0)
[0.747s] -- FLANN found (include: /usr/include, lib: /usr/lib/x86_64-linux-gnu/libflann_cpp.so)
[0.971s] -- OpenNI found (version: 1.5.4.0, include: /usr/include/ni, lib: /usr/lib/libOpenNI.so;libusb::libusb)
[0.977s] -- OpenNI2 found (version: 2.2.0.33, include: /usr/include/openni2, lib: /usr/lib/x86_64-linux-gnu/libOpenNI2.so;libusb::libusb)
[1.091s] -- Eigen found (include: /usr/include/eigen3, version: 3.4.0)
[1.096s] -- OpenNI found (version: 1.5.4.0, include: /usr/include/ni, lib: /usr/lib/libOpenNI.so;libusb::libusb)
[1.101s] -- OpenNI2 found (version: 2.2.0.33, include: /usr/include/openni2, lib: /usr/lib/x86_64-linux-gnu/libOpenNI2.so;libusb::libusb)
[1.208s] -- Found Qhull version 8.0.2
[1.319s] -- OpenNI found (version: 1.5.4.0, include: /usr/include/ni, lib: /usr/lib/libOpenNI.so;libusb::libusb)
[1.434s] [31mCMake Error at /opt/ros/humble/share/ament_cmake_target_dependencies/cmake/ament_target_dependencies.cmake:42 (message):
[1.434s]   ament_target_dependencies() the first argument must be a valid target name
[1.434s] Call Stack (most recent call first):
[1.434s]   CMakeLists.txt:41 (ament_target_dependencies)
[1.434s] 
[1.434s] [0m
[1.434s] -- Configuring incomplete, errors occurred!
[1.434s] See also "/home/shivam/ROS2_sonar_module/build/nps_uw_multibeam_sonar_converted/CMakeFiles/CMakeOutput.log".
[1.446s] Invoked command in '/home/shivam/ROS2_sonar_module/build/nps_uw_multibeam_sonar_converted' returned '1': CMAKE_PREFIX_PATH=/opt/ros/humble /usr/bin/cmake /home/shivam/ROS2_sonar_module/src/nps_uw_multibeam_sonar_converted -DCMAKE_INSTALL_PREFIX=/home/shivam/ROS2_sonar_module/install/nps_uw_multibeam_sonar_converted
