[35m[1mConsolidate compiler generated dependencies of target p900_sonar_plugin[0m
[ 50%] Built target p900_sonar_plugin
[35m[1mConsolidate compiler generated dependencies of target test_node[0m
[ 75%] [32mBuilding CXX object CMakeFiles/test_node.dir/src/test_node.cpp.o[0m
[100%] [32m[1mLinking CXX executable test_node[0m
[100%] Built target test_node
-- Install configuration: ""
-- Up-to-date: /home/shivam/ROS2_sonar_module/install/nps_uw_multibeam_sonar_converted/include
-- Up-to-date: /home/shivam/ROS2_sonar_module/install/nps_uw_multibeam_sonar_converted/include/nps_uw_multibeam_sonar_converted
-- Up-to-date: /home/shivam/ROS2_sonar_module/install/nps_uw_multibeam_sonar_converted/include/nps_uw_multibeam_sonar_converted/base_interface.hpp
-- Up-to-date: /home/shivam/ROS2_sonar_module/install/nps_uw_multibeam_sonar_converted/lib/libp900_sonar_plugin.so
-- Installing: /home/shivam/ROS2_sonar_module/install/nps_uw_multibeam_sonar_converted/lib/nps_uw_multibeam_sonar_converted/test_node
-- Set runtime path of "/home/shivam/ROS2_sonar_module/install/nps_uw_multibeam_sonar_converted/lib/nps_uw_multibeam_sonar_converted/test_node" to ""
-- Up-to-date: /home/shivam/ROS2_sonar_module/install/nps_uw_multibeam_sonar_converted/share/nps_uw_multibeam_sonar_converted/plugins.xml
-- Up-to-date: /home/shivam/ROS2_sonar_module/install/nps_uw_multibeam_sonar_converted/share/ament_index/resource_index/package_run_dependencies/nps_uw_multibeam_sonar_converted
-- Up-to-date: /home/shivam/ROS2_sonar_module/install/nps_uw_multibeam_sonar_converted/share/ament_index/resource_index/parent_prefix_path/nps_uw_multibeam_sonar_converted
-- Up-to-date: /home/shivam/ROS2_sonar_module/install/nps_uw_multibeam_sonar_converted/share/nps_uw_multibeam_sonar_converted/environment/ament_prefix_path.sh
-- Up-to-date: /home/shivam/ROS2_sonar_module/install/nps_uw_multibeam_sonar_converted/share/nps_uw_multibeam_sonar_converted/environment/ament_prefix_path.dsv
-- Up-to-date: /home/shivam/ROS2_sonar_module/install/nps_uw_multibeam_sonar_converted/share/nps_uw_multibeam_sonar_converted/environment/path.sh
-- Up-to-date: /home/shivam/ROS2_sonar_module/install/nps_uw_multibeam_sonar_converted/share/nps_uw_multibeam_sonar_converted/environment/path.dsv
-- Up-to-date: /home/shivam/ROS2_sonar_module/install/nps_uw_multibeam_sonar_converted/share/nps_uw_multibeam_sonar_converted/local_setup.bash
-- Up-to-date: /home/shivam/ROS2_sonar_module/install/nps_uw_multibeam_sonar_converted/share/nps_uw_multibeam_sonar_converted/local_setup.sh
-- Up-to-date: /home/shivam/ROS2_sonar_module/install/nps_uw_multibeam_sonar_converted/share/nps_uw_multibeam_sonar_converted/local_setup.zsh
-- Up-to-date: /home/shivam/ROS2_sonar_module/install/nps_uw_multibeam_sonar_converted/share/nps_uw_multibeam_sonar_converted/local_setup.dsv
-- Installing: /home/shivam/ROS2_sonar_module/install/nps_uw_multibeam_sonar_converted/share/nps_uw_multibeam_sonar_converted/package.dsv
-- Up-to-date: /home/shivam/ROS2_sonar_module/install/nps_uw_multibeam_sonar_converted/share/ament_index/resource_index/packages/nps_uw_multibeam_sonar_converted
-- Up-to-date: /home/shivam/ROS2_sonar_module/install/nps_uw_multibeam_sonar_converted/share/ament_index/resource_index/nps_uw_multibeam_sonar_converted__pluginlib__plugin/nps_uw_multibeam_sonar_converted
-- Up-to-date: /home/shivam/ROS2_sonar_module/install/nps_uw_multibeam_sonar_converted/share/nps_uw_multibeam_sonar_converted/cmake/nps_uw_multibeam_sonar_convertedConfig.cmake
-- Up-to-date: /home/shivam/ROS2_sonar_module/install/nps_uw_multibeam_sonar_converted/share/nps_uw_multibeam_sonar_converted/cmake/nps_uw_multibeam_sonar_convertedConfig-version.cmake
-- Up-to-date: /home/shivam/ROS2_sonar_module/install/nps_uw_multibeam_sonar_converted/share/nps_uw_multibeam_sonar_converted/package.xml
