[0.008s] Invoking command in '/home/shivam/ROS2_sonar_module/build/nps_uw_multibeam_sonar_converted': CMAKE_PREFIX_PATH=${CMAKE_PREFIX_PATH}:/opt/ros/humble /usr/bin/cmake --build /home/shivam/ROS2_sonar_module/build/nps_uw_multibeam_sonar_converted -- -j16 -l16
[0.042s] [35m[1mConsolidate compiler generated dependencies of target p900_sonar_plugin[0m
[0.053s] [ 50%] Built target p900_sonar_plugin
[0.062s] [35m[1mConsolidate compiler generated dependencies of target test_node[0m
[0.079s] [ 75%] [32mBuilding CXX object CMakeFiles/test_node.dir/src/test_node.cpp.o[0m
[3.751s] [100%] [32m[1mLinking CXX executable test_node[0m
[3.891s] [100%] Built target test_node
[3.901s] Invoked command in '/home/shivam/ROS2_sonar_module/build/nps_uw_multibeam_sonar_converted' returned '0': CMAKE_PREFIX_PATH=${CMAKE_PREFIX_PATH}:/opt/ros/humble /usr/bin/cmake --build /home/shivam/ROS2_sonar_module/build/nps_uw_multibeam_sonar_converted -- -j16 -l16
[3.909s] Invoking command in '/home/shivam/ROS2_sonar_module/build/nps_uw_multibeam_sonar_converted': CMAKE_PREFIX_PATH=${CMAKE_PREFIX_PATH}:/opt/ros/humble /usr/bin/cmake --install /home/shivam/ROS2_sonar_module/build/nps_uw_multibeam_sonar_converted
[3.915s] -- Install configuration: ""
[3.915s] -- Up-to-date: /home/shivam/ROS2_sonar_module/install/nps_uw_multibeam_sonar_converted/include
[3.915s] -- Up-to-date: /home/shivam/ROS2_sonar_module/install/nps_uw_multibeam_sonar_converted/include/nps_uw_multibeam_sonar_converted
[3.915s] -- Up-to-date: /home/shivam/ROS2_sonar_module/install/nps_uw_multibeam_sonar_converted/include/nps_uw_multibeam_sonar_converted/base_interface.hpp
[3.915s] -- Up-to-date: /home/shivam/ROS2_sonar_module/install/nps_uw_multibeam_sonar_converted/lib/libp900_sonar_plugin.so
[3.916s] -- Installing: /home/shivam/ROS2_sonar_module/install/nps_uw_multibeam_sonar_converted/lib/nps_uw_multibeam_sonar_converted/test_node
[3.917s] -- Set runtime path of "/home/shivam/ROS2_sonar_module/install/nps_uw_multibeam_sonar_converted/lib/nps_uw_multibeam_sonar_converted/test_node" to ""
[3.917s] -- Up-to-date: /home/shivam/ROS2_sonar_module/install/nps_uw_multibeam_sonar_converted/share/nps_uw_multibeam_sonar_converted/plugins.xml
[3.918s] -- Up-to-date: /home/shivam/ROS2_sonar_module/install/nps_uw_multibeam_sonar_converted/share/ament_index/resource_index/package_run_dependencies/nps_uw_multibeam_sonar_converted
[3.918s] -- Up-to-date: /home/shivam/ROS2_sonar_module/install/nps_uw_multibeam_sonar_converted/share/ament_index/resource_index/parent_prefix_path/nps_uw_multibeam_sonar_converted
[3.918s] -- Up-to-date: /home/shivam/ROS2_sonar_module/install/nps_uw_multibeam_sonar_converted/share/nps_uw_multibeam_sonar_converted/environment/ament_prefix_path.sh
[3.918s] -- Up-to-date: /home/shivam/ROS2_sonar_module/install/nps_uw_multibeam_sonar_converted/share/nps_uw_multibeam_sonar_converted/environment/ament_prefix_path.dsv
[3.918s] -- Up-to-date: /home/shivam/ROS2_sonar_module/install/nps_uw_multibeam_sonar_converted/share/nps_uw_multibeam_sonar_converted/environment/path.sh
[3.918s] -- Up-to-date: /home/shivam/ROS2_sonar_module/install/nps_uw_multibeam_sonar_converted/share/nps_uw_multibeam_sonar_converted/environment/path.dsv
[3.918s] -- Up-to-date: /home/shivam/ROS2_sonar_module/install/nps_uw_multibeam_sonar_converted/share/nps_uw_multibeam_sonar_converted/local_setup.bash
[3.918s] -- Up-to-date: /home/shivam/ROS2_sonar_module/install/nps_uw_multibeam_sonar_converted/share/nps_uw_multibeam_sonar_converted/local_setup.sh
[3.918s] -- Up-to-date: /home/shivam/ROS2_sonar_module/install/nps_uw_multibeam_sonar_converted/share/nps_uw_multibeam_sonar_converted/local_setup.zsh
[3.918s] -- Up-to-date: /home/shivam/ROS2_sonar_module/install/nps_uw_multibeam_sonar_converted/share/nps_uw_multibeam_sonar_converted/local_setup.dsv
[3.918s] -- Installing: /home/shivam/ROS2_sonar_module/install/nps_uw_multibeam_sonar_converted/share/nps_uw_multibeam_sonar_converted/package.dsv
[3.918s] -- Up-to-date: /home/shivam/ROS2_sonar_module/install/nps_uw_multibeam_sonar_converted/share/ament_index/resource_index/packages/nps_uw_multibeam_sonar_converted
[3.918s] -- Up-to-date: /home/shivam/ROS2_sonar_module/install/nps_uw_multibeam_sonar_converted/share/ament_index/resource_index/nps_uw_multibeam_sonar_converted__pluginlib__plugin/nps_uw_multibeam_sonar_converted
[3.918s] -- Up-to-date: /home/shivam/ROS2_sonar_module/install/nps_uw_multibeam_sonar_converted/share/nps_uw_multibeam_sonar_converted/cmake/nps_uw_multibeam_sonar_convertedConfig.cmake
[3.918s] -- Up-to-date: /home/shivam/ROS2_sonar_module/install/nps_uw_multibeam_sonar_converted/share/nps_uw_multibeam_sonar_converted/cmake/nps_uw_multibeam_sonar_convertedConfig-version.cmake
[3.919s] -- Up-to-date: /home/shivam/ROS2_sonar_module/install/nps_uw_multibeam_sonar_converted/share/nps_uw_multibeam_sonar_converted/package.xml
[3.920s] Invoked command in '/home/shivam/ROS2_sonar_module/build/nps_uw_multibeam_sonar_converted' returned '0': CMAKE_PREFIX_PATH=${CMAKE_PREFIX_PATH}:/opt/ros/humble /usr/bin/cmake --install /home/shivam/ROS2_sonar_module/build/nps_uw_multibeam_sonar_converted
