[0.813s] Invoking command in '/home/shivam/ros2Module_ws/src/turtlebot3/turtlebot3_example': PYTHONPATH=/home/shivam/ros2Module_ws/build/turtlebot3_example/prefix_override:/usr/lib/python3/dist-packages/colcon_core/task/python/colcon_distutils_commands:/home/shivam/ros2Module_ws/install/turtlebot3_example/lib/python3.10/site-packages:${PYTHONPATH} /usr/bin/python3 -W ignore:setup.py install is deprecated -W ignore:easy_install command is deprecated setup.py egg_info --egg-base ../../../build/turtlebot3_example build --build-base /home/shivam/ros2Module_ws/build/turtlebot3_example/build install --record /home/shivam/ros2Module_ws/build/turtlebot3_example/install.log --single-version-externally-managed install_data
[1.000s] running egg_info
[1.001s] writing ../../../build/turtlebot3_example/turtlebot3_example.egg-info/PKG-INFO
[1.001s] writing dependency_links to ../../../build/turtlebot3_example/turtlebot3_example.egg-info/dependency_links.txt
[1.001s] writing entry points to ../../../build/turtlebot3_example/turtlebot3_example.egg-info/entry_points.txt
[1.001s] writing requirements to ../../../build/turtlebot3_example/turtlebot3_example.egg-info/requires.txt
[1.001s] writing top-level names to ../../../build/turtlebot3_example/turtlebot3_example.egg-info/top_level.txt
[1.004s] reading manifest file '../../../build/turtlebot3_example/turtlebot3_example.egg-info/SOURCES.txt'
[1.004s] writing manifest file '../../../build/turtlebot3_example/turtlebot3_example.egg-info/SOURCES.txt'
[1.004s] running build
[1.005s] running build_py
[1.006s] running install
[1.006s] running install_lib
[1.007s] running install_data
[1.007s] running install_egg_info
[1.009s] removing '/home/shivam/ros2Module_ws/install/turtlebot3_example/lib/python3.10/site-packages/turtlebot3_example-2.1.5-py3.10.egg-info' (and everything under it)
[1.009s] Copying ../../../build/turtlebot3_example/turtlebot3_example.egg-info to /home/shivam/ros2Module_ws/install/turtlebot3_example/lib/python3.10/site-packages/turtlebot3_example-2.1.5-py3.10.egg-info
[1.010s] running install_scripts
[1.025s] Installing turtlebot3_obstacle_detection script to /home/shivam/ros2Module_ws/install/turtlebot3_example/lib/turtlebot3_example
[1.025s] Installing turtlebot3_patrol_client script to /home/shivam/ros2Module_ws/install/turtlebot3_example/lib/turtlebot3_example
[1.025s] Installing turtlebot3_patrol_server script to /home/shivam/ros2Module_ws/install/turtlebot3_example/lib/turtlebot3_example
[1.025s] Installing turtlebot3_position_control script to /home/shivam/ros2Module_ws/install/turtlebot3_example/lib/turtlebot3_example
[1.026s] writing list of installed files to '/home/shivam/ros2Module_ws/build/turtlebot3_example/install.log'
[1.050s] Invoked command in '/home/shivam/ros2Module_ws/src/turtlebot3/turtlebot3_example' returned '0': PYTHONPATH=/home/shivam/ros2Module_ws/build/turtlebot3_example/prefix_override:/usr/lib/python3/dist-packages/colcon_core/task/python/colcon_distutils_commands:/home/shivam/ros2Module_ws/install/turtlebot3_example/lib/python3.10/site-packages:${PYTHONPATH} /usr/bin/python3 -W ignore:setup.py install is deprecated -W ignore:easy_install command is deprecated setup.py egg_info --egg-base ../../../build/turtlebot3_example build --build-base /home/shivam/ros2Module_ws/build/turtlebot3_example/build install --record /home/shivam/ros2Module_ws/build/turtlebot3_example/install.log --single-version-externally-managed install_data
