[0.074s] DEBUG:colcon:Command line arguments: ['/usr/bin/colcon', 'build']
[0.075s] DEBUG:colcon:Parsed command line arguments: Namespace(log_base=None, log_level=None, verb_name='build', build_base='build', install_base='install', merge_install=False, symlink_install=False, test_result_base=None, continue_on_error=False, executor='parallel', parallel_workers=16, event_handlers=None, ignore_user_meta=False, metas=['./colcon.meta'], base_paths=['.'], packages_ignore=None, packages_ignore_regex=None, paths=None, packages_up_to=None, packages_up_to_regex=None, packages_above=None, packages_above_and_dependencies=None, packages_above_depth=None, packages_select_by_dep=None, packages_skip_by_dep=None, packages_skip_up_to=None, packages_select_build_failed=False, packages_skip_build_finished=False, packages_select_test_failures=False, packages_skip_test_passed=False, packages_select=None, packages_skip=None, packages_select_regex=None, packages_skip_regex=None, packages_start=None, packages_end=None, allow_overriding=[], cmake_args=None, cmake_target=None, cmake_target_skip_unavailable=False, cmake_clean_cache=False, cmake_clean_first=False, cmake_force_configure=False, ament_cmake_args=None, catkin_cmake_args=None, catkin_skip_building_tests=False, mixin_files=None, mixin=None, verb_parser=<colcon_mixin.mixin.mixin_argument.MixinArgumentDecorator object at 0x7fa331550880>, verb_extension=<colcon_core.verb.build.BuildVerb object at 0x7fa331550280>, main=<bound method BuildVerb.main of <colcon_core.verb.build.BuildVerb object at 0x7fa331550280>>, mixin_verb=('build',))
[0.196s] Level 1:colcon.colcon_core.package_discovery:discover_packages(colcon_meta) check parameters
[0.196s] Level 1:colcon.colcon_core.package_discovery:discover_packages(recursive) check parameters
[0.196s] Level 1:colcon.colcon_core.package_discovery:discover_packages(ignore) check parameters
[0.196s] Level 1:colcon.colcon_core.package_discovery:discover_packages(path) check parameters
[0.196s] Level 1:colcon.colcon_core.package_discovery:discover_packages(colcon_meta) discover
[0.196s] Level 1:colcon.colcon_core.package_discovery:discover_packages(recursive) discover
[0.196s] INFO:colcon.colcon_core.package_discovery:Crawling recursively for packages in '/home/shivam/ROS2_sonar_module'
[0.196s] Level 1:colcon.colcon_core.package_identification:_identify(.) by extensions ['ignore', 'ignore_ament_install']
[0.196s] Level 1:colcon.colcon_core.package_identification:_identify(.) by extension 'ignore'
[0.196s] Level 1:colcon.colcon_core.package_identification:_identify(.) by extension 'ignore_ament_install'
[0.196s] Level 1:colcon.colcon_core.package_identification:_identify(.) by extensions ['colcon_pkg']
[0.196s] Level 1:colcon.colcon_core.package_identification:_identify(.) by extension 'colcon_pkg'
[0.196s] Level 1:colcon.colcon_core.package_identification:_identify(.) by extensions ['colcon_meta']
[0.196s] Level 1:colcon.colcon_core.package_identification:_identify(.) by extension 'colcon_meta'
[0.196s] Level 1:colcon.colcon_core.package_identification:_identify(.) by extensions ['ros']
[0.196s] Level 1:colcon.colcon_core.package_identification:_identify(.) by extension 'ros'
[0.205s] Level 1:colcon.colcon_core.package_identification:_identify(.) by extensions ['cmake', 'python']
[0.205s] Level 1:colcon.colcon_core.package_identification:_identify(.) by extension 'cmake'
[0.205s] Level 1:colcon.colcon_core.package_identification:_identify(.) by extension 'python'
[0.205s] Level 1:colcon.colcon_core.package_identification:_identify(.) by extensions ['python_setup_py']
[0.205s] Level 1:colcon.colcon_core.package_identification:_identify(.) by extension 'python_setup_py'
[0.205s] Level 1:colcon.colcon_core.package_identification:_identify(build) by extensions ['ignore', 'ignore_ament_install']
[0.205s] Level 1:colcon.colcon_core.package_identification:_identify(build) by extension 'ignore'
[0.205s] Level 1:colcon.colcon_core.package_identification:_identify(build) ignored
[0.205s] Level 1:colcon.colcon_core.package_identification:_identify(install) by extensions ['ignore', 'ignore_ament_install']
[0.205s] Level 1:colcon.colcon_core.package_identification:_identify(install) by extension 'ignore'
[0.205s] Level 1:colcon.colcon_core.package_identification:_identify(install) ignored
[0.205s] Level 1:colcon.colcon_core.package_identification:_identify(log) by extensions ['ignore', 'ignore_ament_install']
[0.205s] Level 1:colcon.colcon_core.package_identification:_identify(log) by extension 'ignore'
[0.205s] Level 1:colcon.colcon_core.package_identification:_identify(log) ignored
[0.205s] Level 1:colcon.colcon_core.package_identification:_identify(src) by extensions ['ignore', 'ignore_ament_install']
[0.205s] Level 1:colcon.colcon_core.package_identification:_identify(src) by extension 'ignore'
[0.206s] Level 1:colcon.colcon_core.package_identification:_identify(src) by extension 'ignore_ament_install'
[0.206s] Level 1:colcon.colcon_core.package_identification:_identify(src) by extensions ['colcon_pkg']
[0.206s] Level 1:colcon.colcon_core.package_identification:_identify(src) by extension 'colcon_pkg'
[0.206s] Level 1:colcon.colcon_core.package_identification:_identify(src) by extensions ['colcon_meta']
[0.206s] Level 1:colcon.colcon_core.package_identification:_identify(src) by extension 'colcon_meta'
[0.206s] Level 1:colcon.colcon_core.package_identification:_identify(src) by extensions ['ros']
[0.206s] Level 1:colcon.colcon_core.package_identification:_identify(src) by extension 'ros'
[0.206s] Level 1:colcon.colcon_core.package_identification:_identify(src) by extensions ['cmake', 'python']
[0.206s] Level 1:colcon.colcon_core.package_identification:_identify(src) by extension 'cmake'
[0.206s] Level 1:colcon.colcon_core.package_identification:_identify(src) by extension 'python'
[0.206s] Level 1:colcon.colcon_core.package_identification:_identify(src) by extensions ['python_setup_py']
[0.206s] Level 1:colcon.colcon_core.package_identification:_identify(src) by extension 'python_setup_py'
[0.206s] Level 1:colcon.colcon_core.package_identification:_identify(src/nps_uw_multibeam_sonar_converted) by extensions ['ignore', 'ignore_ament_install']
[0.206s] Level 1:colcon.colcon_core.package_identification:_identify(src/nps_uw_multibeam_sonar_converted) by extension 'ignore'
[0.206s] Level 1:colcon.colcon_core.package_identification:_identify(src/nps_uw_multibeam_sonar_converted) by extension 'ignore_ament_install'
[0.206s] Level 1:colcon.colcon_core.package_identification:_identify(src/nps_uw_multibeam_sonar_converted) by extensions ['colcon_pkg']
[0.206s] Level 1:colcon.colcon_core.package_identification:_identify(src/nps_uw_multibeam_sonar_converted) by extension 'colcon_pkg'
[0.206s] Level 1:colcon.colcon_core.package_identification:_identify(src/nps_uw_multibeam_sonar_converted) by extensions ['colcon_meta']
[0.206s] Level 1:colcon.colcon_core.package_identification:_identify(src/nps_uw_multibeam_sonar_converted) by extension 'colcon_meta'
[0.206s] Level 1:colcon.colcon_core.package_identification:_identify(src/nps_uw_multibeam_sonar_converted) by extensions ['ros']
[0.206s] Level 1:colcon.colcon_core.package_identification:_identify(src/nps_uw_multibeam_sonar_converted) by extension 'ros'
[0.208s] DEBUG:colcon.colcon_core.package_identification:Package 'src/nps_uw_multibeam_sonar_converted' with type 'ros.ament_cmake' and name 'nps_uw_multibeam_sonar_converted'
[0.208s] Level 1:colcon.colcon_core.package_discovery:discover_packages(recursive) using defaults
[0.208s] Level 1:colcon.colcon_core.package_discovery:discover_packages(ignore) discover
[0.208s] Level 1:colcon.colcon_core.package_discovery:discover_packages(ignore) using defaults
[0.208s] Level 1:colcon.colcon_core.package_discovery:discover_packages(path) discover
[0.208s] Level 1:colcon.colcon_core.package_discovery:discover_packages(path) using defaults
[0.230s] Level 1:colcon.colcon_core.package_discovery:discover_packages(prefix_path) check parameters
[0.230s] Level 1:colcon.colcon_core.package_discovery:discover_packages(prefix_path) discover
[0.231s] WARNING:colcon.colcon_ros.prefix_path.ament:The path '/home/shivam/ROS2_sonar_module/install/nps_uw_multibeam_sonar_converted' in the environment variable AMENT_PREFIX_PATH doesn't exist
[0.231s] WARNING:colcon.colcon_ros.prefix_path.catkin:The path '/home/shivam/ROS2_sonar_module/install/nps_uw_multibeam_sonar_converted' in the environment variable CMAKE_PREFIX_PATH doesn't exist
[0.231s] DEBUG:colcon.colcon_installed_package_information.package_discovery:Found 0 installed packages in /home/shivam/ROS2_sonar_module/install
[0.232s] DEBUG:colcon.colcon_installed_package_information.package_discovery:Found 271 installed packages in /opt/ros/humble
[0.234s] Level 1:colcon.colcon_core.package_discovery:discover_packages(prefix_path) using defaults
[0.260s] Level 5:colcon.colcon_core.verb:set package 'nps_uw_multibeam_sonar_converted' build argument 'cmake_args' from command line to 'None'
[0.260s] Level 5:colcon.colcon_core.verb:set package 'nps_uw_multibeam_sonar_converted' build argument 'cmake_target' from command line to 'None'
[0.260s] Level 5:colcon.colcon_core.verb:set package 'nps_uw_multibeam_sonar_converted' build argument 'cmake_target_skip_unavailable' from command line to 'False'
[0.260s] Level 5:colcon.colcon_core.verb:set package 'nps_uw_multibeam_sonar_converted' build argument 'cmake_clean_cache' from command line to 'False'
[0.260s] Level 5:colcon.colcon_core.verb:set package 'nps_uw_multibeam_sonar_converted' build argument 'cmake_clean_first' from command line to 'False'
[0.260s] Level 5:colcon.colcon_core.verb:set package 'nps_uw_multibeam_sonar_converted' build argument 'cmake_force_configure' from command line to 'False'
[0.260s] Level 5:colcon.colcon_core.verb:set package 'nps_uw_multibeam_sonar_converted' build argument 'ament_cmake_args' from command line to 'None'
[0.261s] Level 5:colcon.colcon_core.verb:set package 'nps_uw_multibeam_sonar_converted' build argument 'catkin_cmake_args' from command line to 'None'
[0.261s] Level 5:colcon.colcon_core.verb:set package 'nps_uw_multibeam_sonar_converted' build argument 'catkin_skip_building_tests' from command line to 'False'
[0.261s] DEBUG:colcon.colcon_core.verb:Building package 'nps_uw_multibeam_sonar_converted' with the following arguments: {'ament_cmake_args': None, 'build_base': '/home/shivam/ROS2_sonar_module/build/nps_uw_multibeam_sonar_converted', 'catkin_cmake_args': None, 'catkin_skip_building_tests': False, 'cmake_args': None, 'cmake_clean_cache': False, 'cmake_clean_first': False, 'cmake_force_configure': False, 'cmake_target': None, 'cmake_target_skip_unavailable': False, 'install_base': '/home/shivam/ROS2_sonar_module/install/nps_uw_multibeam_sonar_converted', 'merge_install': False, 'path': '/home/shivam/ROS2_sonar_module/src/nps_uw_multibeam_sonar_converted', 'symlink_install': False, 'test_result_base': None}
[0.261s] INFO:colcon.colcon_core.executor:Executing jobs using 'parallel' executor
[0.261s] DEBUG:colcon.colcon_parallel_executor.executor.parallel:run_until_complete
[0.262s] INFO:colcon.colcon_ros.task.ament_cmake.build:Building ROS package in '/home/shivam/ROS2_sonar_module/src/nps_uw_multibeam_sonar_converted' with build type 'ament_cmake'
[0.262s] INFO:colcon.colcon_cmake.task.cmake.build:Building CMake package in '/home/shivam/ROS2_sonar_module/src/nps_uw_multibeam_sonar_converted'
[0.263s] INFO:colcon.colcon_core.plugin_system:Skipping extension 'colcon_core.shell.bat': Not used on non-Windows systems
[0.263s] INFO:colcon.colcon_core.shell:Skip shell extension 'powershell' for command environment: Not usable outside of PowerShell
[0.263s] DEBUG:colcon.colcon_core.shell:Skip shell extension 'dsv' for command environment
[0.270s] DEBUG:colcon.colcon_core.event_handler.log_command:Invoking command in '/home/shivam/ROS2_sonar_module/build/nps_uw_multibeam_sonar_converted': CMAKE_PREFIX_PATH=${CMAKE_PREFIX_PATH}:/opt/ros/humble /usr/bin/cmake /home/shivam/ROS2_sonar_module/src/nps_uw_multibeam_sonar_converted -DCMAKE_INSTALL_PREFIX=/home/shivam/ROS2_sonar_module/install/nps_uw_multibeam_sonar_converted
[1.123s] DEBUG:colcon.colcon_core.event_handler.log_command:Invoked command in '/home/shivam/ROS2_sonar_module/build/nps_uw_multibeam_sonar_converted' returned '0': CMAKE_PREFIX_PATH=${CMAKE_PREFIX_PATH}:/opt/ros/humble /usr/bin/cmake /home/shivam/ROS2_sonar_module/src/nps_uw_multibeam_sonar_converted -DCMAKE_INSTALL_PREFIX=/home/shivam/ROS2_sonar_module/install/nps_uw_multibeam_sonar_converted
[1.124s] DEBUG:colcon.colcon_core.event_handler.log_command:Invoking command in '/home/shivam/ROS2_sonar_module/build/nps_uw_multibeam_sonar_converted': CMAKE_PREFIX_PATH=${CMAKE_PREFIX_PATH}:/opt/ros/humble /usr/bin/cmake --build /home/shivam/ROS2_sonar_module/build/nps_uw_multibeam_sonar_converted -- -j16 -l16
[5.366s] DEBUG:colcon.colcon_core.event_handler.log_command:Invoked command in '/home/shivam/ROS2_sonar_module/build/nps_uw_multibeam_sonar_converted' returned '0': CMAKE_PREFIX_PATH=${CMAKE_PREFIX_PATH}:/opt/ros/humble /usr/bin/cmake --build /home/shivam/ROS2_sonar_module/build/nps_uw_multibeam_sonar_converted -- -j16 -l16
[5.374s] DEBUG:colcon.colcon_core.event_handler.log_command:Invoking command in '/home/shivam/ROS2_sonar_module/build/nps_uw_multibeam_sonar_converted': CMAKE_PREFIX_PATH=${CMAKE_PREFIX_PATH}:/opt/ros/humble /usr/bin/cmake --install /home/shivam/ROS2_sonar_module/build/nps_uw_multibeam_sonar_converted
[5.386s] Level 1:colcon.colcon_core.environment:create_environment_scripts_only(nps_uw_multibeam_sonar_converted)
[5.387s] DEBUG:colcon.colcon_core.event_handler.log_command:Invoked command in '/home/shivam/ROS2_sonar_module/build/nps_uw_multibeam_sonar_converted' returned '0': CMAKE_PREFIX_PATH=${CMAKE_PREFIX_PATH}:/opt/ros/humble /usr/bin/cmake --install /home/shivam/ROS2_sonar_module/build/nps_uw_multibeam_sonar_converted
[5.388s] Level 1:colcon.colcon_core.environment:checking '/home/shivam/ROS2_sonar_module/install/nps_uw_multibeam_sonar_converted' for CMake module files
[5.389s] Level 1:colcon.colcon_core.environment:checking '/home/shivam/ROS2_sonar_module/install/nps_uw_multibeam_sonar_converted' for CMake config files
[5.389s] Level 1:colcon.colcon_core.shell:create_environment_hook('nps_uw_multibeam_sonar_converted', 'cmake_prefix_path')
[5.389s] INFO:colcon.colcon_core.shell:Creating environment hook '/home/shivam/ROS2_sonar_module/install/nps_uw_multibeam_sonar_converted/share/nps_uw_multibeam_sonar_converted/hook/cmake_prefix_path.ps1'
[5.389s] INFO:colcon.colcon_core.shell:Creating environment descriptor '/home/shivam/ROS2_sonar_module/install/nps_uw_multibeam_sonar_converted/share/nps_uw_multibeam_sonar_converted/hook/cmake_prefix_path.dsv'
[5.390s] INFO:colcon.colcon_core.shell:Creating environment hook '/home/shivam/ROS2_sonar_module/install/nps_uw_multibeam_sonar_converted/share/nps_uw_multibeam_sonar_converted/hook/cmake_prefix_path.sh'
[5.390s] Level 1:colcon.colcon_core.environment:checking '/home/shivam/ROS2_sonar_module/install/nps_uw_multibeam_sonar_converted/lib'
[5.390s] Level 1:colcon.colcon_core.shell:create_environment_hook('nps_uw_multibeam_sonar_converted', 'ld_library_path_lib')
[5.390s] INFO:colcon.colcon_core.shell:Creating environment hook '/home/shivam/ROS2_sonar_module/install/nps_uw_multibeam_sonar_converted/share/nps_uw_multibeam_sonar_converted/hook/ld_library_path_lib.ps1'
[5.391s] INFO:colcon.colcon_core.shell:Creating environment descriptor '/home/shivam/ROS2_sonar_module/install/nps_uw_multibeam_sonar_converted/share/nps_uw_multibeam_sonar_converted/hook/ld_library_path_lib.dsv'
[5.391s] INFO:colcon.colcon_core.shell:Creating environment hook '/home/shivam/ROS2_sonar_module/install/nps_uw_multibeam_sonar_converted/share/nps_uw_multibeam_sonar_converted/hook/ld_library_path_lib.sh'
[5.391s] Level 1:colcon.colcon_core.environment:checking '/home/shivam/ROS2_sonar_module/install/nps_uw_multibeam_sonar_converted/bin'
[5.391s] Level 1:colcon.colcon_core.environment:checking '/home/shivam/ROS2_sonar_module/install/nps_uw_multibeam_sonar_converted/lib/pkgconfig/nps_uw_multibeam_sonar_converted.pc'
[5.391s] Level 1:colcon.colcon_core.environment:checking '/home/shivam/ROS2_sonar_module/install/nps_uw_multibeam_sonar_converted/lib/python3.10/site-packages'
[5.392s] Level 1:colcon.colcon_core.environment:checking '/home/shivam/ROS2_sonar_module/install/nps_uw_multibeam_sonar_converted/bin'
[5.392s] INFO:colcon.colcon_core.shell:Creating package script '/home/shivam/ROS2_sonar_module/install/nps_uw_multibeam_sonar_converted/share/nps_uw_multibeam_sonar_converted/package.ps1'
[5.392s] INFO:colcon.colcon_core.shell:Creating package descriptor '/home/shivam/ROS2_sonar_module/install/nps_uw_multibeam_sonar_converted/share/nps_uw_multibeam_sonar_converted/package.dsv'
[5.393s] INFO:colcon.colcon_core.shell:Creating package script '/home/shivam/ROS2_sonar_module/install/nps_uw_multibeam_sonar_converted/share/nps_uw_multibeam_sonar_converted/package.sh'
[5.393s] INFO:colcon.colcon_core.shell:Creating package script '/home/shivam/ROS2_sonar_module/install/nps_uw_multibeam_sonar_converted/share/nps_uw_multibeam_sonar_converted/package.bash'
[5.394s] INFO:colcon.colcon_core.shell:Creating package script '/home/shivam/ROS2_sonar_module/install/nps_uw_multibeam_sonar_converted/share/nps_uw_multibeam_sonar_converted/package.zsh'
[5.394s] Level 1:colcon.colcon_core.environment:create_file_with_runtime_dependencies(/home/shivam/ROS2_sonar_module/install/nps_uw_multibeam_sonar_converted/share/colcon-core/packages/nps_uw_multibeam_sonar_converted)
[5.395s] Level 1:colcon.colcon_core.environment:create_environment_scripts_only(nps_uw_multibeam_sonar_converted)
[5.395s] Level 1:colcon.colcon_core.environment:checking '/home/shivam/ROS2_sonar_module/install/nps_uw_multibeam_sonar_converted' for CMake module files
[5.395s] Level 1:colcon.colcon_core.environment:checking '/home/shivam/ROS2_sonar_module/install/nps_uw_multibeam_sonar_converted' for CMake config files
[5.395s] Level 1:colcon.colcon_core.shell:create_environment_hook('nps_uw_multibeam_sonar_converted', 'cmake_prefix_path')
[5.396s] INFO:colcon.colcon_core.shell:Creating environment hook '/home/shivam/ROS2_sonar_module/install/nps_uw_multibeam_sonar_converted/share/nps_uw_multibeam_sonar_converted/hook/cmake_prefix_path.ps1'
[5.396s] INFO:colcon.colcon_core.shell:Creating environment descriptor '/home/shivam/ROS2_sonar_module/install/nps_uw_multibeam_sonar_converted/share/nps_uw_multibeam_sonar_converted/hook/cmake_prefix_path.dsv'
[5.396s] INFO:colcon.colcon_core.shell:Creating environment hook '/home/shivam/ROS2_sonar_module/install/nps_uw_multibeam_sonar_converted/share/nps_uw_multibeam_sonar_converted/hook/cmake_prefix_path.sh'
[5.396s] Level 1:colcon.colcon_core.environment:checking '/home/shivam/ROS2_sonar_module/install/nps_uw_multibeam_sonar_converted/lib'
[5.397s] Level 1:colcon.colcon_core.shell:create_environment_hook('nps_uw_multibeam_sonar_converted', 'ld_library_path_lib')
[5.397s] INFO:colcon.colcon_core.shell:Creating environment hook '/home/shivam/ROS2_sonar_module/install/nps_uw_multibeam_sonar_converted/share/nps_uw_multibeam_sonar_converted/hook/ld_library_path_lib.ps1'
[5.397s] INFO:colcon.colcon_core.shell:Creating environment descriptor '/home/shivam/ROS2_sonar_module/install/nps_uw_multibeam_sonar_converted/share/nps_uw_multibeam_sonar_converted/hook/ld_library_path_lib.dsv'
[5.397s] INFO:colcon.colcon_core.shell:Creating environment hook '/home/shivam/ROS2_sonar_module/install/nps_uw_multibeam_sonar_converted/share/nps_uw_multibeam_sonar_converted/hook/ld_library_path_lib.sh'
[5.397s] Level 1:colcon.colcon_core.environment:checking '/home/shivam/ROS2_sonar_module/install/nps_uw_multibeam_sonar_converted/bin'
[5.398s] Level 1:colcon.colcon_core.environment:checking '/home/shivam/ROS2_sonar_module/install/nps_uw_multibeam_sonar_converted/lib/pkgconfig/nps_uw_multibeam_sonar_converted.pc'
[5.398s] Level 1:colcon.colcon_core.environment:checking '/home/shivam/ROS2_sonar_module/install/nps_uw_multibeam_sonar_converted/lib/python3.10/site-packages'
[5.398s] Level 1:colcon.colcon_core.environment:checking '/home/shivam/ROS2_sonar_module/install/nps_uw_multibeam_sonar_converted/bin'
[5.398s] INFO:colcon.colcon_core.shell:Creating package script '/home/shivam/ROS2_sonar_module/install/nps_uw_multibeam_sonar_converted/share/nps_uw_multibeam_sonar_converted/package.ps1'
[5.398s] INFO:colcon.colcon_core.shell:Creating package descriptor '/home/shivam/ROS2_sonar_module/install/nps_uw_multibeam_sonar_converted/share/nps_uw_multibeam_sonar_converted/package.dsv'
[5.399s] INFO:colcon.colcon_core.shell:Creating package script '/home/shivam/ROS2_sonar_module/install/nps_uw_multibeam_sonar_converted/share/nps_uw_multibeam_sonar_converted/package.sh'
[5.399s] INFO:colcon.colcon_core.shell:Creating package script '/home/shivam/ROS2_sonar_module/install/nps_uw_multibeam_sonar_converted/share/nps_uw_multibeam_sonar_converted/package.bash'
[5.399s] INFO:colcon.colcon_core.shell:Creating package script '/home/shivam/ROS2_sonar_module/install/nps_uw_multibeam_sonar_converted/share/nps_uw_multibeam_sonar_converted/package.zsh'
[5.399s] Level 1:colcon.colcon_core.environment:create_file_with_runtime_dependencies(/home/shivam/ROS2_sonar_module/install/nps_uw_multibeam_sonar_converted/share/colcon-core/packages/nps_uw_multibeam_sonar_converted)
[5.400s] DEBUG:colcon.colcon_parallel_executor.executor.parallel:closing loop
[5.400s] DEBUG:colcon.colcon_parallel_executor.executor.parallel:loop closed
[5.400s] DEBUG:colcon.colcon_parallel_executor.executor.parallel:run_until_complete finished with '0'
[5.400s] DEBUG:colcon.colcon_core.event_reactor:joining thread
[5.404s] INFO:colcon.colcon_core.plugin_system:Skipping extension 'colcon_notification.desktop_notification.terminal_notifier': Not used on non-Darwin systems
[5.404s] INFO:colcon.colcon_core.plugin_system:Skipping extension 'colcon_notification.desktop_notification.win32': Not used on non-Windows systems
[5.404s] INFO:colcon.colcon_notification.desktop_notification:Sending desktop notification using 'notify2'
[5.412s] DEBUG:colcon.colcon_core.event_reactor:joined thread
[5.413s] INFO:colcon.colcon_core.shell:Creating prefix script '/home/shivam/ROS2_sonar_module/install/local_setup.ps1'
[5.413s] INFO:colcon.colcon_core.shell:Creating prefix util module '/home/shivam/ROS2_sonar_module/install/_local_setup_util_ps1.py'
[5.414s] INFO:colcon.colcon_core.shell:Creating prefix chain script '/home/shivam/ROS2_sonar_module/install/setup.ps1'
[5.415s] INFO:colcon.colcon_core.shell:Creating prefix script '/home/shivam/ROS2_sonar_module/install/local_setup.sh'
[5.416s] INFO:colcon.colcon_core.shell:Creating prefix util module '/home/shivam/ROS2_sonar_module/install/_local_setup_util_sh.py'
[5.416s] INFO:colcon.colcon_core.shell:Creating prefix chain script '/home/shivam/ROS2_sonar_module/install/setup.sh'
[5.417s] INFO:colcon.colcon_core.shell:Creating prefix script '/home/shivam/ROS2_sonar_module/install/local_setup.bash'
[5.417s] INFO:colcon.colcon_core.shell:Creating prefix chain script '/home/shivam/ROS2_sonar_module/install/setup.bash'
[5.417s] INFO:colcon.colcon_core.shell:Creating prefix script '/home/shivam/ROS2_sonar_module/install/local_setup.zsh'
[5.418s] INFO:colcon.colcon_core.shell:Creating prefix chain script '/home/shivam/ROS2_sonar_module/install/setup.zsh'
