[0.008s] Invoking command in '/home/shivam/ROS2_sonar_module/build/nps_uw_multibeam_sonar_converted': CMAKE_PREFIX_PATH=/opt/ros/humble /usr/bin/cmake /home/shivam/ROS2_sonar_module/src/nps_uw_multibeam_sonar_converted -DCMAKE_INSTALL_PREFIX=/home/shivam/ROS2_sonar_module/install/nps_uw_multibeam_sonar_converted
[0.020s] -- Found ament_cmake: 1.3.11 (/opt/ros/humble/share/ament_cmake/cmake)
[0.108s] -- Found pluginlib: 5.1.0 (/opt/ros/humble/share/pluginlib/cmake)
[0.131s] -- Found rclcpp: 16.0.11 (/opt/ros/humble/share/rclcpp/cmake)
[0.143s] -- Found rosidl_generator_c: 3.1.6 (/opt/ros/humble/share/rosidl_generator_c/cmake)
[0.145s] -- Found rosidl_adapter: 3.1.6 (/opt/ros/humble/share/rosidl_adapter/cmake)
[0.149s] -- Found rosidl_generator_cpp: 3.1.6 (/opt/ros/humble/share/rosidl_generator_cpp/cmake)
[0.156s] -- Using all available rosidl_typesupport_c: rosidl_typesupport_fastrtps_c;rosidl_typesupport_introspection_c
[0.163s] -- Using all available rosidl_typesupport_cpp: rosidl_typesupport_fastrtps_cpp;rosidl_typesupport_introspection_cpp
[0.186s] -- Found rmw_implementation_cmake: 6.1.2 (/opt/ros/humble/share/rmw_implementation_cmake/cmake)
[0.186s] -- Found rmw_fastrtps_cpp: 6.2.7 (/opt/ros/humble/share/rmw_fastrtps_cpp/cmake)
[0.200s] -- Found TinyXML2 via Config file: TinyXML2_DIR-NOTFOUND
[0.207s] -- Found TinyXML2 via Config file: TinyXML2_DIR-NOTFOUND
[0.219s] -- Found TinyXML2 via Config file: TinyXML2_DIR-NOTFOUND
[0.226s] -- Found TinyXML2 via Config file: TinyXML2_DIR-NOTFOUND
[0.235s] -- Using RMW implementation 'rmw_fastrtps_cpp' as default
[0.268s] -- Found gazebo_ros: 3.7.0 (/opt/ros/humble/share/gazebo_ros/cmake)
[0.291s] -- Found DART: /usr/include (Required is at least version "6.6") found components: dart 
[0.312s] -- Found Protobuf: /usr/lib/x86_64-linux-gnu/libprotobuf.so (found version "3.12.4") 
[0.313s] -- Looking for ignition-math6 -- found version 6.15.1
[0.316s] -- Searching for dependencies of ignition-math6
[0.317s] -- Looking for OGRE...
[0.323s] -- Found Ogre Ghadamon (1.9.0)
[0.323s] -- Found OGRE: optimized;/usr/lib/x86_64-linux-gnu/libOgreMain.so;debug;/usr/lib/x86_64-linux-gnu/libOgreMain.so
[0.330s] -- Looking for OGRE_Paging...
[0.330s] -- Found OGRE_Paging: optimized;/usr/lib/x86_64-linux-gnu/libOgrePaging.so;debug;/usr/lib/x86_64-linux-gnu/libOgrePaging.so
[0.330s] -- Looking for OGRE_Terrain...
[0.330s] -- Found OGRE_Terrain: optimized;/usr/lib/x86_64-linux-gnu/libOgreTerrain.so;debug;/usr/lib/x86_64-linux-gnu/libOgreTerrain.so
[0.330s] -- Looking for OGRE_Property...
[0.330s] -- Found OGRE_Property: optimized;/usr/lib/x86_64-linux-gnu/libOgreProperty.so;debug;/usr/lib/x86_64-linux-gnu/libOgreProperty.so
[0.330s] -- Looking for OGRE_RTShaderSystem...
[0.330s] -- Found OGRE_RTShaderSystem: optimized;/usr/lib/x86_64-linux-gnu/libOgreRTShaderSystem.so;debug;/usr/lib/x86_64-linux-gnu/libOgreRTShaderSystem.so
[0.330s] -- Looking for OGRE_Volume...
[0.330s] -- Found OGRE_Volume: optimized;/usr/lib/x86_64-linux-gnu/libOgreVolume.so;debug;/usr/lib/x86_64-linux-gnu/libOgreVolume.so
[0.330s] -- Looking for OGRE_Overlay...
[0.330s] -- Found OGRE_Overlay: optimized;/usr/lib/x86_64-linux-gnu/libOgreOverlay.so;debug;/usr/lib/x86_64-linux-gnu/libOgreOverlay.so
[0.398s] -- Looking for ignition-math6 -- found version 6.15.1
[0.398s] -- Looking for ignition-transport8 -- found version 8.2.1
[0.399s] -- Searching for dependencies of ignition-transport8
[0.414s] -- Found Protobuf: /usr/lib/x86_64-linux-gnu/libprotobuf.so (found suitable version "3.12.4", minimum required is "3") 
[0.423s] -- Config-file not installed for ZeroMQ -- checking for pkg-config
[0.427s] -- Checking for module 'libzmq >= 4'
[0.439s] --   Found libzmq , version 4.3.4
[0.476s] -- Checking for module 'uuid'
[0.486s] --   Found uuid, version 2.37.2
[0.516s] -- Looking for ignition-msgs5 -- found version 5.8.1
[0.517s] -- Searching for dependencies of ignition-msgs5
[0.533s] -- Looking for ignition-math6 -- found version 6.15.1
[0.539s] -- Looking for ignition-msgs5 -- found version 5.8.1
[0.539s] -- Looking for ignition-common3 -- found version 3.14.0
[0.539s] -- Searching for dependencies of ignition-common3
[0.539s] -- Looking for dlfcn.h - found
[0.540s] -- Looking for libdl - found
[0.548s] -- Searching for <ignition-common3> component [graphics]
[0.548s] -- Looking for ignition-common3-graphics -- found version 3.14.0
[0.549s] -- Searching for dependencies of ignition-common3-graphics
[0.549s] -- Looking for ignition-math6 -- found version 6.15.1
[0.550s] -- Looking for ignition-fuel_tools4 -- found version 4.4.0
[0.550s] -- Searching for dependencies of ignition-fuel_tools4
[0.579s] -- Checking for module 'jsoncpp'
[0.591s] --   Found jsoncpp, version 1.9.5
[0.624s] -- Checking for module 'libzip'
[0.637s] --   Found libzip, version 1.7.3
[0.666s] -- Looking for ignition-common3 -- found version 3.14.0
[0.666s] -- Looking for ignition-math6 -- found version 6.15.1
[0.667s] -- Looking for ignition-msgs5 -- found version 5.8.1
[0.668s] -- Gazebo version: 11.10
[0.669s] -- Found sensor_msgs: 4.2.4 (/opt/ros/humble/share/sensor_msgs/cmake)
[0.688s] -- Found marine_acoustic_msgs: 2.1.0 (/opt/ros/humble/share/marine_acoustic_msgs/cmake)
[0.703s] -- Found cv_bridge: 3.2.1 (/opt/ros/humble/share/cv_bridge/cmake)
[0.705s] -- Found pcl_conversions: 2.4.5 (/opt/ros/humble/share/pcl_conversions/cmake)
[0.731s] -- Eigen found (include: /usr/include/eigen3, version: 3.4.0)
[0.753s] -- FLANN found (include: /usr/include, lib: /usr/lib/x86_64-linux-gnu/libflann_cpp.so)
[0.975s] -- OpenNI found (version: 1.5.4.0, include: /usr/include/ni, lib: /usr/lib/libOpenNI.so;libusb::libusb)
[0.980s] -- OpenNI2 found (version: 2.2.0.33, include: /usr/include/openni2, lib: /usr/lib/x86_64-linux-gnu/libOpenNI2.so;libusb::libusb)
[1.093s] -- Eigen found (include: /usr/include/eigen3, version: 3.4.0)
[1.098s] -- OpenNI found (version: 1.5.4.0, include: /usr/include/ni, lib: /usr/lib/libOpenNI.so;libusb::libusb)
[1.103s] -- OpenNI2 found (version: 2.2.0.33, include: /usr/include/openni2, lib: /usr/lib/x86_64-linux-gnu/libOpenNI2.so;libusb::libusb)
[1.208s] -- Found Qhull version 8.0.2
[1.317s] -- OpenNI found (version: 1.5.4.0, include: /usr/include/ni, lib: /usr/lib/libOpenNI.so;libusb::libusb)
[1.440s] -- Found ament_lint_auto: 0.12.11 (/opt/ros/humble/share/ament_lint_auto/cmake)
[1.495s] -- Added test 'cppcheck' to perform static code analysis on C / C++ code
[1.496s] -- Configured cppcheck include dirs: /home/shivam/ROS2_sonar_module/src/nps_uw_multibeam_sonar_converted/include
[1.496s] -- Configured cppcheck exclude dirs and/or files: 
[1.496s] -- Added test 'lint_cmake' to check CMake code style
[1.497s] -- Added test 'uncrustify' to check C / C++ code style
[1.497s] -- Configured uncrustify additional arguments: 
[1.497s] -- Added test 'xmllint' to check XML markup files
[1.498s] -- Configuring done
[1.571s] -- Generating done
[1.580s] -- Build files have been written to: /home/shivam/ROS2_sonar_module/build/nps_uw_multibeam_sonar_converted
[1.594s] Invoked command in '/home/shivam/ROS2_sonar_module/build/nps_uw_multibeam_sonar_converted' returned '0': CMAKE_PREFIX_PATH=/opt/ros/humble /usr/bin/cmake /home/shivam/ROS2_sonar_module/src/nps_uw_multibeam_sonar_converted -DCMAKE_INSTALL_PREFIX=/home/shivam/ROS2_sonar_module/install/nps_uw_multibeam_sonar_converted
[1.596s] Invoking command in '/home/shivam/ROS2_sonar_module/build/nps_uw_multibeam_sonar_converted': CMAKE_PREFIX_PATH=/opt/ros/humble /usr/bin/cmake --build /home/shivam/ROS2_sonar_module/build/nps_uw_multibeam_sonar_converted -- -j16 -l16
[1.643s] [ 25%] [32mBuilding CXX object CMakeFiles/p900_sonar_plugin.dir/src/p900_sonar_plugin.cpp.o[0m
[1.827s] [01m[K/home/shivam/ROS2_sonar_module/src/nps_uw_multibeam_sonar_converted/src/p900_sonar_plugin.cpp:2:10:[m[K [01;31m[Kfatal error: [m[Kros/package.h: No such file or directory
[1.827s]     2 | #include [01;31m[K"ros/package.h"[m[K
[1.827s]       |          [01;31m[K^~~~~~~~~~~~~~~[m[K
[1.827s] compilation terminated.
[1.837s] gmake[2]: *** [CMakeFiles/p900_sonar_plugin.dir/build.make:76: CMakeFiles/p900_sonar_plugin.dir/src/p900_sonar_plugin.cpp.o] Error 1
[1.837s] gmake[1]: *** [CMakeFiles/Makefile2:139: CMakeFiles/p900_sonar_plugin.dir/all] Error 2
[1.837s] gmake: *** [Makefile:146: all] Error 2
[1.840s] Invoked command in '/home/shivam/ROS2_sonar_module/build/nps_uw_multibeam_sonar_converted' returned '2': CMAKE_PREFIX_PATH=/opt/ros/humble /usr/bin/cmake --build /home/shivam/ROS2_sonar_module/build/nps_uw_multibeam_sonar_converted -- -j16 -l16
