[0.228s] Invoking command in '/home/shivam/ros2Module_ws/build/turtlebot3_fake_node': CMAKE_PREFIX_PATH=/opt/ros/humble /usr/bin/cmake /home/shivam/ros2Module_ws/src/turtlebot3_simulations/turtlebot3_fake_node -DCMAKE_INSTALL_PREFIX=/home/shivam/ros2Module_ws/install/turtlebot3_fake_node
[0.497s] -- The C compiler identification is GNU 11.4.0
[0.497s] -- The CXX compiler identification is GNU 11.4.0
[0.497s] -- Detecting C compiler ABI info
[0.497s] -- Detecting C compiler ABI info - done
[0.497s] -- Check for working C compiler: /usr/bin/cc - skipped
[0.497s] -- Detecting C compile features
[0.498s] -- Detecting C compile features - done
[0.498s] -- Detecting CXX compiler ABI info
[0.505s] -- Detecting CXX compiler ABI info - done
[0.512s] -- Check for working CXX compiler: /usr/bin/c++ - skipped
[0.512s] -- Detecting CXX compile features
[0.512s] -- Detecting CXX compile features - done
[0.515s] -- Found ament_cmake: 1.3.11 (/opt/ros/humble/share/ament_cmake/cmake)
[0.712s] -- Found Python3: /usr/bin/python3 (found version "3.10.12") found components: Interpreter 
[0.803s] -- Found geometry_msgs: 4.2.4 (/opt/ros/humble/share/geometry_msgs/cmake)
[0.839s] -- Found rosidl_generator_c: 3.1.6 (/opt/ros/humble/share/rosidl_generator_c/cmake)
[0.843s] -- Found rosidl_adapter: 3.1.6 (/opt/ros/humble/share/rosidl_adapter/cmake)
[0.851s] -- Found rosidl_generator_cpp: 3.1.6 (/opt/ros/humble/share/rosidl_generator_cpp/cmake)
[0.864s] -- Using all available rosidl_typesupport_c: rosidl_typesupport_fastrtps_c;rosidl_typesupport_introspection_c
[0.877s] -- Using all available rosidl_typesupport_cpp: rosidl_typesupport_fastrtps_cpp;rosidl_typesupport_introspection_cpp
[0.913s] -- Found nav_msgs: 4.2.4 (/opt/ros/humble/share/nav_msgs/cmake)
[0.933s] -- Found rclcpp: 16.0.11 (/opt/ros/humble/share/rclcpp/cmake)
[0.969s] -- Found rmw_implementation_cmake: 6.1.2 (/opt/ros/humble/share/rmw_implementation_cmake/cmake)
[0.971s] -- Found rmw_fastrtps_cpp: 6.2.7 (/opt/ros/humble/share/rmw_fastrtps_cpp/cmake)
[1.079s] -- Found OpenSSL: /usr/lib/x86_64-linux-gnu/libcrypto.so (found version "3.0.2")  
[1.116s] -- Found FastRTPS: /opt/ros/humble/include  
[1.165s] -- Using RMW implementation 'rmw_fastrtps_cpp' as default
[1.173s] -- Looking for pthread.h
[1.260s] -- Looking for pthread.h - found
[1.260s] -- Performing Test CMAKE_HAVE_LIBC_PTHREAD
[1.353s] -- Performing Test CMAKE_HAVE_LIBC_PTHREAD - Success
[1.354s] -- Found Threads: TRUE  
[1.388s] -- Found sensor_msgs: 4.2.4 (/opt/ros/humble/share/sensor_msgs/cmake)
[1.404s] -- Found tf2: 0.25.11 (/opt/ros/humble/share/tf2/cmake)
[1.414s] -- Found tf2_msgs: 0.25.11 (/opt/ros/humble/share/tf2_msgs/cmake)
[1.451s] -- Found turtlebot3_msgs: 2.2.3 (/opt/ros/humble/share/turtlebot3_msgs/cmake)
[1.546s] -- Configuring done
[1.560s] -- Generating done
[1.564s] -- Build files have been written to: /home/shivam/ros2Module_ws/build/turtlebot3_fake_node
[1.585s] Invoked command in '/home/shivam/ros2Module_ws/build/turtlebot3_fake_node' returned '0': CMAKE_PREFIX_PATH=/opt/ros/humble /usr/bin/cmake /home/shivam/ros2Module_ws/src/turtlebot3_simulations/turtlebot3_fake_node -DCMAKE_INSTALL_PREFIX=/home/shivam/ros2Module_ws/install/turtlebot3_fake_node
[1.587s] Invoking command in '/home/shivam/ros2Module_ws/build/turtlebot3_fake_node': CMAKE_PREFIX_PATH=/opt/ros/humble /usr/bin/cmake --build /home/shivam/ros2Module_ws/build/turtlebot3_fake_node -- -j16 -l16
[1.666s] [ 50%] [32mBuilding CXX object CMakeFiles/turtlebot3_fake_node.dir/src/turtlebot3_fake_node.cpp.o[0m
[12.706s] [100%] [32m[1mLinking CXX executable turtlebot3_fake_node[0m
[13.210s] [100%] Built target turtlebot3_fake_node
[13.224s] Invoked command in '/home/shivam/ros2Module_ws/build/turtlebot3_fake_node' returned '0': CMAKE_PREFIX_PATH=/opt/ros/humble /usr/bin/cmake --build /home/shivam/ros2Module_ws/build/turtlebot3_fake_node -- -j16 -l16
[13.226s] Invoking command in '/home/shivam/ros2Module_ws/build/turtlebot3_fake_node': CMAKE_PREFIX_PATH=/opt/ros/humble /usr/bin/cmake --install /home/shivam/ros2Module_ws/build/turtlebot3_fake_node
[13.234s] -- Install configuration: ""
[13.234s] -- Installing: /home/shivam/ros2Module_ws/install/turtlebot3_fake_node/lib/turtlebot3_fake_node/turtlebot3_fake_node
[13.238s] -- Set runtime path of "/home/shivam/ros2Module_ws/install/turtlebot3_fake_node/lib/turtlebot3_fake_node/turtlebot3_fake_node" to ""
[13.238s] -- Installing: /home/shivam/ros2Module_ws/install/turtlebot3_fake_node/share/turtlebot3_fake_node/launch
[13.238s] -- Installing: /home/shivam/ros2Module_ws/install/turtlebot3_fake_node/share/turtlebot3_fake_node/launch/turtlebot3_fake_node.launch.py
[13.239s] -- Installing: /home/shivam/ros2Module_ws/install/turtlebot3_fake_node/share/turtlebot3_fake_node/launch/rviz2.launch.py
[13.239s] -- Installing: /home/shivam/ros2Module_ws/install/turtlebot3_fake_node/share/turtlebot3_fake_node/param
[13.239s] -- Installing: /home/shivam/ros2Module_ws/install/turtlebot3_fake_node/share/turtlebot3_fake_node/param/waffle_pi.yaml
[13.239s] -- Installing: /home/shivam/ros2Module_ws/install/turtlebot3_fake_node/share/turtlebot3_fake_node/param/burger.yaml
[13.239s] -- Installing: /home/shivam/ros2Module_ws/install/turtlebot3_fake_node/share/turtlebot3_fake_node/param/waffle.yaml
[13.239s] -- Installing: /home/shivam/ros2Module_ws/install/turtlebot3_fake_node/include/
[13.240s] -- Installing: /home/shivam/ros2Module_ws/install/turtlebot3_fake_node/include//turtlebot3_fake_node
[13.240s] -- Installing: /home/shivam/ros2Module_ws/install/turtlebot3_fake_node/include//turtlebot3_fake_node/turtlebot3_fake_node.hpp
[13.240s] -- Installing: /home/shivam/ros2Module_ws/install/turtlebot3_fake_node/share/ament_index/resource_index/package_run_dependencies/turtlebot3_fake_node
[13.240s] -- Installing: /home/shivam/ros2Module_ws/install/turtlebot3_fake_node/share/ament_index/resource_index/parent_prefix_path/turtlebot3_fake_node
[13.240s] -- Installing: /home/shivam/ros2Module_ws/install/turtlebot3_fake_node/share/turtlebot3_fake_node/environment/ament_prefix_path.sh
[13.240s] -- Installing: /home/shivam/ros2Module_ws/install/turtlebot3_fake_node/share/turtlebot3_fake_node/environment/ament_prefix_path.dsv
[13.240s] -- Installing: /home/shivam/ros2Module_ws/install/turtlebot3_fake_node/share/turtlebot3_fake_node/environment/path.sh
[13.241s] -- Installing: /home/shivam/ros2Module_ws/install/turtlebot3_fake_node/share/turtlebot3_fake_node/environment/path.dsv
[13.241s] -- Installing: /home/shivam/ros2Module_ws/install/turtlebot3_fake_node/share/turtlebot3_fake_node/local_setup.bash
[13.241s] -- Installing: /home/shivam/ros2Module_ws/install/turtlebot3_fake_node/share/turtlebot3_fake_node/local_setup.sh
[13.241s] -- Installing: /home/shivam/ros2Module_ws/install/turtlebot3_fake_node/share/turtlebot3_fake_node/local_setup.zsh
[13.241s] -- Installing: /home/shivam/ros2Module_ws/install/turtlebot3_fake_node/share/turtlebot3_fake_node/local_setup.dsv
[13.241s] -- Installing: /home/shivam/ros2Module_ws/install/turtlebot3_fake_node/share/turtlebot3_fake_node/package.dsv
[13.242s] -- Installing: /home/shivam/ros2Module_ws/install/turtlebot3_fake_node/share/ament_index/resource_index/packages/turtlebot3_fake_node
[13.242s] -- Installing: /home/shivam/ros2Module_ws/install/turtlebot3_fake_node/share/turtlebot3_fake_node/cmake/ament_cmake_export_include_directories-extras.cmake
[13.242s] -- Installing: /home/shivam/ros2Module_ws/install/turtlebot3_fake_node/share/turtlebot3_fake_node/cmake/ament_cmake_export_dependencies-extras.cmake
[13.242s] -- Installing: /home/shivam/ros2Module_ws/install/turtlebot3_fake_node/share/turtlebot3_fake_node/cmake/turtlebot3_fake_nodeConfig.cmake
[13.242s] -- Installing: /home/shivam/ros2Module_ws/install/turtlebot3_fake_node/share/turtlebot3_fake_node/cmake/turtlebot3_fake_nodeConfig-version.cmake
[13.243s] -- Installing: /home/shivam/ros2Module_ws/install/turtlebot3_fake_node/share/turtlebot3_fake_node/package.xml
[13.245s] Invoked command in '/home/shivam/ros2Module_ws/build/turtlebot3_fake_node' returned '0': CMAKE_PREFIX_PATH=/opt/ros/humble /usr/bin/cmake --install /home/shivam/ros2Module_ws/build/turtlebot3_fake_node
