[0.007s] Invoking command in '/home/shivam/ros2Module_ws/build/turtlebot3_simulations': AMENT_PREFIX_PATH=/home/shivam/ros2Module_ws/install/turtlebot3_gazebo:/home/shivam/ros2Module_ws/install/turtlebot3_fake_node:${AMENT_PREFIX_PATH} CMAKE_PREFIX_PATH=/home/shivam/ros2Module_ws/install/turtlebot3_gazebo:/home/shivam/ros2Module_ws/install/turtlebot3_fake_node:/opt/ros/humble /usr/bin/cmake /home/shivam/ros2Module_ws/src/turtlebot3_simulations/turtlebot3_simulations -DCMAKE_INSTALL_PREFIX=/home/shivam/ros2Module_ws/install/turtlebot3_simulations
[0.060s] -- The C compiler identification is GNU 11.4.0
[0.106s] -- The CXX compiler identification is GNU 11.4.0
[0.112s] -- Detecting C compiler ABI info
[0.176s] -- Detecting C compiler ABI info - done
[0.181s] -- Check for working C compiler: /usr/bin/cc - skipped
[0.181s] -- Detecting C compile features
[0.181s] -- Detecting C compile features - done
[0.183s] -- Detecting CXX compiler ABI info
[0.255s] -- Detecting CXX compiler ABI info - done
[0.260s] -- Check for working CXX compiler: /usr/bin/c++ - skipped
[0.261s] -- Detecting CXX compile features
[0.261s] -- Detecting CXX compile features - done
[0.263s] -- Found ament_cmake: 1.3.11 (/opt/ros/humble/share/ament_cmake/cmake)
[0.392s] -- Found Python3: /usr/bin/python3 (found version "3.10.12") found components: Interpreter 
[0.541s] -- Configuring done
[0.544s] -- Generating done
[0.546s] -- Build files have been written to: /home/shivam/ros2Module_ws/build/turtlebot3_simulations
[0.552s] Invoked command in '/home/shivam/ros2Module_ws/build/turtlebot3_simulations' returned '0': AMENT_PREFIX_PATH=/home/shivam/ros2Module_ws/install/turtlebot3_gazebo:/home/shivam/ros2Module_ws/install/turtlebot3_fake_node:${AMENT_PREFIX_PATH} CMAKE_PREFIX_PATH=/home/shivam/ros2Module_ws/install/turtlebot3_gazebo:/home/shivam/ros2Module_ws/install/turtlebot3_fake_node:/opt/ros/humble /usr/bin/cmake /home/shivam/ros2Module_ws/src/turtlebot3_simulations/turtlebot3_simulations -DCMAKE_INSTALL_PREFIX=/home/shivam/ros2Module_ws/install/turtlebot3_simulations
[0.554s] Invoking command in '/home/shivam/ros2Module_ws/build/turtlebot3_simulations': AMENT_PREFIX_PATH=/home/shivam/ros2Module_ws/install/turtlebot3_gazebo:/home/shivam/ros2Module_ws/install/turtlebot3_fake_node:${AMENT_PREFIX_PATH} CMAKE_PREFIX_PATH=/home/shivam/ros2Module_ws/install/turtlebot3_gazebo:/home/shivam/ros2Module_ws/install/turtlebot3_fake_node:/opt/ros/humble /usr/bin/cmake --build /home/shivam/ros2Module_ws/build/turtlebot3_simulations -- -j16 -l16
[0.594s] Invoked command in '/home/shivam/ros2Module_ws/build/turtlebot3_simulations' returned '0': AMENT_PREFIX_PATH=/home/shivam/ros2Module_ws/install/turtlebot3_gazebo:/home/shivam/ros2Module_ws/install/turtlebot3_fake_node:${AMENT_PREFIX_PATH} CMAKE_PREFIX_PATH=/home/shivam/ros2Module_ws/install/turtlebot3_gazebo:/home/shivam/ros2Module_ws/install/turtlebot3_fake_node:/opt/ros/humble /usr/bin/cmake --build /home/shivam/ros2Module_ws/build/turtlebot3_simulations -- -j16 -l16
[0.595s] Invoking command in '/home/shivam/ros2Module_ws/build/turtlebot3_simulations': AMENT_PREFIX_PATH=/home/shivam/ros2Module_ws/install/turtlebot3_gazebo:/home/shivam/ros2Module_ws/install/turtlebot3_fake_node:${AMENT_PREFIX_PATH} CMAKE_PREFIX_PATH=/home/shivam/ros2Module_ws/install/turtlebot3_gazebo:/home/shivam/ros2Module_ws/install/turtlebot3_fake_node:/opt/ros/humble /usr/bin/cmake --install /home/shivam/ros2Module_ws/build/turtlebot3_simulations
[0.603s] -- Install configuration: ""
[0.603s] -- Installing: /home/shivam/ros2Module_ws/install/turtlebot3_simulations/share/ament_index/resource_index/package_run_dependencies/turtlebot3_simulations
[0.603s] -- Installing: /home/shivam/ros2Module_ws/install/turtlebot3_simulations/share/ament_index/resource_index/parent_prefix_path/turtlebot3_simulations
[0.604s] -- Installing: /home/shivam/ros2Module_ws/install/turtlebot3_simulations/share/turtlebot3_simulations/environment/ament_prefix_path.sh
[0.604s] -- Installing: /home/shivam/ros2Module_ws/install/turtlebot3_simulations/share/turtlebot3_simulations/environment/ament_prefix_path.dsv
[0.604s] -- Installing: /home/shivam/ros2Module_ws/install/turtlebot3_simulations/share/turtlebot3_simulations/environment/path.sh
[0.604s] -- Installing: /home/shivam/ros2Module_ws/install/turtlebot3_simulations/share/turtlebot3_simulations/environment/path.dsv
[0.604s] -- Installing: /home/shivam/ros2Module_ws/install/turtlebot3_simulations/share/turtlebot3_simulations/local_setup.bash
[0.604s] -- Installing: /home/shivam/ros2Module_ws/install/turtlebot3_simulations/share/turtlebot3_simulations/local_setup.sh
[0.604s] -- Installing: /home/shivam/ros2Module_ws/install/turtlebot3_simulations/share/turtlebot3_simulations/local_setup.zsh
[0.605s] -- Installing: /home/shivam/ros2Module_ws/install/turtlebot3_simulations/share/turtlebot3_simulations/local_setup.dsv
[0.605s] -- Installing: /home/shivam/ros2Module_ws/install/turtlebot3_simulations/share/turtlebot3_simulations/package.dsv
[0.605s] -- Installing: /home/shivam/ros2Module_ws/install/turtlebot3_simulations/share/ament_index/resource_index/packages/turtlebot3_simulations
[0.605s] -- Installing: /home/shivam/ros2Module_ws/install/turtlebot3_simulations/share/turtlebot3_simulations/cmake/turtlebot3_simulationsConfig.cmake
[0.605s] -- Installing: /home/shivam/ros2Module_ws/install/turtlebot3_simulations/share/turtlebot3_simulations/cmake/turtlebot3_simulationsConfig-version.cmake
[0.605s] -- Installing: /home/shivam/ros2Module_ws/install/turtlebot3_simulations/share/turtlebot3_simulations/package.xml
[0.607s] Invoked command in '/home/shivam/ros2Module_ws/build/turtlebot3_simulations' returned '0': AMENT_PREFIX_PATH=/home/shivam/ros2Module_ws/install/turtlebot3_gazebo:/home/shivam/ros2Module_ws/install/turtlebot3_fake_node:${AMENT_PREFIX_PATH} CMAKE_PREFIX_PATH=/home/shivam/ros2Module_ws/install/turtlebot3_gazebo:/home/shivam/ros2Module_ws/install/turtlebot3_fake_node:/opt/ros/humble /usr/bin/cmake --install /home/shivam/ros2Module_ws/build/turtlebot3_simulations
