[0.226s] Invoking command in '/home/shivam/ros2Module_ws/build/turtlebot3_navigation2': CMAKE_PREFIX_PATH=/opt/ros/humble /usr/bin/cmake /home/shivam/ros2Module_ws/src/turtlebot3/turtlebot3_navigation2 -DCMAKE_INSTALL_PREFIX=/home/shivam/ros2Module_ws/install/turtlebot3_navigation2
[0.495s] -- The C compiler identification is GNU 11.4.0
[0.495s] -- The CXX compiler identification is GNU 11.4.0
[0.495s] -- Detecting C compiler ABI info
[0.495s] -- Detecting C compiler ABI info - done
[0.495s] -- Check for working C compiler: /usr/bin/cc - skipped
[0.496s] -- Detecting C compile features
[0.496s] -- Detecting C compile features - done
[0.496s] -- Detecting CXX compiler ABI info
[0.496s] -- Detecting CXX compiler ABI info - done
[0.499s] -- Check for working CXX compiler: /usr/bin/c++ - skipped
[0.499s] -- Detecting CXX compile features
[0.503s] -- Detecting CXX compile features - done
[0.503s] -- Found ament_cmake: 1.3.11 (/opt/ros/humble/share/ament_cmake/cmake)
[0.686s] -- Found Python3: /usr/bin/python3 (found version "3.10.12") found components: Interpreter 
[0.837s] -- Configuring done
[0.840s] -- Generating done
[0.842s] -- Build files have been written to: /home/shivam/ros2Module_ws/build/turtlebot3_navigation2
[0.848s] Invoked command in '/home/shivam/ros2Module_ws/build/turtlebot3_navigation2' returned '0': CMAKE_PREFIX_PATH=/opt/ros/humble /usr/bin/cmake /home/shivam/ros2Module_ws/src/turtlebot3/turtlebot3_navigation2 -DCMAKE_INSTALL_PREFIX=/home/shivam/ros2Module_ws/install/turtlebot3_navigation2
[0.849s] Invoking command in '/home/shivam/ros2Module_ws/build/turtlebot3_navigation2': CMAKE_PREFIX_PATH=/opt/ros/humble /usr/bin/cmake --build /home/shivam/ros2Module_ws/build/turtlebot3_navigation2 -- -j16 -l16
[0.891s] Invoked command in '/home/shivam/ros2Module_ws/build/turtlebot3_navigation2' returned '0': CMAKE_PREFIX_PATH=/opt/ros/humble /usr/bin/cmake --build /home/shivam/ros2Module_ws/build/turtlebot3_navigation2 -- -j16 -l16
[0.892s] Invoking command in '/home/shivam/ros2Module_ws/build/turtlebot3_navigation2': CMAKE_PREFIX_PATH=/opt/ros/humble /usr/bin/cmake --install /home/shivam/ros2Module_ws/build/turtlebot3_navigation2
[0.900s] -- Install configuration: ""
[0.900s] -- Installing: /home/shivam/ros2Module_ws/install/turtlebot3_navigation2/share/turtlebot3_navigation2/launch
[0.900s] -- Installing: /home/shivam/ros2Module_ws/install/turtlebot3_navigation2/share/turtlebot3_navigation2/launch/navigation2.launch.py
[0.901s] -- Installing: /home/shivam/ros2Module_ws/install/turtlebot3_navigation2/share/turtlebot3_navigation2/map
[0.901s] -- Installing: /home/shivam/ros2Module_ws/install/turtlebot3_navigation2/share/turtlebot3_navigation2/map/map.yaml
[0.901s] -- Installing: /home/shivam/ros2Module_ws/install/turtlebot3_navigation2/share/turtlebot3_navigation2/map/map.pgm
[0.901s] -- Installing: /home/shivam/ros2Module_ws/install/turtlebot3_navigation2/share/turtlebot3_navigation2/param
[0.901s] -- Installing: /home/shivam/ros2Module_ws/install/turtlebot3_navigation2/share/turtlebot3_navigation2/param/waffle_pi.yaml
[0.902s] -- Installing: /home/shivam/ros2Module_ws/install/turtlebot3_navigation2/share/turtlebot3_navigation2/param/burger.yaml
[0.902s] -- Installing: /home/shivam/ros2Module_ws/install/turtlebot3_navigation2/share/turtlebot3_navigation2/param/waffle.yaml
[0.902s] -- Installing: /home/shivam/ros2Module_ws/install/turtlebot3_navigation2/share/turtlebot3_navigation2/rviz
[0.902s] -- Installing: /home/shivam/ros2Module_ws/install/turtlebot3_navigation2/share/turtlebot3_navigation2/rviz/tb3_navigation2.rviz
[0.903s] -- Installing: /home/shivam/ros2Module_ws/install/turtlebot3_navigation2/share/ament_index/resource_index/package_run_dependencies/turtlebot3_navigation2
[0.903s] -- Installing: /home/shivam/ros2Module_ws/install/turtlebot3_navigation2/share/ament_index/resource_index/parent_prefix_path/turtlebot3_navigation2
[0.903s] -- Installing: /home/shivam/ros2Module_ws/install/turtlebot3_navigation2/share/turtlebot3_navigation2/environment/ament_prefix_path.sh
[0.904s] -- Installing: /home/shivam/ros2Module_ws/install/turtlebot3_navigation2/share/turtlebot3_navigation2/environment/ament_prefix_path.dsv
[0.904s] -- Installing: /home/shivam/ros2Module_ws/install/turtlebot3_navigation2/share/turtlebot3_navigation2/environment/path.sh
[0.904s] -- Installing: /home/shivam/ros2Module_ws/install/turtlebot3_navigation2/share/turtlebot3_navigation2/environment/path.dsv
[0.904s] -- Installing: /home/shivam/ros2Module_ws/install/turtlebot3_navigation2/share/turtlebot3_navigation2/local_setup.bash
[0.904s] -- Installing: /home/shivam/ros2Module_ws/install/turtlebot3_navigation2/share/turtlebot3_navigation2/local_setup.sh
[0.905s] -- Installing: /home/shivam/ros2Module_ws/install/turtlebot3_navigation2/share/turtlebot3_navigation2/local_setup.zsh
[0.905s] -- Installing: /home/shivam/ros2Module_ws/install/turtlebot3_navigation2/share/turtlebot3_navigation2/local_setup.dsv
[0.905s] -- Installing: /home/shivam/ros2Module_ws/install/turtlebot3_navigation2/share/turtlebot3_navigation2/package.dsv
[0.905s] -- Installing: /home/shivam/ros2Module_ws/install/turtlebot3_navigation2/share/ament_index/resource_index/packages/turtlebot3_navigation2
[0.905s] -- Installing: /home/shivam/ros2Module_ws/install/turtlebot3_navigation2/share/turtlebot3_navigation2/cmake/turtlebot3_navigation2Config.cmake
[0.905s] -- Installing: /home/shivam/ros2Module_ws/install/turtlebot3_navigation2/share/turtlebot3_navigation2/cmake/turtlebot3_navigation2Config-version.cmake
[0.905s] -- Installing: /home/shivam/ros2Module_ws/install/turtlebot3_navigation2/share/turtlebot3_navigation2/package.xml
[0.909s] Invoked command in '/home/shivam/ros2Module_ws/build/turtlebot3_navigation2' returned '0': CMAKE_PREFIX_PATH=/opt/ros/humble /usr/bin/cmake --install /home/shivam/ros2Module_ws/build/turtlebot3_navigation2
