[0.007s] Invoking command in '/home/shivam/ros2Module_ws/build/turtlebot3_bringup': AMENT_PREFIX_PATH=/home/shivam/ros2Module_ws/install/turtlebot3_node:/home/shivam/ros2Module_ws/install/turtlebot3_description:${AMENT_PREFIX_PATH} CMAKE_PREFIX_PATH=/home/shivam/ros2Module_ws/install/turtlebot3_node:/home/shivam/ros2Module_ws/install/turtlebot3_description:/opt/ros/humble /usr/bin/cmake /home/shivam/ros2Module_ws/src/turtlebot3/turtlebot3_bringup -DCMAKE_INSTALL_PREFIX=/home/shivam/ros2Module_ws/install/turtlebot3_bringup
[0.055s] -- The C compiler identification is GNU 11.4.0
[0.103s] -- The CXX compiler identification is GNU 11.4.0
[0.109s] -- Detecting C compiler ABI info
[0.171s] -- Detecting C compiler ABI info - done
[0.176s] -- Check for working C compiler: /usr/bin/cc - skipped
[0.177s] -- Detecting C compile features
[0.177s] -- Detecting C compile features - done
[0.179s] -- Detecting CXX compiler ABI info
[0.251s] -- Detecting CXX compiler ABI info - done
[0.257s] -- Check for working CXX compiler: /usr/bin/c++ - skipped
[0.257s] -- Detecting CXX compile features
[0.257s] -- Detecting CXX compile features - done
[0.259s] -- Found ament_cmake: 1.3.11 (/opt/ros/humble/share/ament_cmake/cmake)
[0.379s] -- Found Python3: /usr/bin/python3 (found version "3.10.12") found components: Interpreter 
[0.512s] -- Configuring done
[0.515s] -- Generating done
[0.516s] -- Build files have been written to: /home/shivam/ros2Module_ws/build/turtlebot3_bringup
[0.521s] Invoked command in '/home/shivam/ros2Module_ws/build/turtlebot3_bringup' returned '0': AMENT_PREFIX_PATH=/home/shivam/ros2Module_ws/install/turtlebot3_node:/home/shivam/ros2Module_ws/install/turtlebot3_description:${AMENT_PREFIX_PATH} CMAKE_PREFIX_PATH=/home/shivam/ros2Module_ws/install/turtlebot3_node:/home/shivam/ros2Module_ws/install/turtlebot3_description:/opt/ros/humble /usr/bin/cmake /home/shivam/ros2Module_ws/src/turtlebot3/turtlebot3_bringup -DCMAKE_INSTALL_PREFIX=/home/shivam/ros2Module_ws/install/turtlebot3_bringup
[0.522s] Invoking command in '/home/shivam/ros2Module_ws/build/turtlebot3_bringup': AMENT_PREFIX_PATH=/home/shivam/ros2Module_ws/install/turtlebot3_node:/home/shivam/ros2Module_ws/install/turtlebot3_description:${AMENT_PREFIX_PATH} CMAKE_PREFIX_PATH=/home/shivam/ros2Module_ws/install/turtlebot3_node:/home/shivam/ros2Module_ws/install/turtlebot3_description:/opt/ros/humble /usr/bin/cmake --build /home/shivam/ros2Module_ws/build/turtlebot3_bringup -- -j16 -l16
[0.557s] Invoked command in '/home/shivam/ros2Module_ws/build/turtlebot3_bringup' returned '0': AMENT_PREFIX_PATH=/home/shivam/ros2Module_ws/install/turtlebot3_node:/home/shivam/ros2Module_ws/install/turtlebot3_description:${AMENT_PREFIX_PATH} CMAKE_PREFIX_PATH=/home/shivam/ros2Module_ws/install/turtlebot3_node:/home/shivam/ros2Module_ws/install/turtlebot3_description:/opt/ros/humble /usr/bin/cmake --build /home/shivam/ros2Module_ws/build/turtlebot3_bringup -- -j16 -l16
[0.559s] Invoking command in '/home/shivam/ros2Module_ws/build/turtlebot3_bringup': AMENT_PREFIX_PATH=/home/shivam/ros2Module_ws/install/turtlebot3_node:/home/shivam/ros2Module_ws/install/turtlebot3_description:${AMENT_PREFIX_PATH} CMAKE_PREFIX_PATH=/home/shivam/ros2Module_ws/install/turtlebot3_node:/home/shivam/ros2Module_ws/install/turtlebot3_description:/opt/ros/humble /usr/bin/cmake --install /home/shivam/ros2Module_ws/build/turtlebot3_bringup
[0.565s] -- Install configuration: ""
[0.565s] -- Installing: /home/shivam/ros2Module_ws/install/turtlebot3_bringup/share/turtlebot3_bringup/launch
[0.565s] -- Installing: /home/shivam/ros2Module_ws/install/turtlebot3_bringup/share/turtlebot3_bringup/launch/turtlebot3_state_publisher.launch.py
[0.566s] -- Installing: /home/shivam/ros2Module_ws/install/turtlebot3_bringup/share/turtlebot3_bringup/launch/robot.launch.py
[0.566s] -- Installing: /home/shivam/ros2Module_ws/install/turtlebot3_bringup/share/turtlebot3_bringup/launch/rviz2.launch.py
[0.566s] -- Installing: /home/shivam/ros2Module_ws/install/turtlebot3_bringup/share/turtlebot3_bringup/param
[0.566s] -- Installing: /home/shivam/ros2Module_ws/install/turtlebot3_bringup/share/turtlebot3_bringup/param/waffle_pi.yaml
[0.566s] -- Installing: /home/shivam/ros2Module_ws/install/turtlebot3_bringup/share/turtlebot3_bringup/param/burger.yaml
[0.567s] -- Installing: /home/shivam/ros2Module_ws/install/turtlebot3_bringup/share/turtlebot3_bringup/param/waffle.yaml
[0.567s] -- Installing: /home/shivam/ros2Module_ws/install/turtlebot3_bringup/share/turtlebot3_bringup/script
[0.567s] -- Installing: /home/shivam/ros2Module_ws/install/turtlebot3_bringup/share/turtlebot3_bringup/script/99-turtlebot3-cdc.rules
[0.567s] -- Installing: /home/shivam/ros2Module_ws/install/turtlebot3_bringup/share/turtlebot3_bringup/script/create_udev_rules
[0.567s] -- Installing: /home/shivam/ros2Module_ws/install/turtlebot3_bringup/share/ament_index/resource_index/package_run_dependencies/turtlebot3_bringup
[0.568s] -- Installing: /home/shivam/ros2Module_ws/install/turtlebot3_bringup/share/ament_index/resource_index/parent_prefix_path/turtlebot3_bringup
[0.568s] -- Installing: /home/shivam/ros2Module_ws/install/turtlebot3_bringup/share/turtlebot3_bringup/environment/ament_prefix_path.sh
[0.568s] -- Installing: /home/shivam/ros2Module_ws/install/turtlebot3_bringup/share/turtlebot3_bringup/environment/ament_prefix_path.dsv
[0.568s] -- Installing: /home/shivam/ros2Module_ws/install/turtlebot3_bringup/share/turtlebot3_bringup/environment/path.sh
[0.568s] -- Installing: /home/shivam/ros2Module_ws/install/turtlebot3_bringup/share/turtlebot3_bringup/environment/path.dsv
[0.568s] -- Installing: /home/shivam/ros2Module_ws/install/turtlebot3_bringup/share/turtlebot3_bringup/local_setup.bash
[0.569s] -- Installing: /home/shivam/ros2Module_ws/install/turtlebot3_bringup/share/turtlebot3_bringup/local_setup.sh
[0.569s] -- Installing: /home/shivam/ros2Module_ws/install/turtlebot3_bringup/share/turtlebot3_bringup/local_setup.zsh
[0.569s] -- Installing: /home/shivam/ros2Module_ws/install/turtlebot3_bringup/share/turtlebot3_bringup/local_setup.dsv
[0.569s] -- Installing: /home/shivam/ros2Module_ws/install/turtlebot3_bringup/share/turtlebot3_bringup/package.dsv
[0.569s] -- Installing: /home/shivam/ros2Module_ws/install/turtlebot3_bringup/share/ament_index/resource_index/packages/turtlebot3_bringup
[0.569s] -- Installing: /home/shivam/ros2Module_ws/install/turtlebot3_bringup/share/turtlebot3_bringup/cmake/turtlebot3_bringupConfig.cmake
[0.569s] -- Installing: /home/shivam/ros2Module_ws/install/turtlebot3_bringup/share/turtlebot3_bringup/cmake/turtlebot3_bringupConfig-version.cmake
[0.569s] -- Installing: /home/shivam/ros2Module_ws/install/turtlebot3_bringup/share/turtlebot3_bringup/package.xml
[0.572s] Invoked command in '/home/shivam/ros2Module_ws/build/turtlebot3_bringup' returned '0': AMENT_PREFIX_PATH=/home/shivam/ros2Module_ws/install/turtlebot3_node:/home/shivam/ros2Module_ws/install/turtlebot3_description:${AMENT_PREFIX_PATH} CMAKE_PREFIX_PATH=/home/shivam/ros2Module_ws/install/turtlebot3_node:/home/shivam/ros2Module_ws/install/turtlebot3_description:/opt/ros/humble /usr/bin/cmake --install /home/shivam/ros2Module_ws/build/turtlebot3_bringup
