[0.028s] Invoking command in '/home/shivam/ros2Module_ws/build/turtlebot3_cartographer': CMAKE_PREFIX_PATH=/opt/ros/humble /usr/bin/cmake /home/shivam/ros2Module_ws/src/turtlebot3/turtlebot3_cartographer -DCMAKE_INSTALL_PREFIX=/home/shivam/ros2Module_ws/install/turtlebot3_cartographer
[0.500s] -- The C compiler identification is GNU 11.4.0
[0.501s] -- The CXX compiler identification is GNU 11.4.0
[0.501s] -- Detecting C compiler ABI info
[0.501s] -- Detecting C compiler ABI info - done
[0.501s] -- Check for working C compiler: /usr/bin/cc - skipped
[0.501s] -- Detecting C compile features
[0.501s] -- Detecting C compile features - done
[0.501s] -- Detecting CXX compiler ABI info
[0.501s] -- Detecting CXX compiler ABI info - done
[0.502s] -- Check for working CXX compiler: /usr/bin/c++ - skipped
[0.502s] -- Detecting CXX compile features
[0.502s] -- Detecting CXX compile features - done
[0.502s] -- Found ament_cmake: 1.3.11 (/opt/ros/humble/share/ament_cmake/cmake)
[0.502s] -- Found Python3: /usr/bin/python3 (found version "3.10.12") found components: Interpreter 
[0.672s] -- Configuring done
[0.675s] -- Generating done
[0.676s] -- Build files have been written to: /home/shivam/ros2Module_ws/build/turtlebot3_cartographer
[0.681s] Invoked command in '/home/shivam/ros2Module_ws/build/turtlebot3_cartographer' returned '0': CMAKE_PREFIX_PATH=/opt/ros/humble /usr/bin/cmake /home/shivam/ros2Module_ws/src/turtlebot3/turtlebot3_cartographer -DCMAKE_INSTALL_PREFIX=/home/shivam/ros2Module_ws/install/turtlebot3_cartographer
[0.683s] Invoking command in '/home/shivam/ros2Module_ws/build/turtlebot3_cartographer': CMAKE_PREFIX_PATH=/opt/ros/humble /usr/bin/cmake --build /home/shivam/ros2Module_ws/build/turtlebot3_cartographer -- -j16 -l16
[0.730s] Invoked command in '/home/shivam/ros2Module_ws/build/turtlebot3_cartographer' returned '0': CMAKE_PREFIX_PATH=/opt/ros/humble /usr/bin/cmake --build /home/shivam/ros2Module_ws/build/turtlebot3_cartographer -- -j16 -l16
[0.741s] Invoking command in '/home/shivam/ros2Module_ws/build/turtlebot3_cartographer': CMAKE_PREFIX_PATH=/opt/ros/humble /usr/bin/cmake --install /home/shivam/ros2Module_ws/build/turtlebot3_cartographer
[0.749s] -- Install configuration: ""
[0.749s] -- Installing: /home/shivam/ros2Module_ws/install/turtlebot3_cartographer/share/turtlebot3_cartographer/config
[0.749s] -- Installing: /home/shivam/ros2Module_ws/install/turtlebot3_cartographer/share/turtlebot3_cartographer/config/turtlebot3_lds_2d.lua
[0.749s] -- Installing: /home/shivam/ros2Module_ws/install/turtlebot3_cartographer/share/turtlebot3_cartographer/launch
[0.749s] -- Installing: /home/shivam/ros2Module_ws/install/turtlebot3_cartographer/share/turtlebot3_cartographer/launch/occupancy_grid.launch.py
[0.750s] -- Installing: /home/shivam/ros2Module_ws/install/turtlebot3_cartographer/share/turtlebot3_cartographer/launch/cartographer.launch.py
[0.750s] -- Installing: /home/shivam/ros2Module_ws/install/turtlebot3_cartographer/share/turtlebot3_cartographer/rviz
[0.750s] -- Installing: /home/shivam/ros2Module_ws/install/turtlebot3_cartographer/share/turtlebot3_cartographer/rviz/tb3_cartographer.rviz
[0.750s] -- Installing: /home/shivam/ros2Module_ws/install/turtlebot3_cartographer/share/ament_index/resource_index/package_run_dependencies/turtlebot3_cartographer
[0.750s] -- Installing: /home/shivam/ros2Module_ws/install/turtlebot3_cartographer/share/ament_index/resource_index/parent_prefix_path/turtlebot3_cartographer
[0.751s] -- Installing: /home/shivam/ros2Module_ws/install/turtlebot3_cartographer/share/turtlebot3_cartographer/environment/ament_prefix_path.sh
[0.751s] -- Installing: /home/shivam/ros2Module_ws/install/turtlebot3_cartographer/share/turtlebot3_cartographer/environment/ament_prefix_path.dsv
[0.751s] -- Installing: /home/shivam/ros2Module_ws/install/turtlebot3_cartographer/share/turtlebot3_cartographer/environment/path.sh
[0.751s] -- Installing: /home/shivam/ros2Module_ws/install/turtlebot3_cartographer/share/turtlebot3_cartographer/environment/path.dsv
[0.751s] -- Installing: /home/shivam/ros2Module_ws/install/turtlebot3_cartographer/share/turtlebot3_cartographer/local_setup.bash
[0.751s] -- Installing: /home/shivam/ros2Module_ws/install/turtlebot3_cartographer/share/turtlebot3_cartographer/local_setup.sh
[0.751s] -- Installing: /home/shivam/ros2Module_ws/install/turtlebot3_cartographer/share/turtlebot3_cartographer/local_setup.zsh
[0.752s] -- Installing: /home/shivam/ros2Module_ws/install/turtlebot3_cartographer/share/turtlebot3_cartographer/local_setup.dsv
[0.752s] -- Installing: /home/shivam/ros2Module_ws/install/turtlebot3_cartographer/share/turtlebot3_cartographer/package.dsv
[0.752s] -- Installing: /home/shivam/ros2Module_ws/install/turtlebot3_cartographer/share/ament_index/resource_index/packages/turtlebot3_cartographer
[0.752s] -- Installing: /home/shivam/ros2Module_ws/install/turtlebot3_cartographer/share/turtlebot3_cartographer/cmake/turtlebot3_cartographerConfig.cmake
[0.752s] -- Installing: /home/shivam/ros2Module_ws/install/turtlebot3_cartographer/share/turtlebot3_cartographer/cmake/turtlebot3_cartographerConfig-version.cmake
[0.752s] -- Installing: /home/shivam/ros2Module_ws/install/turtlebot3_cartographer/share/turtlebot3_cartographer/package.xml
[0.755s] Invoked command in '/home/shivam/ros2Module_ws/build/turtlebot3_cartographer' returned '0': CMAKE_PREFIX_PATH=/opt/ros/humble /usr/bin/cmake --install /home/shivam/ros2Module_ws/build/turtlebot3_cartographer
