[0.896s] Invoking command in '/home/shivam/ros2Module_ws/src/turtlebot3/turtlebot3_example': PYTHONPATH=/home/shivam/ros2Module_ws/build/turtlebot3_example/prefix_override:/usr/lib/python3/dist-packages/colcon_core/task/python/colcon_distutils_commands:/home/shivam/ros2Module_ws/install/turtlebot3_example/lib/python3.10/site-packages:${PYTHONPATH} /usr/bin/python3 -W ignore:setup.py install is deprecated -W ignore:easy_install command is deprecated setup.py egg_info --egg-base ../../../build/turtlebot3_example build --build-base /home/shivam/ros2Module_ws/build/turtlebot3_example/build install --record /home/shivam/ros2Module_ws/build/turtlebot3_example/install.log --single-version-externally-managed install_data
[1.128s] running egg_info
[1.128s] creating ../../../build/turtlebot3_example/turtlebot3_example.egg-info
[1.129s] writing ../../../build/turtlebot3_example/turtlebot3_example.egg-info/PKG-INFO
[1.129s] writing dependency_links to ../../../build/turtlebot3_example/turtlebot3_example.egg-info/dependency_links.txt
[1.129s] writing entry points to ../../../build/turtlebot3_example/turtlebot3_example.egg-info/entry_points.txt
[1.129s] writing requirements to ../../../build/turtlebot3_example/turtlebot3_example.egg-info/requires.txt
[1.129s] writing top-level names to ../../../build/turtlebot3_example/turtlebot3_example.egg-info/top_level.txt
[1.129s] writing manifest file '../../../build/turtlebot3_example/turtlebot3_example.egg-info/SOURCES.txt'
[1.134s] reading manifest file '../../../build/turtlebot3_example/turtlebot3_example.egg-info/SOURCES.txt'
[1.135s] writing manifest file '../../../build/turtlebot3_example/turtlebot3_example.egg-info/SOURCES.txt'
[1.135s] running build
[1.135s] running build_py
[1.135s] creating /home/shivam/ros2Module_ws/build/turtlebot3_example/build
[1.135s] creating /home/shivam/ros2Module_ws/build/turtlebot3_example/build/lib
[1.135s] creating /home/shivam/ros2Module_ws/build/turtlebot3_example/build/lib/turtlebot3_example
[1.135s] copying turtlebot3_example/__init__.py -> /home/shivam/ros2Module_ws/build/turtlebot3_example/build/lib/turtlebot3_example
[1.135s] creating /home/shivam/ros2Module_ws/build/turtlebot3_example/build/lib/turtlebot3_example/turtlebot3_patrol_server
[1.135s] copying turtlebot3_example/turtlebot3_patrol_server/main.py -> /home/shivam/ros2Module_ws/build/turtlebot3_example/build/lib/turtlebot3_example/turtlebot3_patrol_server
[1.136s] copying turtlebot3_example/turtlebot3_patrol_server/turtlebot3_patrol_server.py -> /home/shivam/ros2Module_ws/build/turtlebot3_example/build/lib/turtlebot3_example/turtlebot3_patrol_server
[1.136s] copying turtlebot3_example/turtlebot3_patrol_server/turtlebot3_path.py -> /home/shivam/ros2Module_ws/build/turtlebot3_example/build/lib/turtlebot3_example/turtlebot3_patrol_server
[1.136s] copying turtlebot3_example/turtlebot3_patrol_server/__init__.py -> /home/shivam/ros2Module_ws/build/turtlebot3_example/build/lib/turtlebot3_example/turtlebot3_patrol_server
[1.136s] creating /home/shivam/ros2Module_ws/build/turtlebot3_example/build/lib/turtlebot3_example/turtlebot3_obstacle_detection
[1.136s] copying turtlebot3_example/turtlebot3_obstacle_detection/main.py -> /home/shivam/ros2Module_ws/build/turtlebot3_example/build/lib/turtlebot3_example/turtlebot3_obstacle_detection
[1.137s] copying turtlebot3_example/turtlebot3_obstacle_detection/turtlebot3_obstacle_detection.py -> /home/shivam/ros2Module_ws/build/turtlebot3_example/build/lib/turtlebot3_example/turtlebot3_obstacle_detection
[1.137s] copying turtlebot3_example/turtlebot3_obstacle_detection/__init__.py -> /home/shivam/ros2Module_ws/build/turtlebot3_example/build/lib/turtlebot3_example/turtlebot3_obstacle_detection
[1.137s] creating /home/shivam/ros2Module_ws/build/turtlebot3_example/build/lib/turtlebot3_example/turtlebot3_patrol_client
[1.137s] copying turtlebot3_example/turtlebot3_patrol_client/main.py -> /home/shivam/ros2Module_ws/build/turtlebot3_example/build/lib/turtlebot3_example/turtlebot3_patrol_client
[1.137s] copying turtlebot3_example/turtlebot3_patrol_client/turtlebot3_patrol_client.py -> /home/shivam/ros2Module_ws/build/turtlebot3_example/build/lib/turtlebot3_example/turtlebot3_patrol_client
[1.137s] copying turtlebot3_example/turtlebot3_patrol_client/__init__.py -> /home/shivam/ros2Module_ws/build/turtlebot3_example/build/lib/turtlebot3_example/turtlebot3_patrol_client
[1.138s] creating /home/shivam/ros2Module_ws/build/turtlebot3_example/build/lib/turtlebot3_example/turtlebot3_position_control
[1.138s] copying turtlebot3_example/turtlebot3_position_control/main.py -> /home/shivam/ros2Module_ws/build/turtlebot3_example/build/lib/turtlebot3_example/turtlebot3_position_control
[1.138s] copying turtlebot3_example/turtlebot3_position_control/turtlebot3_position_control.py -> /home/shivam/ros2Module_ws/build/turtlebot3_example/build/lib/turtlebot3_example/turtlebot3_position_control
[1.138s] copying turtlebot3_example/turtlebot3_position_control/turtlebot3_path.py -> /home/shivam/ros2Module_ws/build/turtlebot3_example/build/lib/turtlebot3_example/turtlebot3_position_control
[1.138s] copying turtlebot3_example/turtlebot3_position_control/__init__.py -> /home/shivam/ros2Module_ws/build/turtlebot3_example/build/lib/turtlebot3_example/turtlebot3_position_control
[1.139s] running install
[1.139s] running install_lib
[1.140s] creating /home/shivam/ros2Module_ws/install/turtlebot3_example/lib/python3.10/site-packages/turtlebot3_example
[1.140s] creating /home/shivam/ros2Module_ws/install/turtlebot3_example/lib/python3.10/site-packages/turtlebot3_example/turtlebot3_patrol_server
[1.140s] copying /home/shivam/ros2Module_ws/build/turtlebot3_example/build/lib/turtlebot3_example/turtlebot3_patrol_server/main.py -> /home/shivam/ros2Module_ws/install/turtlebot3_example/lib/python3.10/site-packages/turtlebot3_example/turtlebot3_patrol_server
[1.140s] copying /home/shivam/ros2Module_ws/build/turtlebot3_example/build/lib/turtlebot3_example/turtlebot3_patrol_server/turtlebot3_patrol_server.py -> /home/shivam/ros2Module_ws/install/turtlebot3_example/lib/python3.10/site-packages/turtlebot3_example/turtlebot3_patrol_server
[1.140s] copying /home/shivam/ros2Module_ws/build/turtlebot3_example/build/lib/turtlebot3_example/turtlebot3_patrol_server/turtlebot3_path.py -> /home/shivam/ros2Module_ws/install/turtlebot3_example/lib/python3.10/site-packages/turtlebot3_example/turtlebot3_patrol_server
[1.141s] copying /home/shivam/ros2Module_ws/build/turtlebot3_example/build/lib/turtlebot3_example/turtlebot3_patrol_server/__init__.py -> /home/shivam/ros2Module_ws/install/turtlebot3_example/lib/python3.10/site-packages/turtlebot3_example/turtlebot3_patrol_server
[1.141s] creating /home/shivam/ros2Module_ws/install/turtlebot3_example/lib/python3.10/site-packages/turtlebot3_example/turtlebot3_obstacle_detection
[1.141s] copying /home/shivam/ros2Module_ws/build/turtlebot3_example/build/lib/turtlebot3_example/turtlebot3_obstacle_detection/main.py -> /home/shivam/ros2Module_ws/install/turtlebot3_example/lib/python3.10/site-packages/turtlebot3_example/turtlebot3_obstacle_detection
[1.141s] copying /home/shivam/ros2Module_ws/build/turtlebot3_example/build/lib/turtlebot3_example/turtlebot3_obstacle_detection/turtlebot3_obstacle_detection.py -> /home/shivam/ros2Module_ws/install/turtlebot3_example/lib/python3.10/site-packages/turtlebot3_example/turtlebot3_obstacle_detection
[1.141s] copying /home/shivam/ros2Module_ws/build/turtlebot3_example/build/lib/turtlebot3_example/turtlebot3_obstacle_detection/__init__.py -> /home/shivam/ros2Module_ws/install/turtlebot3_example/lib/python3.10/site-packages/turtlebot3_example/turtlebot3_obstacle_detection
[1.141s] creating /home/shivam/ros2Module_ws/install/turtlebot3_example/lib/python3.10/site-packages/turtlebot3_example/turtlebot3_patrol_client
[1.141s] copying /home/shivam/ros2Module_ws/build/turtlebot3_example/build/lib/turtlebot3_example/turtlebot3_patrol_client/main.py -> /home/shivam/ros2Module_ws/install/turtlebot3_example/lib/python3.10/site-packages/turtlebot3_example/turtlebot3_patrol_client
[1.141s] copying /home/shivam/ros2Module_ws/build/turtlebot3_example/build/lib/turtlebot3_example/turtlebot3_patrol_client/turtlebot3_patrol_client.py -> /home/shivam/ros2Module_ws/install/turtlebot3_example/lib/python3.10/site-packages/turtlebot3_example/turtlebot3_patrol_client
[1.141s] copying /home/shivam/ros2Module_ws/build/turtlebot3_example/build/lib/turtlebot3_example/turtlebot3_patrol_client/__init__.py -> /home/shivam/ros2Module_ws/install/turtlebot3_example/lib/python3.10/site-packages/turtlebot3_example/turtlebot3_patrol_client
[1.141s] creating /home/shivam/ros2Module_ws/install/turtlebot3_example/lib/python3.10/site-packages/turtlebot3_example/turtlebot3_position_control
[1.141s] copying /home/shivam/ros2Module_ws/build/turtlebot3_example/build/lib/turtlebot3_example/turtlebot3_position_control/main.py -> /home/shivam/ros2Module_ws/install/turtlebot3_example/lib/python3.10/site-packages/turtlebot3_example/turtlebot3_position_control
[1.142s] copying /home/shivam/ros2Module_ws/build/turtlebot3_example/build/lib/turtlebot3_example/turtlebot3_position_control/turtlebot3_position_control.py -> /home/shivam/ros2Module_ws/install/turtlebot3_example/lib/python3.10/site-packages/turtlebot3_example/turtlebot3_position_control
[1.142s] copying /home/shivam/ros2Module_ws/build/turtlebot3_example/build/lib/turtlebot3_example/turtlebot3_position_control/turtlebot3_path.py -> /home/shivam/ros2Module_ws/install/turtlebot3_example/lib/python3.10/site-packages/turtlebot3_example/turtlebot3_position_control
[1.142s] copying /home/shivam/ros2Module_ws/build/turtlebot3_example/build/lib/turtlebot3_example/turtlebot3_position_control/__init__.py -> /home/shivam/ros2Module_ws/install/turtlebot3_example/lib/python3.10/site-packages/turtlebot3_example/turtlebot3_position_control
[1.142s] copying /home/shivam/ros2Module_ws/build/turtlebot3_example/build/lib/turtlebot3_example/__init__.py -> /home/shivam/ros2Module_ws/install/turtlebot3_example/lib/python3.10/site-packages/turtlebot3_example
[1.142s] byte-compiling /home/shivam/ros2Module_ws/install/turtlebot3_example/lib/python3.10/site-packages/turtlebot3_example/turtlebot3_patrol_server/main.py to main.cpython-310.pyc
[1.143s] byte-compiling /home/shivam/ros2Module_ws/install/turtlebot3_example/lib/python3.10/site-packages/turtlebot3_example/turtlebot3_patrol_server/turtlebot3_patrol_server.py to turtlebot3_patrol_server.cpython-310.pyc
[1.144s] byte-compiling /home/shivam/ros2Module_ws/install/turtlebot3_example/lib/python3.10/site-packages/turtlebot3_example/turtlebot3_patrol_server/turtlebot3_path.py to turtlebot3_path.cpython-310.pyc
[1.144s] byte-compiling /home/shivam/ros2Module_ws/install/turtlebot3_example/lib/python3.10/site-packages/turtlebot3_example/turtlebot3_patrol_server/__init__.py to __init__.cpython-310.pyc
[1.144s] byte-compiling /home/shivam/ros2Module_ws/install/turtlebot3_example/lib/python3.10/site-packages/turtlebot3_example/turtlebot3_obstacle_detection/main.py to main.cpython-310.pyc
[1.144s] byte-compiling /home/shivam/ros2Module_ws/install/turtlebot3_example/lib/python3.10/site-packages/turtlebot3_example/turtlebot3_obstacle_detection/turtlebot3_obstacle_detection.py to turtlebot3_obstacle_detection.cpython-310.pyc
[1.145s] byte-compiling /home/shivam/ros2Module_ws/install/turtlebot3_example/lib/python3.10/site-packages/turtlebot3_example/turtlebot3_obstacle_detection/__init__.py to __init__.cpython-310.pyc
[1.145s] byte-compiling /home/shivam/ros2Module_ws/install/turtlebot3_example/lib/python3.10/site-packages/turtlebot3_example/turtlebot3_patrol_client/main.py to main.cpython-310.pyc
[1.145s] byte-compiling /home/shivam/ros2Module_ws/install/turtlebot3_example/lib/python3.10/site-packages/turtlebot3_example/turtlebot3_patrol_client/turtlebot3_patrol_client.py to turtlebot3_patrol_client.cpython-310.pyc
[1.146s] byte-compiling /home/shivam/ros2Module_ws/install/turtlebot3_example/lib/python3.10/site-packages/turtlebot3_example/turtlebot3_patrol_client/__init__.py to __init__.cpython-310.pyc
[1.146s] byte-compiling /home/shivam/ros2Module_ws/install/turtlebot3_example/lib/python3.10/site-packages/turtlebot3_example/turtlebot3_position_control/main.py to main.cpython-310.pyc
[1.146s] byte-compiling /home/shivam/ros2Module_ws/install/turtlebot3_example/lib/python3.10/site-packages/turtlebot3_example/turtlebot3_position_control/turtlebot3_position_control.py to turtlebot3_position_control.cpython-310.pyc
[1.147s] byte-compiling /home/shivam/ros2Module_ws/install/turtlebot3_example/lib/python3.10/site-packages/turtlebot3_example/turtlebot3_position_control/turtlebot3_path.py to turtlebot3_path.cpython-310.pyc
[1.147s] byte-compiling /home/shivam/ros2Module_ws/install/turtlebot3_example/lib/python3.10/site-packages/turtlebot3_example/turtlebot3_position_control/__init__.py to __init__.cpython-310.pyc
[1.147s] byte-compiling /home/shivam/ros2Module_ws/install/turtlebot3_example/lib/python3.10/site-packages/turtlebot3_example/__init__.py to __init__.cpython-310.pyc
[1.147s] running install_data
[1.148s] creating /home/shivam/ros2Module_ws/install/turtlebot3_example/share/ament_index
[1.148s] creating /home/shivam/ros2Module_ws/install/turtlebot3_example/share/ament_index/resource_index
[1.148s] creating /home/shivam/ros2Module_ws/install/turtlebot3_example/share/ament_index/resource_index/packages
[1.148s] copying resource/turtlebot3_example -> /home/shivam/ros2Module_ws/install/turtlebot3_example/share/ament_index/resource_index/packages
[1.148s] copying package.xml -> /home/shivam/ros2Module_ws/install/turtlebot3_example/share/turtlebot3_example
[1.148s] running install_egg_info
[1.151s] Copying ../../../build/turtlebot3_example/turtlebot3_example.egg-info to /home/shivam/ros2Module_ws/install/turtlebot3_example/lib/python3.10/site-packages/turtlebot3_example-2.1.5-py3.10.egg-info
[1.152s] running install_scripts
[1.175s] Installing turtlebot3_obstacle_detection script to /home/shivam/ros2Module_ws/install/turtlebot3_example/lib/turtlebot3_example
[1.175s] Installing turtlebot3_patrol_client script to /home/shivam/ros2Module_ws/install/turtlebot3_example/lib/turtlebot3_example
[1.175s] Installing turtlebot3_patrol_server script to /home/shivam/ros2Module_ws/install/turtlebot3_example/lib/turtlebot3_example
[1.175s] Installing turtlebot3_position_control script to /home/shivam/ros2Module_ws/install/turtlebot3_example/lib/turtlebot3_example
[1.176s] writing list of installed files to '/home/shivam/ros2Module_ws/build/turtlebot3_example/install.log'
[1.231s] Invoked command in '/home/shivam/ros2Module_ws/src/turtlebot3/turtlebot3_example' returned '0': PYTHONPATH=/home/shivam/ros2Module_ws/build/turtlebot3_example/prefix_override:/usr/lib/python3/dist-packages/colcon_core/task/python/colcon_distutils_commands:/home/shivam/ros2Module_ws/install/turtlebot3_example/lib/python3.10/site-packages:${PYTHONPATH} /usr/bin/python3 -W ignore:setup.py install is deprecated -W ignore:easy_install command is deprecated setup.py egg_info --egg-base ../../../build/turtlebot3_example build --build-base /home/shivam/ros2Module_ws/build/turtlebot3_example/build install --record /home/shivam/ros2Module_ws/build/turtlebot3_example/install.log --single-version-externally-managed install_data
