[0.007s] Invoking command in '/home/shivam/ros2Module_ws/build/turtlebot3_simulations': AMENT_PREFIX_PATH=/home/shivam/ros2Module_ws/install/turtlebot3_gazebo:/home/shivam/ros2Module_ws/install/turtlebot3_fake_node:${AMENT_PREFIX_PATH} CMAKE_PREFIX_PATH=/home/shivam/ros2Module_ws/install/turtlebot3_gazebo:/home/shivam/ros2Module_ws/install/turtlebot3_fake_node:/opt/ros/humble /usr/bin/cmake --build /home/shivam/ros2Module_ws/build/turtlebot3_simulations -- -j16 -l16
[0.043s] Invoked command in '/home/shivam/ros2Module_ws/build/turtlebot3_simulations' returned '0': AMENT_PREFIX_PATH=/home/shivam/ros2Module_ws/install/turtlebot3_gazebo:/home/shivam/ros2Module_ws/install/turtlebot3_fake_node:${AMENT_PREFIX_PATH} CMAKE_PREFIX_PATH=/home/shivam/ros2Module_ws/install/turtlebot3_gazebo:/home/shivam/ros2Module_ws/install/turtlebot3_fake_node:/opt/ros/humble /usr/bin/cmake --build /home/shivam/ros2Module_ws/build/turtlebot3_simulations -- -j16 -l16
[0.044s] Invoking command in '/home/shivam/ros2Module_ws/build/turtlebot3_simulations': AMENT_PREFIX_PATH=/home/shivam/ros2Module_ws/install/turtlebot3_gazebo:/home/shivam/ros2Module_ws/install/turtlebot3_fake_node:${AMENT_PREFIX_PATH} CMAKE_PREFIX_PATH=/home/shivam/ros2Module_ws/install/turtlebot3_gazebo:/home/shivam/ros2Module_ws/install/turtlebot3_fake_node:/opt/ros/humble /usr/bin/cmake --install /home/shivam/ros2Module_ws/build/turtlebot3_simulations
[0.052s] -- Install configuration: ""
[0.052s] -- Up-to-date: /home/shivam/ros2Module_ws/install/turtlebot3_simulations/share/ament_index/resource_index/package_run_dependencies/turtlebot3_simulations
[0.052s] -- Up-to-date: /home/shivam/ros2Module_ws/install/turtlebot3_simulations/share/ament_index/resource_index/parent_prefix_path/turtlebot3_simulations
[0.052s] -- Up-to-date: /home/shivam/ros2Module_ws/install/turtlebot3_simulations/share/turtlebot3_simulations/environment/ament_prefix_path.sh
[0.052s] -- Up-to-date: /home/shivam/ros2Module_ws/install/turtlebot3_simulations/share/turtlebot3_simulations/environment/ament_prefix_path.dsv
[0.052s] -- Up-to-date: /home/shivam/ros2Module_ws/install/turtlebot3_simulations/share/turtlebot3_simulations/environment/path.sh
[0.052s] -- Up-to-date: /home/shivam/ros2Module_ws/install/turtlebot3_simulations/share/turtlebot3_simulations/environment/path.dsv
[0.052s] -- Up-to-date: /home/shivam/ros2Module_ws/install/turtlebot3_simulations/share/turtlebot3_simulations/local_setup.bash
[0.052s] -- Up-to-date: /home/shivam/ros2Module_ws/install/turtlebot3_simulations/share/turtlebot3_simulations/local_setup.sh
[0.052s] -- Up-to-date: /home/shivam/ros2Module_ws/install/turtlebot3_simulations/share/turtlebot3_simulations/local_setup.zsh
[0.052s] -- Up-to-date: /home/shivam/ros2Module_ws/install/turtlebot3_simulations/share/turtlebot3_simulations/local_setup.dsv
[0.053s] -- Up-to-date: /home/shivam/ros2Module_ws/install/turtlebot3_simulations/share/turtlebot3_simulations/package.dsv
[0.053s] -- Up-to-date: /home/shivam/ros2Module_ws/install/turtlebot3_simulations/share/ament_index/resource_index/packages/turtlebot3_simulations
[0.053s] -- Up-to-date: /home/shivam/ros2Module_ws/install/turtlebot3_simulations/share/turtlebot3_simulations/cmake/turtlebot3_simulationsConfig.cmake
[0.053s] -- Up-to-date: /home/shivam/ros2Module_ws/install/turtlebot3_simulations/share/turtlebot3_simulations/cmake/turtlebot3_simulationsConfig-version.cmake
[0.053s] -- Up-to-date: /home/shivam/ros2Module_ws/install/turtlebot3_simulations/share/turtlebot3_simulations/package.xml
[0.063s] Invoked command in '/home/shivam/ros2Module_ws/build/turtlebot3_simulations' returned '0': AMENT_PREFIX_PATH=/home/shivam/ros2Module_ws/install/turtlebot3_gazebo:/home/shivam/ros2Module_ws/install/turtlebot3_fake_node:${AMENT_PREFIX_PATH} CMAKE_PREFIX_PATH=/home/shivam/ros2Module_ws/install/turtlebot3_gazebo:/home/shivam/ros2Module_ws/install/turtlebot3_fake_node:/opt/ros/humble /usr/bin/cmake --install /home/shivam/ros2Module_ws/build/turtlebot3_simulations
