[0.792s] Invoking command in '/home/shivam/ros2Module_ws/src/turtlebot3/turtlebot3_teleop': PYTHONPATH=/home/shivam/ros2Module_ws/build/turtlebot3_teleop/prefix_override:/usr/lib/python3/dist-packages/colcon_core/task/python/colcon_distutils_commands:/home/shivam/ros2Module_ws/install/turtlebot3_teleop/lib/python3.10/site-packages:${PYTHONPATH} /usr/bin/python3 -W ignore:setup.py install is deprecated -W ignore:easy_install command is deprecated setup.py egg_info --egg-base ../../../build/turtlebot3_teleop build --build-base /home/shivam/ros2Module_ws/build/turtlebot3_teleop/build install --record /home/shivam/ros2Module_ws/build/turtlebot3_teleop/install.log --single-version-externally-managed install_data
[0.983s] running egg_info
[0.984s] writing ../../../build/turtlebot3_teleop/turtlebot3_teleop.egg-info/PKG-INFO
[0.984s] writing dependency_links to ../../../build/turtlebot3_teleop/turtlebot3_teleop.egg-info/dependency_links.txt
[0.984s] writing entry points to ../../../build/turtlebot3_teleop/turtlebot3_teleop.egg-info/entry_points.txt
[0.984s] writing requirements to ../../../build/turtlebot3_teleop/turtlebot3_teleop.egg-info/requires.txt
[0.984s] writing top-level names to ../../../build/turtlebot3_teleop/turtlebot3_teleop.egg-info/top_level.txt
[0.985s] reading manifest file '../../../build/turtlebot3_teleop/turtlebot3_teleop.egg-info/SOURCES.txt'
[0.987s] writing manifest file '../../../build/turtlebot3_teleop/turtlebot3_teleop.egg-info/SOURCES.txt'
[0.987s] running build
[0.987s] running build_py
[0.987s] running install
[0.987s] running install_lib
[0.988s] running install_data
[0.988s] running install_egg_info
[0.990s] removing '/home/shivam/ros2Module_ws/install/turtlebot3_teleop/lib/python3.10/site-packages/turtlebot3_teleop-2.1.5-py3.10.egg-info' (and everything under it)
[0.990s] Copying ../../../build/turtlebot3_teleop/turtlebot3_teleop.egg-info to /home/shivam/ros2Module_ws/install/turtlebot3_teleop/lib/python3.10/site-packages/turtlebot3_teleop-2.1.5-py3.10.egg-info
[0.991s] running install_scripts
[1.005s] Installing teleop_keyboard script to /home/shivam/ros2Module_ws/install/turtlebot3_teleop/lib/turtlebot3_teleop
[1.006s] writing list of installed files to '/home/shivam/ros2Module_ws/build/turtlebot3_teleop/install.log'
[1.030s] Invoked command in '/home/shivam/ros2Module_ws/src/turtlebot3/turtlebot3_teleop' returned '0': PYTHONPATH=/home/shivam/ros2Module_ws/build/turtlebot3_teleop/prefix_override:/usr/lib/python3/dist-packages/colcon_core/task/python/colcon_distutils_commands:/home/shivam/ros2Module_ws/install/turtlebot3_teleop/lib/python3.10/site-packages:${PYTHONPATH} /usr/bin/python3 -W ignore:setup.py install is deprecated -W ignore:easy_install command is deprecated setup.py egg_info --egg-base ../../../build/turtlebot3_teleop build --build-base /home/shivam/ros2Module_ws/build/turtlebot3_teleop/build install --record /home/shivam/ros2Module_ws/build/turtlebot3_teleop/install.log --single-version-externally-managed install_data
