[0.011s] Invoking command in '/home/shivam/ros2Module_ws/build/turtlebot3': AMENT_PREFIX_PATH=/home/shivam/ros2Module_ws/install/turtlebot3_bringup:/home/shivam/ros2Module_ws/install/turtlebot3_teleop:/home/shivam/ros2Module_ws/install/turtlebot3_node:/home/shivam/ros2Module_ws/install/turtlebot3_navigation2:/home/shivam/ros2Module_ws/install/turtlebot3_example:/home/shivam/ros2Module_ws/install/turtlebot3_description:/home/shivam/ros2Module_ws/install/turtlebot3_cartographer:${AMENT_PREFIX_PATH} CMAKE_PREFIX_PATH=/home/shivam/ros2Module_ws/install/turtlebot3_bringup:/home/shivam/ros2Module_ws/install/turtlebot3_node:/home/shivam/ros2Module_ws/install/turtlebot3_navigation2:/home/shivam/ros2Module_ws/install/turtlebot3_description:/home/shivam/ros2Module_ws/install/turtlebot3_cartographer:/opt/ros/humble PYTHONPATH=/home/shivam/ros2Module_ws/install/turtlebot3_teleop/lib/python3.10/site-packages:/home/shivam/ros2Module_ws/install/turtlebot3_example/lib/python3.10/site-packages:${PYTHONPATH} /usr/bin/cmake /home/shivam/ros2Module_ws/src/turtlebot3/turtlebot3 -DCMAKE_INSTALL_PREFIX=/home/shivam/ros2Module_ws/install/turtlebot3
[0.057s] -- The C compiler identification is GNU 11.4.0
[0.103s] -- The CXX compiler identification is GNU 11.4.0
[0.110s] -- Detecting C compiler ABI info
[0.171s] -- Detecting C compiler ABI info - done
[0.176s] -- Check for working C compiler: /usr/bin/cc - skipped
[0.176s] -- Detecting C compile features
[0.177s] -- Detecting C compile features - done
[0.179s] -- Detecting CXX compiler ABI info
[0.252s] -- Detecting CXX compiler ABI info - done
[0.257s] -- Check for working CXX compiler: /usr/bin/c++ - skipped
[0.257s] -- Detecting CXX compile features
[0.258s] -- Detecting CXX compile features - done
[0.260s] -- Found ament_cmake: 1.3.11 (/opt/ros/humble/share/ament_cmake/cmake)
[0.386s] -- Found Python3: /usr/bin/python3 (found version "3.10.12") found components: Interpreter 
[0.526s] -- Configuring done
[0.528s] -- Generating done
[0.530s] -- Build files have been written to: /home/shivam/ros2Module_ws/build/turtlebot3
[0.533s] Invoked command in '/home/shivam/ros2Module_ws/build/turtlebot3' returned '0': AMENT_PREFIX_PATH=/home/shivam/ros2Module_ws/install/turtlebot3_bringup:/home/shivam/ros2Module_ws/install/turtlebot3_teleop:/home/shivam/ros2Module_ws/install/turtlebot3_node:/home/shivam/ros2Module_ws/install/turtlebot3_navigation2:/home/shivam/ros2Module_ws/install/turtlebot3_example:/home/shivam/ros2Module_ws/install/turtlebot3_description:/home/shivam/ros2Module_ws/install/turtlebot3_cartographer:${AMENT_PREFIX_PATH} CMAKE_PREFIX_PATH=/home/shivam/ros2Module_ws/install/turtlebot3_bringup:/home/shivam/ros2Module_ws/install/turtlebot3_node:/home/shivam/ros2Module_ws/install/turtlebot3_navigation2:/home/shivam/ros2Module_ws/install/turtlebot3_description:/home/shivam/ros2Module_ws/install/turtlebot3_cartographer:/opt/ros/humble PYTHONPATH=/home/shivam/ros2Module_ws/install/turtlebot3_teleop/lib/python3.10/site-packages:/home/shivam/ros2Module_ws/install/turtlebot3_example/lib/python3.10/site-packages:${PYTHONPATH} /usr/bin/cmake /home/shivam/ros2Module_ws/src/turtlebot3/turtlebot3 -DCMAKE_INSTALL_PREFIX=/home/shivam/ros2Module_ws/install/turtlebot3
[0.535s] Invoking command in '/home/shivam/ros2Module_ws/build/turtlebot3': AMENT_PREFIX_PATH=/home/shivam/ros2Module_ws/install/turtlebot3_bringup:/home/shivam/ros2Module_ws/install/turtlebot3_teleop:/home/shivam/ros2Module_ws/install/turtlebot3_node:/home/shivam/ros2Module_ws/install/turtlebot3_navigation2:/home/shivam/ros2Module_ws/install/turtlebot3_example:/home/shivam/ros2Module_ws/install/turtlebot3_description:/home/shivam/ros2Module_ws/install/turtlebot3_cartographer:${AMENT_PREFIX_PATH} CMAKE_PREFIX_PATH=/home/shivam/ros2Module_ws/install/turtlebot3_bringup:/home/shivam/ros2Module_ws/install/turtlebot3_node:/home/shivam/ros2Module_ws/install/turtlebot3_navigation2:/home/shivam/ros2Module_ws/install/turtlebot3_description:/home/shivam/ros2Module_ws/install/turtlebot3_cartographer:/opt/ros/humble PYTHONPATH=/home/shivam/ros2Module_ws/install/turtlebot3_teleop/lib/python3.10/site-packages:/home/shivam/ros2Module_ws/install/turtlebot3_example/lib/python3.10/site-packages:${PYTHONPATH} /usr/bin/cmake --build /home/shivam/ros2Module_ws/build/turtlebot3 -- -j16 -l16
[0.570s] Invoked command in '/home/shivam/ros2Module_ws/build/turtlebot3' returned '0': AMENT_PREFIX_PATH=/home/shivam/ros2Module_ws/install/turtlebot3_bringup:/home/shivam/ros2Module_ws/install/turtlebot3_teleop:/home/shivam/ros2Module_ws/install/turtlebot3_node:/home/shivam/ros2Module_ws/install/turtlebot3_navigation2:/home/shivam/ros2Module_ws/install/turtlebot3_example:/home/shivam/ros2Module_ws/install/turtlebot3_description:/home/shivam/ros2Module_ws/install/turtlebot3_cartographer:${AMENT_PREFIX_PATH} CMAKE_PREFIX_PATH=/home/shivam/ros2Module_ws/install/turtlebot3_bringup:/home/shivam/ros2Module_ws/install/turtlebot3_node:/home/shivam/ros2Module_ws/install/turtlebot3_navigation2:/home/shivam/ros2Module_ws/install/turtlebot3_description:/home/shivam/ros2Module_ws/install/turtlebot3_cartographer:/opt/ros/humble PYTHONPATH=/home/shivam/ros2Module_ws/install/turtlebot3_teleop/lib/python3.10/site-packages:/home/shivam/ros2Module_ws/install/turtlebot3_example/lib/python3.10/site-packages:${PYTHONPATH} /usr/bin/cmake --build /home/shivam/ros2Module_ws/build/turtlebot3 -- -j16 -l16
[0.571s] Invoking command in '/home/shivam/ros2Module_ws/build/turtlebot3': AMENT_PREFIX_PATH=/home/shivam/ros2Module_ws/install/turtlebot3_bringup:/home/shivam/ros2Module_ws/install/turtlebot3_teleop:/home/shivam/ros2Module_ws/install/turtlebot3_node:/home/shivam/ros2Module_ws/install/turtlebot3_navigation2:/home/shivam/ros2Module_ws/install/turtlebot3_example:/home/shivam/ros2Module_ws/install/turtlebot3_description:/home/shivam/ros2Module_ws/install/turtlebot3_cartographer:${AMENT_PREFIX_PATH} CMAKE_PREFIX_PATH=/home/shivam/ros2Module_ws/install/turtlebot3_bringup:/home/shivam/ros2Module_ws/install/turtlebot3_node:/home/shivam/ros2Module_ws/install/turtlebot3_navigation2:/home/shivam/ros2Module_ws/install/turtlebot3_description:/home/shivam/ros2Module_ws/install/turtlebot3_cartographer:/opt/ros/humble PYTHONPATH=/home/shivam/ros2Module_ws/install/turtlebot3_teleop/lib/python3.10/site-packages:/home/shivam/ros2Module_ws/install/turtlebot3_example/lib/python3.10/site-packages:${PYTHONPATH} /usr/bin/cmake --install /home/shivam/ros2Module_ws/build/turtlebot3
[0.578s] -- Install configuration: ""
[0.579s] -- Installing: /home/shivam/ros2Module_ws/install/turtlebot3/share/ament_index/resource_index/package_run_dependencies/turtlebot3
[0.579s] -- Installing: /home/shivam/ros2Module_ws/install/turtlebot3/share/ament_index/resource_index/parent_prefix_path/turtlebot3
[0.579s] -- Installing: /home/shivam/ros2Module_ws/install/turtlebot3/share/turtlebot3/environment/ament_prefix_path.sh
[0.579s] -- Installing: /home/shivam/ros2Module_ws/install/turtlebot3/share/turtlebot3/environment/ament_prefix_path.dsv
[0.579s] -- Installing: /home/shivam/ros2Module_ws/install/turtlebot3/share/turtlebot3/environment/path.sh
[0.579s] -- Installing: /home/shivam/ros2Module_ws/install/turtlebot3/share/turtlebot3/environment/path.dsv
[0.580s] -- Installing: /home/shivam/ros2Module_ws/install/turtlebot3/share/turtlebot3/local_setup.bash
[0.580s] -- Installing: /home/shivam/ros2Module_ws/install/turtlebot3/share/turtlebot3/local_setup.sh
[0.580s] -- Installing: /home/shivam/ros2Module_ws/install/turtlebot3/share/turtlebot3/local_setup.zsh
[0.580s] -- Installing: /home/shivam/ros2Module_ws/install/turtlebot3/share/turtlebot3/local_setup.dsv
[0.580s] -- Installing: /home/shivam/ros2Module_ws/install/turtlebot3/share/turtlebot3/package.dsv
[0.580s] -- Installing: /home/shivam/ros2Module_ws/install/turtlebot3/share/ament_index/resource_index/packages/turtlebot3
[0.580s] -- Installing: /home/shivam/ros2Module_ws/install/turtlebot3/share/turtlebot3/cmake/turtlebot3Config.cmake
[0.580s] -- Installing: /home/shivam/ros2Module_ws/install/turtlebot3/share/turtlebot3/cmake/turtlebot3Config-version.cmake
[0.581s] -- Installing: /home/shivam/ros2Module_ws/install/turtlebot3/share/turtlebot3/package.xml
[0.583s] Invoked command in '/home/shivam/ros2Module_ws/build/turtlebot3' returned '0': AMENT_PREFIX_PATH=/home/shivam/ros2Module_ws/install/turtlebot3_bringup:/home/shivam/ros2Module_ws/install/turtlebot3_teleop:/home/shivam/ros2Module_ws/install/turtlebot3_node:/home/shivam/ros2Module_ws/install/turtlebot3_navigation2:/home/shivam/ros2Module_ws/install/turtlebot3_example:/home/shivam/ros2Module_ws/install/turtlebot3_description:/home/shivam/ros2Module_ws/install/turtlebot3_cartographer:${AMENT_PREFIX_PATH} CMAKE_PREFIX_PATH=/home/shivam/ros2Module_ws/install/turtlebot3_bringup:/home/shivam/ros2Module_ws/install/turtlebot3_node:/home/shivam/ros2Module_ws/install/turtlebot3_navigation2:/home/shivam/ros2Module_ws/install/turtlebot3_description:/home/shivam/ros2Module_ws/install/turtlebot3_cartographer:/opt/ros/humble PYTHONPATH=/home/shivam/ros2Module_ws/install/turtlebot3_teleop/lib/python3.10/site-packages:/home/shivam/ros2Module_ws/install/turtlebot3_example/lib/python3.10/site-packages:${PYTHONPATH} /usr/bin/cmake --install /home/shivam/ros2Module_ws/build/turtlebot3
