[0.008s] Invoking command in '/home/shivam/ROS2_sonar_module/build/nps_uw_multibeam_sonar_converted': CMAKE_PREFIX_PATH=/opt/ros/humble /usr/bin/cmake /home/shivam/ROS2_sonar_module/src/nps_uw_multibeam_sonar_converted -DCMAKE_INSTALL_PREFIX=/home/shivam/ROS2_sonar_module/install/nps_uw_multibeam_sonar_converted
[0.052s] -- The C compiler identification is GNU 11.4.0
[0.094s] -- The CXX compiler identification is GNU 11.4.0
[0.100s] -- Detecting C compiler ABI info
[0.158s] -- Detecting C compiler ABI info - done
[0.163s] -- Check for working C compiler: /usr/bin/cc - skipped
[0.163s] -- Detecting C compile features
[0.164s] -- Detecting C compile features - done
[0.166s] -- Detecting CXX compiler ABI info
[0.231s] -- Detecting CXX compiler ABI info - done
[0.236s] -- Check for working CXX compiler: /usr/bin/c++ - skipped
[0.236s] -- Detecting CXX compile features
[0.237s] -- Detecting CXX compile features - done
[0.238s] -- Found ament_cmake: 1.3.11 (/opt/ros/humble/share/ament_cmake/cmake)
[0.344s] -- Found Python3: /usr/bin/python3 (found version "3.10.12") found components: Interpreter 
[0.410s] -- Found pluginlib: 5.1.0 (/opt/ros/humble/share/pluginlib/cmake)
[0.442s] -- Found rclcpp: 16.0.11 (/opt/ros/humble/share/rclcpp/cmake)
[0.462s] -- Found rosidl_generator_c: 3.1.6 (/opt/ros/humble/share/rosidl_generator_c/cmake)
[0.465s] -- Found rosidl_adapter: 3.1.6 (/opt/ros/humble/share/rosidl_adapter/cmake)
[0.471s] -- Found rosidl_generator_cpp: 3.1.6 (/opt/ros/humble/share/rosidl_generator_cpp/cmake)
[0.479s] -- Using all available rosidl_typesupport_c: rosidl_typesupport_fastrtps_c;rosidl_typesupport_introspection_c
[0.488s] -- Using all available rosidl_typesupport_cpp: rosidl_typesupport_fastrtps_cpp;rosidl_typesupport_introspection_cpp
[0.517s] -- Found rmw_implementation_cmake: 6.1.2 (/opt/ros/humble/share/rmw_implementation_cmake/cmake)
[0.519s] -- Found rmw_fastrtps_cpp: 6.2.7 (/opt/ros/humble/share/rmw_fastrtps_cpp/cmake)
[0.537s] -- Found TinyXML2 via Config file: TinyXML2_DIR-NOTFOUND
[0.583s] -- Found OpenSSL: /usr/lib/x86_64-linux-gnu/libcrypto.so (found version "3.0.2")  
[0.585s] -- Found TinyXML2 via Config file: TinyXML2_DIR-NOTFOUND
[0.596s] -- Found FastRTPS: /opt/ros/humble/include  
[0.598s] -- Found TinyXML2 via Config file: TinyXML2_DIR-NOTFOUND
[0.604s] -- Found TinyXML2 via Config file: TinyXML2_DIR-NOTFOUND
[0.612s] -- Using RMW implementation 'rmw_fastrtps_cpp' as default
[0.618s] -- Looking for pthread.h
[0.678s] -- Looking for pthread.h - found
[0.678s] -- Performing Test CMAKE_HAVE_LIBC_PTHREAD
[0.738s] -- Performing Test CMAKE_HAVE_LIBC_PTHREAD - Success
[0.739s] -- Found Threads: TRUE  
[0.775s] -- Found gazebo_ros: 3.7.0 (/opt/ros/humble/share/gazebo_ros/cmake)
[0.784s] -- Found PkgConfig: /usr/bin/pkg-config (found version "0.29.2") 
[0.785s] -- Checking for module 'bullet>=2.82'
[0.799s] --   Found bullet, version 3.05
[0.892s] -- Found fcl: /usr/include (found suitable version "0.7.0", minimum required is "0.5.0") 
[0.937s] -- Found assimp: /usr/include (found version "5.2.0") 
[0.950s] -- Found DART: /usr/include (Required is at least version "6.6") found components: dart 
[0.970s] -- Found Boost: /usr/lib/x86_64-linux-gnu/cmake/Boost-1.74.0/BoostConfig.cmake (found suitable version "1.74.0", minimum required is "1.40.0") found components: thread system filesystem program_options regex iostreams date_time 
[0.981s] -- Found Protobuf: /usr/lib/x86_64-linux-gnu/libprotobuf.so (found version "3.12.4") 
[0.984s] -- Looking for ignition-math6 -- found version 6.15.1
[0.988s] -- Searching for dependencies of ignition-math6
[0.989s] -- Looking for OGRE...
[0.990s] -- OGRE_PREFIX_WATCH changed.
[0.994s] -- Checking for module 'OGRE'
[1.005s] --   Found OGRE, version 1.9.0
[1.035s] -- Found Ogre Ghadamon (1.9.0)
[1.040s] -- Found OGRE: optimized;/usr/lib/x86_64-linux-gnu/libOgreMain.so;debug;/usr/lib/x86_64-linux-gnu/libOgreMain.so
[1.047s] -- Looking for OGRE_Paging...
[1.050s] -- Found OGRE_Paging: optimized;/usr/lib/x86_64-linux-gnu/libOgrePaging.so;debug;/usr/lib/x86_64-linux-gnu/libOgrePaging.so
[1.050s] -- Looking for OGRE_Terrain...
[1.053s] -- Found OGRE_Terrain: optimized;/usr/lib/x86_64-linux-gnu/libOgreTerrain.so;debug;/usr/lib/x86_64-linux-gnu/libOgreTerrain.so
[1.053s] -- Looking for OGRE_Property...
[1.057s] -- Found OGRE_Property: optimized;/usr/lib/x86_64-linux-gnu/libOgreProperty.so;debug;/usr/lib/x86_64-linux-gnu/libOgreProperty.so
[1.057s] -- Looking for OGRE_RTShaderSystem...
[1.060s] -- Found OGRE_RTShaderSystem: optimized;/usr/lib/x86_64-linux-gnu/libOgreRTShaderSystem.so;debug;/usr/lib/x86_64-linux-gnu/libOgreRTShaderSystem.so
[1.060s] -- Looking for OGRE_Volume...
[1.063s] -- Found OGRE_Volume: optimized;/usr/lib/x86_64-linux-gnu/libOgreVolume.so;debug;/usr/lib/x86_64-linux-gnu/libOgreVolume.so
[1.063s] -- Looking for OGRE_Overlay...
[1.066s] -- Found OGRE_Overlay: optimized;/usr/lib/x86_64-linux-gnu/libOgreOverlay.so;debug;/usr/lib/x86_64-linux-gnu/libOgreOverlay.so
[1.134s] -- Looking for ignition-math6 -- found version 6.15.1
[1.135s] -- Looking for ignition-transport8 -- found version 8.2.1
[1.135s] -- Searching for dependencies of ignition-transport8
[1.150s] -- Found Protobuf: /usr/lib/x86_64-linux-gnu/libprotobuf.so (found suitable version "3.12.4", minimum required is "3") 
[1.160s] -- Config-file not installed for ZeroMQ -- checking for pkg-config
[1.164s] -- Checking for module 'libzmq >= 4'
[1.175s] --   Found libzmq , version 4.3.4
[1.209s] -- Found ZeroMQ: TRUE (Required is at least version "4") 
[1.213s] -- Checking for module 'uuid'
[1.224s] --   Found uuid, version 2.37.2
[1.255s] -- Found UUID: TRUE  
[1.256s] -- Looking for ignition-msgs5 -- found version 5.8.1
[1.256s] -- Searching for dependencies of ignition-msgs5
[1.272s] -- Looking for ignition-math6 -- found version 6.15.1
[1.276s] -- Checking for module 'tinyxml2'
[1.287s] --   Found tinyxml2, version 9.0.0
[1.317s] -- Looking for ignition-msgs5 -- found version 5.8.1
[1.318s] -- Looking for ignition-common3 -- found version 3.14.0
[1.319s] -- Searching for dependencies of ignition-common3
[1.319s] -- Looking for dlfcn.h - found
[1.320s] -- Looking for libdl - found
[1.321s] -- Found DL: TRUE  
[1.329s] -- Found tinyobjloader: /usr/lib/x86_64-linux-gnu/cmake/tinyobjloader/tinyobjloader-config.cmake (found version "2.0.0") 
[1.330s] -- Searching for <ignition-common3> component [graphics]
[1.331s] -- Looking for ignition-common3-graphics -- found version 3.14.0
[1.332s] -- Searching for dependencies of ignition-common3-graphics
[1.332s] -- Looking for ignition-math6 -- found version 6.15.1
[1.334s] -- Looking for ignition-fuel_tools4 -- found version 4.4.0
[1.334s] -- Searching for dependencies of ignition-fuel_tools4
[1.401s] -- Found CURL: /usr/lib/x86_64-linux-gnu/libcurl.so (found version "7.81.0")  
[1.407s] -- Checking for module 'jsoncpp'
[1.419s] --   Found jsoncpp, version 1.9.5
[1.451s] -- Found JSONCPP: TRUE  
[1.455s] -- Checking for module 'libzip'
[1.466s] --   Found libzip, version 1.7.3
[1.497s] -- Found ZIP: TRUE  
[1.497s] -- Looking for ignition-common3 -- found version 3.14.0
[1.498s] -- Looking for ignition-math6 -- found version 6.15.1
[1.498s] -- Looking for ignition-msgs5 -- found version 5.8.1
[1.500s] -- Gazebo version: 11.10
[1.500s] -- Checking for module 'tbb'
[1.512s] --   Found tbb, version 2021.5.0
[1.545s] -- Found sensor_msgs: 4.2.4 (/opt/ros/humble/share/sensor_msgs/cmake)
[1.567s] -- Found marine_acoustic_msgs: 2.1.0 (/opt/ros/humble/share/marine_acoustic_msgs/cmake)
[1.582s] -- Found OpenCV: /usr (found version "4.5.4") 
[1.583s] -- Found cv_bridge: 3.2.1 (/opt/ros/humble/share/cv_bridge/cmake)
[1.586s] -- Found pcl_conversions: 2.4.5 (/opt/ros/humble/share/pcl_conversions/cmake)
[1.614s] -- Checking for module 'eigen3'
[1.626s] --   Found eigen3, version 3.4.0
[1.657s] -- Found Eigen: /usr/include/eigen3 (Required is at least version "3.1") 
[1.657s] -- Eigen found (include: /usr/include/eigen3, version: 3.4.0)
[1.676s] -- Checking for module 'flann'
[1.688s] --   Found flann, version 1.9.1
[1.723s] -- Found FLANN: /usr/lib/x86_64-linux-gnu/libflann_cpp.so  
[1.723s] -- FLANN found (include: /usr/include, lib: /usr/lib/x86_64-linux-gnu/libflann_cpp.so)
[2.482s] -- Checking for module 'libusb-1.0'
[2.497s] --   Found libusb-1.0, version 1.0.25
[2.533s] -- Found libusb: /usr/lib/x86_64-linux-gnu/libusb-1.0.so  
[2.534s] -- OpenNI found (version: 1.5.4.0, include: /usr/include/ni, lib: /usr/lib/libOpenNI.so;libusb::libusb)
[2.586s] -- OpenNI2 found (version: 2.2.0.33, include: /usr/include/openni2, lib: /usr/lib/x86_64-linux-gnu/libOpenNI2.so;libusb::libusb)
[2.700s] -- Eigen found (include: /usr/include/eigen3, version: 3.4.0)
[2.705s] -- OpenNI found (version: 1.5.4.0, include: /usr/include/ni, lib: /usr/lib/libOpenNI.so;libusb::libusb)
[2.710s] -- OpenNI2 found (version: 2.2.0.33, include: /usr/include/openni2, lib: /usr/lib/x86_64-linux-gnu/libOpenNI2.so;libusb::libusb)
[2.817s] -- Found Qhull version 8.0.2
[2.928s] -- OpenNI found (version: 1.5.4.0, include: /usr/include/ni, lib: /usr/lib/libOpenNI.so;libusb::libusb)
[3.034s] -- Found PCL_COMMON: /usr/lib/x86_64-linux-gnu/libpcl_common.so  
[3.035s] -- Found PCL_KDTREE: /usr/lib/x86_64-linux-gnu/libpcl_kdtree.so  
[3.036s] -- Found PCL_OCTREE: /usr/lib/x86_64-linux-gnu/libpcl_octree.so  
[3.036s] -- Found PCL_SEARCH: /usr/lib/x86_64-linux-gnu/libpcl_search.so  
[3.037s] -- Found PCL_SAMPLE_CONSENSUS: /usr/lib/x86_64-linux-gnu/libpcl_sample_consensus.so  
[3.038s] -- Found PCL_FILTERS: /usr/lib/x86_64-linux-gnu/libpcl_filters.so  
[3.038s] -- Found PCL_2D: /usr/include/pcl-1.12  
[3.038s] -- Found PCL_GEOMETRY: /usr/include/pcl-1.12  
[3.039s] -- Found PCL_IO: /usr/lib/x86_64-linux-gnu/libpcl_io.so  
[3.039s] -- Found PCL_FEATURES: /usr/lib/x86_64-linux-gnu/libpcl_features.so  
[3.040s] -- Found PCL_ML: /usr/lib/x86_64-linux-gnu/libpcl_ml.so  
[3.041s] -- Found PCL_SEGMENTATION: /usr/lib/x86_64-linux-gnu/libpcl_segmentation.so  
[3.041s] -- Found PCL_VISUALIZATION: /usr/lib/x86_64-linux-gnu/libpcl_visualization.so  
[3.042s] -- Found PCL_SURFACE: /usr/lib/x86_64-linux-gnu/libpcl_surface.so  
[3.043s] -- Found PCL_REGISTRATION: /usr/lib/x86_64-linux-gnu/libpcl_registration.so  
[3.044s] -- Found PCL_KEYPOINTS: /usr/lib/x86_64-linux-gnu/libpcl_keypoints.so  
[3.044s] -- Found PCL_TRACKING: /usr/lib/x86_64-linux-gnu/libpcl_tracking.so  
[3.045s] -- Found PCL_RECOGNITION: /usr/lib/x86_64-linux-gnu/libpcl_recognition.so  
[3.046s] -- Found PCL_STEREO: /usr/lib/x86_64-linux-gnu/libpcl_stereo.so  
[3.046s] -- Found PCL_APPS: /usr/lib/x86_64-linux-gnu/libpcl_apps.so  
[3.047s] -- Found PCL_IN_HAND_SCANNER: /usr/include/pcl-1.12  
[3.047s] -- Found PCL_MODELER: /usr/include/pcl-1.12  
[3.047s] -- Found PCL_POINT_CLOUD_EDITOR: /usr/include/pcl-1.12  
[3.048s] -- Found PCL_OUTOFCORE: /usr/lib/x86_64-linux-gnu/libpcl_outofcore.so  
[3.048s] -- Found PCL_PEOPLE: /usr/lib/x86_64-linux-gnu/libpcl_people.so  
[3.050s] [31mCMake Error at /opt/ros/humble/share/ament_cmake_target_dependencies/cmake/ament_target_dependencies.cmake:42 (message):
[3.050s]   ament_target_dependencies() the first argument must be a valid target name
[3.050s] Call Stack (most recent call first):
[3.050s]   CMakeLists.txt:41 (ament_target_dependencies)
[3.050s] 
[3.050s] [0m
[3.050s] -- Configuring incomplete, errors occurred!
[3.050s] See also "/home/shivam/ROS2_sonar_module/build/nps_uw_multibeam_sonar_converted/CMakeFiles/CMakeOutput.log".
[3.065s] Invoked command in '/home/shivam/ROS2_sonar_module/build/nps_uw_multibeam_sonar_converted' returned '1': CMAKE_PREFIX_PATH=/opt/ros/humble /usr/bin/cmake /home/shivam/ROS2_sonar_module/src/nps_uw_multibeam_sonar_converted -DCMAKE_INSTALL_PREFIX=/home/shivam/ROS2_sonar_module/install/nps_uw_multibeam_sonar_converted
