[0.173s] DEBUG:colcon:Command line arguments: ['/usr/bin/colcon', 'build']
[0.173s] DEBUG:colcon:Parsed command line arguments: Namespace(log_base=None, log_level=None, verb_name='build', build_base='build', install_base='install', merge_install=False, symlink_install=False, test_result_base=None, continue_on_error=False, executor='parallel', parallel_workers=16, event_handlers=None, ignore_user_meta=False, metas=['./colcon.meta'], base_paths=['.'], packages_ignore=None, packages_ignore_regex=None, paths=None, packages_up_to=None, packages_up_to_regex=None, packages_above=None, packages_above_and_dependencies=None, packages_above_depth=None, packages_select_by_dep=None, packages_skip_by_dep=None, packages_skip_up_to=None, packages_select_build_failed=False, packages_skip_build_finished=False, packages_select_test_failures=False, packages_skip_test_passed=False, packages_select=None, packages_skip=None, packages_select_regex=None, packages_skip_regex=None, packages_start=None, packages_end=None, allow_overriding=[], cmake_args=None, cmake_target=None, cmake_target_skip_unavailable=False, cmake_clean_cache=False, cmake_clean_first=False, cmake_force_configure=False, ament_cmake_args=None, catkin_cmake_args=None, catkin_skip_building_tests=False, mixin_files=None, mixin=None, verb_parser=<colcon_mixin.mixin.mixin_argument.MixinArgumentDecorator object at 0x76e25a359300>, verb_extension=<colcon_core.verb.build.BuildVerb object at 0x76e25a358940>, main=<bound method BuildVerb.main of <colcon_core.verb.build.BuildVerb object at 0x76e25a358940>>, mixin_verb=('build',))
[0.372s] Level 1:colcon.colcon_core.package_discovery:discover_packages(colcon_meta) check parameters
[0.372s] Level 1:colcon.colcon_core.package_discovery:discover_packages(recursive) check parameters
[0.372s] Level 1:colcon.colcon_core.package_discovery:discover_packages(ignore) check parameters
[0.372s] Level 1:colcon.colcon_core.package_discovery:discover_packages(path) check parameters
[0.373s] Level 1:colcon.colcon_core.package_discovery:discover_packages(colcon_meta) discover
[0.373s] Level 1:colcon.colcon_core.package_discovery:discover_packages(recursive) discover
[0.373s] INFO:colcon.colcon_core.package_discovery:Crawling recursively for packages in '/home/shivam/ROS2_sonar_module'
[0.373s] Level 1:colcon.colcon_core.package_identification:_identify(.) by extensions ['ignore', 'ignore_ament_install']
[0.373s] Level 1:colcon.colcon_core.package_identification:_identify(.) by extension 'ignore'
[0.373s] Level 1:colcon.colcon_core.package_identification:_identify(.) by extension 'ignore_ament_install'
[0.373s] Level 1:colcon.colcon_core.package_identification:_identify(.) by extensions ['colcon_pkg']
[0.373s] Level 1:colcon.colcon_core.package_identification:_identify(.) by extension 'colcon_pkg'
[0.373s] Level 1:colcon.colcon_core.package_identification:_identify(.) by extensions ['colcon_meta']
[0.373s] Level 1:colcon.colcon_core.package_identification:_identify(.) by extension 'colcon_meta'
[0.373s] Level 1:colcon.colcon_core.package_identification:_identify(.) by extensions ['ros']
[0.373s] Level 1:colcon.colcon_core.package_identification:_identify(.) by extension 'ros'
[0.384s] Level 1:colcon.colcon_core.package_identification:_identify(.) by extensions ['cmake', 'python']
[0.384s] Level 1:colcon.colcon_core.package_identification:_identify(.) by extension 'cmake'
[0.384s] Level 1:colcon.colcon_core.package_identification:_identify(.) by extension 'python'
[0.384s] Level 1:colcon.colcon_core.package_identification:_identify(.) by extensions ['python_setup_py']
[0.384s] Level 1:colcon.colcon_core.package_identification:_identify(.) by extension 'python_setup_py'
[0.384s] Level 1:colcon.colcon_core.package_identification:_identify(build) by extensions ['ignore', 'ignore_ament_install']
[0.384s] Level 1:colcon.colcon_core.package_identification:_identify(build) by extension 'ignore'
[0.384s] Level 1:colcon.colcon_core.package_identification:_identify(build) ignored
[0.384s] Level 1:colcon.colcon_core.package_identification:_identify(install) by extensions ['ignore', 'ignore_ament_install']
[0.385s] Level 1:colcon.colcon_core.package_identification:_identify(install) by extension 'ignore'
[0.385s] Level 1:colcon.colcon_core.package_identification:_identify(install) ignored
[0.385s] Level 1:colcon.colcon_core.package_identification:_identify(log) by extensions ['ignore', 'ignore_ament_install']
[0.385s] Level 1:colcon.colcon_core.package_identification:_identify(log) by extension 'ignore'
[0.385s] Level 1:colcon.colcon_core.package_identification:_identify(log) ignored
[0.385s] Level 1:colcon.colcon_core.package_identification:_identify(src) by extensions ['ignore', 'ignore_ament_install']
[0.385s] Level 1:colcon.colcon_core.package_identification:_identify(src) by extension 'ignore'
[0.385s] Level 1:colcon.colcon_core.package_identification:_identify(src) by extension 'ignore_ament_install'
[0.385s] Level 1:colcon.colcon_core.package_identification:_identify(src) by extensions ['colcon_pkg']
[0.385s] Level 1:colcon.colcon_core.package_identification:_identify(src) by extension 'colcon_pkg'
[0.385s] Level 1:colcon.colcon_core.package_identification:_identify(src) by extensions ['colcon_meta']
[0.385s] Level 1:colcon.colcon_core.package_identification:_identify(src) by extension 'colcon_meta'
[0.385s] Level 1:colcon.colcon_core.package_identification:_identify(src) by extensions ['ros']
[0.385s] Level 1:colcon.colcon_core.package_identification:_identify(src) by extension 'ros'
[0.385s] Level 1:colcon.colcon_core.package_identification:_identify(src) by extensions ['cmake', 'python']
[0.385s] Level 1:colcon.colcon_core.package_identification:_identify(src) by extension 'cmake'
[0.385s] Level 1:colcon.colcon_core.package_identification:_identify(src) by extension 'python'
[0.385s] Level 1:colcon.colcon_core.package_identification:_identify(src) by extensions ['python_setup_py']
[0.385s] Level 1:colcon.colcon_core.package_identification:_identify(src) by extension 'python_setup_py'
[0.386s] Level 1:colcon.colcon_core.package_identification:_identify(src/nps_uw_multibeam_sonar_converted) by extensions ['ignore', 'ignore_ament_install']
[0.386s] Level 1:colcon.colcon_core.package_identification:_identify(src/nps_uw_multibeam_sonar_converted) by extension 'ignore'
[0.386s] Level 1:colcon.colcon_core.package_identification:_identify(src/nps_uw_multibeam_sonar_converted) by extension 'ignore_ament_install'
[0.386s] Level 1:colcon.colcon_core.package_identification:_identify(src/nps_uw_multibeam_sonar_converted) by extensions ['colcon_pkg']
[0.386s] Level 1:colcon.colcon_core.package_identification:_identify(src/nps_uw_multibeam_sonar_converted) by extension 'colcon_pkg'
[0.386s] Level 1:colcon.colcon_core.package_identification:_identify(src/nps_uw_multibeam_sonar_converted) by extensions ['colcon_meta']
[0.386s] Level 1:colcon.colcon_core.package_identification:_identify(src/nps_uw_multibeam_sonar_converted) by extension 'colcon_meta'
[0.386s] Level 1:colcon.colcon_core.package_identification:_identify(src/nps_uw_multibeam_sonar_converted) by extensions ['ros']
[0.386s] Level 1:colcon.colcon_core.package_identification:_identify(src/nps_uw_multibeam_sonar_converted) by extension 'ros'
[0.389s] DEBUG:colcon.colcon_core.package_identification:Package 'src/nps_uw_multibeam_sonar_converted' with type 'ros.ament_cmake' and name 'nps_uw_multibeam_sonar_converted'
[0.389s] Level 1:colcon.colcon_core.package_discovery:discover_packages(recursive) using defaults
[0.389s] Level 1:colcon.colcon_core.package_discovery:discover_packages(ignore) discover
[0.389s] Level 1:colcon.colcon_core.package_discovery:discover_packages(ignore) using defaults
[0.389s] Level 1:colcon.colcon_core.package_discovery:discover_packages(path) discover
[0.389s] Level 1:colcon.colcon_core.package_discovery:discover_packages(path) using defaults
[0.440s] Level 1:colcon.colcon_core.package_discovery:discover_packages(prefix_path) check parameters
[0.440s] Level 1:colcon.colcon_core.package_discovery:discover_packages(prefix_path) discover
[0.444s] DEBUG:colcon.colcon_installed_package_information.package_discovery:Found 318 installed packages in /opt/ros/humble
[0.446s] Level 1:colcon.colcon_core.package_discovery:discover_packages(prefix_path) using defaults
[0.486s] Level 5:colcon.colcon_core.verb:set package 'nps_uw_multibeam_sonar_converted' build argument 'cmake_args' from command line to 'None'
[0.486s] Level 5:colcon.colcon_core.verb:set package 'nps_uw_multibeam_sonar_converted' build argument 'cmake_target' from command line to 'None'
[0.486s] Level 5:colcon.colcon_core.verb:set package 'nps_uw_multibeam_sonar_converted' build argument 'cmake_target_skip_unavailable' from command line to 'False'
[0.486s] Level 5:colcon.colcon_core.verb:set package 'nps_uw_multibeam_sonar_converted' build argument 'cmake_clean_cache' from command line to 'False'
[0.486s] Level 5:colcon.colcon_core.verb:set package 'nps_uw_multibeam_sonar_converted' build argument 'cmake_clean_first' from command line to 'False'
[0.486s] Level 5:colcon.colcon_core.verb:set package 'nps_uw_multibeam_sonar_converted' build argument 'cmake_force_configure' from command line to 'False'
[0.486s] Level 5:colcon.colcon_core.verb:set package 'nps_uw_multibeam_sonar_converted' build argument 'ament_cmake_args' from command line to 'None'
[0.486s] Level 5:colcon.colcon_core.verb:set package 'nps_uw_multibeam_sonar_converted' build argument 'catkin_cmake_args' from command line to 'None'
[0.486s] Level 5:colcon.colcon_core.verb:set package 'nps_uw_multibeam_sonar_converted' build argument 'catkin_skip_building_tests' from command line to 'False'
[0.487s] DEBUG:colcon.colcon_core.verb:Building package 'nps_uw_multibeam_sonar_converted' with the following arguments: {'ament_cmake_args': None, 'build_base': '/home/shivam/ROS2_sonar_module/build/nps_uw_multibeam_sonar_converted', 'catkin_cmake_args': None, 'catkin_skip_building_tests': False, 'cmake_args': None, 'cmake_clean_cache': False, 'cmake_clean_first': False, 'cmake_force_configure': False, 'cmake_target': None, 'cmake_target_skip_unavailable': False, 'install_base': '/home/shivam/ROS2_sonar_module/install/nps_uw_multibeam_sonar_converted', 'merge_install': False, 'path': '/home/shivam/ROS2_sonar_module/src/nps_uw_multibeam_sonar_converted', 'symlink_install': False, 'test_result_base': None}
[0.487s] INFO:colcon.colcon_core.executor:Executing jobs using 'parallel' executor
[0.488s] DEBUG:colcon.colcon_parallel_executor.executor.parallel:run_until_complete
[0.489s] INFO:colcon.colcon_ros.task.ament_cmake.build:Building ROS package in '/home/shivam/ROS2_sonar_module/src/nps_uw_multibeam_sonar_converted' with build type 'ament_cmake'
[0.489s] INFO:colcon.colcon_cmake.task.cmake.build:Building CMake package in '/home/shivam/ROS2_sonar_module/src/nps_uw_multibeam_sonar_converted'
[0.493s] INFO:colcon.colcon_core.plugin_system:Skipping extension 'colcon_core.shell.bat': Not used on non-Windows systems
[0.493s] INFO:colcon.colcon_core.shell:Skip shell extension 'powershell' for command environment: Not usable outside of PowerShell
[0.493s] DEBUG:colcon.colcon_core.shell:Skip shell extension 'dsv' for command environment
[0.505s] DEBUG:colcon.colcon_core.event_handler.log_command:Invoking command in '/home/shivam/ROS2_sonar_module/build/nps_uw_multibeam_sonar_converted': CMAKE_PREFIX_PATH=/opt/ros/humble /usr/bin/cmake --build /home/shivam/ROS2_sonar_module/build/nps_uw_multibeam_sonar_converted -- -j16 -l16
[0.949s] DEBUG:colcon.colcon_core.event_handler.log_command:Invoked command in '/home/shivam/ROS2_sonar_module/build/nps_uw_multibeam_sonar_converted' returned '2': CMAKE_PREFIX_PATH=/opt/ros/humble /usr/bin/cmake --build /home/shivam/ROS2_sonar_module/build/nps_uw_multibeam_sonar_converted -- -j16 -l16
[0.950s] Level 1:colcon.colcon_core.environment:create_environment_scripts_only(nps_uw_multibeam_sonar_converted)
[0.955s] Level 1:colcon.colcon_core.environment:checking '/home/shivam/ROS2_sonar_module/install/nps_uw_multibeam_sonar_converted' for CMake module files
[0.955s] Level 1:colcon.colcon_core.environment:checking '/home/shivam/ROS2_sonar_module/install/nps_uw_multibeam_sonar_converted' for CMake config files
[0.956s] Level 1:colcon.colcon_core.environment:checking '/home/shivam/ROS2_sonar_module/install/nps_uw_multibeam_sonar_converted/bin'
[0.956s] Level 1:colcon.colcon_core.environment:checking '/home/shivam/ROS2_sonar_module/install/nps_uw_multibeam_sonar_converted/lib/pkgconfig/nps_uw_multibeam_sonar_converted.pc'
[0.957s] Level 1:colcon.colcon_core.environment:checking '/home/shivam/ROS2_sonar_module/install/nps_uw_multibeam_sonar_converted/lib/python3.10/site-packages'
[0.957s] Level 1:colcon.colcon_core.environment:checking '/home/shivam/ROS2_sonar_module/install/nps_uw_multibeam_sonar_converted/bin'
[0.957s] INFO:colcon.colcon_core.shell:Creating package script '/home/shivam/ROS2_sonar_module/install/nps_uw_multibeam_sonar_converted/share/nps_uw_multibeam_sonar_converted/package.ps1'
[0.959s] INFO:colcon.colcon_core.shell:Creating package descriptor '/home/shivam/ROS2_sonar_module/install/nps_uw_multibeam_sonar_converted/share/nps_uw_multibeam_sonar_converted/package.dsv'
[0.959s] INFO:colcon.colcon_core.shell:Creating package script '/home/shivam/ROS2_sonar_module/install/nps_uw_multibeam_sonar_converted/share/nps_uw_multibeam_sonar_converted/package.sh'
[0.960s] INFO:colcon.colcon_core.shell:Creating package script '/home/shivam/ROS2_sonar_module/install/nps_uw_multibeam_sonar_converted/share/nps_uw_multibeam_sonar_converted/package.bash'
[0.961s] INFO:colcon.colcon_core.shell:Creating package script '/home/shivam/ROS2_sonar_module/install/nps_uw_multibeam_sonar_converted/share/nps_uw_multibeam_sonar_converted/package.zsh'
[0.962s] Level 1:colcon.colcon_core.environment:create_file_with_runtime_dependencies(/home/shivam/ROS2_sonar_module/install/nps_uw_multibeam_sonar_converted/share/colcon-core/packages/nps_uw_multibeam_sonar_converted)
[0.973s] DEBUG:colcon.colcon_parallel_executor.executor.parallel:closing loop
[0.973s] DEBUG:colcon.colcon_parallel_executor.executor.parallel:loop closed
[0.973s] DEBUG:colcon.colcon_parallel_executor.executor.parallel:run_until_complete finished with '2'
[0.973s] DEBUG:colcon.colcon_core.event_reactor:joining thread
[0.982s] INFO:colcon.colcon_core.plugin_system:Skipping extension 'colcon_notification.desktop_notification.terminal_notifier': Not used on non-Darwin systems
[0.983s] INFO:colcon.colcon_core.plugin_system:Skipping extension 'colcon_notification.desktop_notification.win32': Not used on non-Windows systems
[0.983s] INFO:colcon.colcon_notification.desktop_notification:Sending desktop notification using 'notify2'
[1.004s] DEBUG:colcon.colcon_core.event_reactor:joined thread
[1.005s] INFO:colcon.colcon_core.shell:Creating prefix script '/home/shivam/ROS2_sonar_module/install/local_setup.ps1'
[1.006s] INFO:colcon.colcon_core.shell:Creating prefix util module '/home/shivam/ROS2_sonar_module/install/_local_setup_util_ps1.py'
[1.007s] INFO:colcon.colcon_core.shell:Creating prefix chain script '/home/shivam/ROS2_sonar_module/install/setup.ps1'
[1.008s] INFO:colcon.colcon_core.shell:Creating prefix script '/home/shivam/ROS2_sonar_module/install/local_setup.sh'
[1.009s] INFO:colcon.colcon_core.shell:Creating prefix util module '/home/shivam/ROS2_sonar_module/install/_local_setup_util_sh.py'
[1.009s] INFO:colcon.colcon_core.shell:Creating prefix chain script '/home/shivam/ROS2_sonar_module/install/setup.sh'
[1.010s] INFO:colcon.colcon_core.shell:Creating prefix script '/home/shivam/ROS2_sonar_module/install/local_setup.bash'
[1.011s] INFO:colcon.colcon_core.shell:Creating prefix chain script '/home/shivam/ROS2_sonar_module/install/setup.bash'
[1.012s] INFO:colcon.colcon_core.shell:Creating prefix script '/home/shivam/ROS2_sonar_module/install/local_setup.zsh'
[1.012s] INFO:colcon.colcon_core.shell:Creating prefix chain script '/home/shivam/ROS2_sonar_module/install/setup.zsh'
