[0.140s] DEBUG:colcon:Command line arguments: ['/usr/bin/colcon', 'build']
[0.140s] DEBUG:colcon:Parsed command line arguments: Namespace(log_base=None, log_level=None, verb_name='build', build_base='build', install_base='install', merge_install=False, symlink_install=False, test_result_base=None, continue_on_error=False, executor='parallel', parallel_workers=16, event_handlers=None, ignore_user_meta=False, metas=['./colcon.meta'], base_paths=['.'], packages_ignore=None, packages_ignore_regex=None, paths=None, packages_up_to=None, packages_up_to_regex=None, packages_above=None, packages_above_and_dependencies=None, packages_above_depth=None, packages_select_by_dep=None, packages_skip_by_dep=None, packages_skip_up_to=None, packages_select_build_failed=False, packages_skip_build_finished=False, packages_select_test_failures=False, packages_skip_test_passed=False, packages_select=None, packages_skip=None, packages_select_regex=None, packages_skip_regex=None, packages_start=None, packages_end=None, allow_overriding=[], cmake_args=None, cmake_target=None, cmake_target_skip_unavailable=False, cmake_clean_cache=False, cmake_clean_first=False, cmake_force_configure=False, ament_cmake_args=None, catkin_cmake_args=None, catkin_skip_building_tests=False, mixin_files=None, mixin=None, verb_parser=<colcon_mixin.mixin.mixin_argument.MixinArgumentDecorator object at 0x7ef5a3b61300>, verb_extension=<colcon_core.verb.build.BuildVerb object at 0x7ef5a3b60940>, main=<bound method BuildVerb.main of <colcon_core.verb.build.BuildVerb object at 0x7ef5a3b60940>>, mixin_verb=('build',))
[0.295s] Level 1:colcon.colcon_core.package_discovery:discover_packages(colcon_meta) check parameters
[0.295s] Level 1:colcon.colcon_core.package_discovery:discover_packages(recursive) check parameters
[0.295s] Level 1:colcon.colcon_core.package_discovery:discover_packages(ignore) check parameters
[0.295s] Level 1:colcon.colcon_core.package_discovery:discover_packages(path) check parameters
[0.295s] Level 1:colcon.colcon_core.package_discovery:discover_packages(colcon_meta) discover
[0.295s] Level 1:colcon.colcon_core.package_discovery:discover_packages(recursive) discover
[0.295s] INFO:colcon.colcon_core.package_discovery:Crawling recursively for packages in '/home/shivam/ROS2_sonar_module'
[0.295s] Level 1:colcon.colcon_core.package_identification:_identify(.) by extensions ['ignore', 'ignore_ament_install']
[0.295s] Level 1:colcon.colcon_core.package_identification:_identify(.) by extension 'ignore'
[0.295s] Level 1:colcon.colcon_core.package_identification:_identify(.) by extension 'ignore_ament_install'
[0.296s] Level 1:colcon.colcon_core.package_identification:_identify(.) by extensions ['colcon_pkg']
[0.296s] Level 1:colcon.colcon_core.package_identification:_identify(.) by extension 'colcon_pkg'
[0.296s] Level 1:colcon.colcon_core.package_identification:_identify(.) by extensions ['colcon_meta']
[0.296s] Level 1:colcon.colcon_core.package_identification:_identify(.) by extension 'colcon_meta'
[0.296s] Level 1:colcon.colcon_core.package_identification:_identify(.) by extensions ['ros']
[0.296s] Level 1:colcon.colcon_core.package_identification:_identify(.) by extension 'ros'
[0.304s] Level 1:colcon.colcon_core.package_identification:_identify(.) by extensions ['cmake', 'python']
[0.304s] Level 1:colcon.colcon_core.package_identification:_identify(.) by extension 'cmake'
[0.304s] Level 1:colcon.colcon_core.package_identification:_identify(.) by extension 'python'
[0.304s] Level 1:colcon.colcon_core.package_identification:_identify(.) by extensions ['python_setup_py']
[0.304s] Level 1:colcon.colcon_core.package_identification:_identify(.) by extension 'python_setup_py'
[0.304s] Level 1:colcon.colcon_core.package_identification:_identify(build) by extensions ['ignore', 'ignore_ament_install']
[0.304s] Level 1:colcon.colcon_core.package_identification:_identify(build) by extension 'ignore'
[0.305s] Level 1:colcon.colcon_core.package_identification:_identify(build) ignored
[0.305s] Level 1:colcon.colcon_core.package_identification:_identify(install) by extensions ['ignore', 'ignore_ament_install']
[0.305s] Level 1:colcon.colcon_core.package_identification:_identify(install) by extension 'ignore'
[0.305s] Level 1:colcon.colcon_core.package_identification:_identify(install) ignored
[0.305s] Level 1:colcon.colcon_core.package_identification:_identify(log) by extensions ['ignore', 'ignore_ament_install']
[0.305s] Level 1:colcon.colcon_core.package_identification:_identify(log) by extension 'ignore'
[0.305s] Level 1:colcon.colcon_core.package_identification:_identify(log) ignored
[0.305s] Level 1:colcon.colcon_core.package_identification:_identify(src) by extensions ['ignore', 'ignore_ament_install']
[0.305s] Level 1:colcon.colcon_core.package_identification:_identify(src) by extension 'ignore'
[0.305s] Level 1:colcon.colcon_core.package_identification:_identify(src) by extension 'ignore_ament_install'
[0.305s] Level 1:colcon.colcon_core.package_identification:_identify(src) by extensions ['colcon_pkg']
[0.305s] Level 1:colcon.colcon_core.package_identification:_identify(src) by extension 'colcon_pkg'
[0.305s] Level 1:colcon.colcon_core.package_identification:_identify(src) by extensions ['colcon_meta']
[0.305s] Level 1:colcon.colcon_core.package_identification:_identify(src) by extension 'colcon_meta'
[0.305s] Level 1:colcon.colcon_core.package_identification:_identify(src) by extensions ['ros']
[0.305s] Level 1:colcon.colcon_core.package_identification:_identify(src) by extension 'ros'
[0.305s] Level 1:colcon.colcon_core.package_identification:_identify(src) by extensions ['cmake', 'python']
[0.305s] Level 1:colcon.colcon_core.package_identification:_identify(src) by extension 'cmake'
[0.305s] Level 1:colcon.colcon_core.package_identification:_identify(src) by extension 'python'
[0.305s] Level 1:colcon.colcon_core.package_identification:_identify(src) by extensions ['python_setup_py']
[0.305s] Level 1:colcon.colcon_core.package_identification:_identify(src) by extension 'python_setup_py'
[0.306s] Level 1:colcon.colcon_core.package_identification:_identify(src/nps_uw_multibeam_sonar_converted) by extensions ['ignore', 'ignore_ament_install']
[0.306s] Level 1:colcon.colcon_core.package_identification:_identify(src/nps_uw_multibeam_sonar_converted) by extension 'ignore'
[0.306s] Level 1:colcon.colcon_core.package_identification:_identify(src/nps_uw_multibeam_sonar_converted) by extension 'ignore_ament_install'
[0.306s] Level 1:colcon.colcon_core.package_identification:_identify(src/nps_uw_multibeam_sonar_converted) by extensions ['colcon_pkg']
[0.306s] Level 1:colcon.colcon_core.package_identification:_identify(src/nps_uw_multibeam_sonar_converted) by extension 'colcon_pkg'
[0.306s] Level 1:colcon.colcon_core.package_identification:_identify(src/nps_uw_multibeam_sonar_converted) by extensions ['colcon_meta']
[0.306s] Level 1:colcon.colcon_core.package_identification:_identify(src/nps_uw_multibeam_sonar_converted) by extension 'colcon_meta'
[0.306s] Level 1:colcon.colcon_core.package_identification:_identify(src/nps_uw_multibeam_sonar_converted) by extensions ['ros']
[0.306s] Level 1:colcon.colcon_core.package_identification:_identify(src/nps_uw_multibeam_sonar_converted) by extension 'ros'
[0.309s] DEBUG:colcon.colcon_core.package_identification:Package 'src/nps_uw_multibeam_sonar_converted' with type 'ros.ament_cmake' and name 'nps_uw_multibeam_sonar_converted'
[0.309s] Level 1:colcon.colcon_core.package_discovery:discover_packages(recursive) using defaults
[0.309s] Level 1:colcon.colcon_core.package_discovery:discover_packages(ignore) discover
[0.309s] Level 1:colcon.colcon_core.package_discovery:discover_packages(ignore) using defaults
[0.309s] Level 1:colcon.colcon_core.package_discovery:discover_packages(path) discover
[0.309s] Level 1:colcon.colcon_core.package_discovery:discover_packages(path) using defaults
[0.339s] Level 1:colcon.colcon_core.package_discovery:discover_packages(prefix_path) check parameters
[0.339s] Level 1:colcon.colcon_core.package_discovery:discover_packages(prefix_path) discover
[0.342s] DEBUG:colcon.colcon_installed_package_information.package_discovery:Found 319 installed packages in /opt/ros/humble
[0.343s] Level 1:colcon.colcon_core.package_discovery:discover_packages(prefix_path) using defaults
[0.374s] Level 5:colcon.colcon_core.verb:set package 'nps_uw_multibeam_sonar_converted' build argument 'cmake_args' from command line to 'None'
[0.374s] Level 5:colcon.colcon_core.verb:set package 'nps_uw_multibeam_sonar_converted' build argument 'cmake_target' from command line to 'None'
[0.374s] Level 5:colcon.colcon_core.verb:set package 'nps_uw_multibeam_sonar_converted' build argument 'cmake_target_skip_unavailable' from command line to 'False'
[0.374s] Level 5:colcon.colcon_core.verb:set package 'nps_uw_multibeam_sonar_converted' build argument 'cmake_clean_cache' from command line to 'False'
[0.374s] Level 5:colcon.colcon_core.verb:set package 'nps_uw_multibeam_sonar_converted' build argument 'cmake_clean_first' from command line to 'False'
[0.374s] Level 5:colcon.colcon_core.verb:set package 'nps_uw_multibeam_sonar_converted' build argument 'cmake_force_configure' from command line to 'False'
[0.374s] Level 5:colcon.colcon_core.verb:set package 'nps_uw_multibeam_sonar_converted' build argument 'ament_cmake_args' from command line to 'None'
[0.374s] Level 5:colcon.colcon_core.verb:set package 'nps_uw_multibeam_sonar_converted' build argument 'catkin_cmake_args' from command line to 'None'
[0.374s] Level 5:colcon.colcon_core.verb:set package 'nps_uw_multibeam_sonar_converted' build argument 'catkin_skip_building_tests' from command line to 'False'
[0.374s] DEBUG:colcon.colcon_core.verb:Building package 'nps_uw_multibeam_sonar_converted' with the following arguments: {'ament_cmake_args': None, 'build_base': '/home/shivam/ROS2_sonar_module/build/nps_uw_multibeam_sonar_converted', 'catkin_cmake_args': None, 'catkin_skip_building_tests': False, 'cmake_args': None, 'cmake_clean_cache': False, 'cmake_clean_first': False, 'cmake_force_configure': False, 'cmake_target': None, 'cmake_target_skip_unavailable': False, 'install_base': '/home/shivam/ROS2_sonar_module/install/nps_uw_multibeam_sonar_converted', 'merge_install': False, 'path': '/home/shivam/ROS2_sonar_module/src/nps_uw_multibeam_sonar_converted', 'symlink_install': False, 'test_result_base': None}
[0.374s] INFO:colcon.colcon_core.executor:Executing jobs using 'parallel' executor
[0.375s] DEBUG:colcon.colcon_parallel_executor.executor.parallel:run_until_complete
[0.375s] INFO:colcon.colcon_ros.task.ament_cmake.build:Building ROS package in '/home/shivam/ROS2_sonar_module/src/nps_uw_multibeam_sonar_converted' with build type 'ament_cmake'
[0.375s] INFO:colcon.colcon_cmake.task.cmake.build:Building CMake package in '/home/shivam/ROS2_sonar_module/src/nps_uw_multibeam_sonar_converted'
[0.379s] INFO:colcon.colcon_core.plugin_system:Skipping extension 'colcon_core.shell.bat': Not used on non-Windows systems
[0.379s] INFO:colcon.colcon_core.shell:Skip shell extension 'powershell' for command environment: Not usable outside of PowerShell
[0.379s] DEBUG:colcon.colcon_core.shell:Skip shell extension 'dsv' for command environment
[0.388s] DEBUG:colcon.colcon_core.event_handler.log_command:Invoking command in '/home/shivam/ROS2_sonar_module/build/nps_uw_multibeam_sonar_converted': CMAKE_PREFIX_PATH=/opt/ros/humble /usr/bin/cmake --build /home/shivam/ROS2_sonar_module/build/nps_uw_multibeam_sonar_converted -- -j16 -l16
[17.508s] DEBUG:colcon.colcon_core.event_handler.log_command:Invoked command in '/home/shivam/ROS2_sonar_module/build/nps_uw_multibeam_sonar_converted' returned '2': CMAKE_PREFIX_PATH=/opt/ros/humble /usr/bin/cmake --build /home/shivam/ROS2_sonar_module/build/nps_uw_multibeam_sonar_converted -- -j16 -l16
[17.516s] Level 1:colcon.colcon_core.environment:create_environment_scripts_only(nps_uw_multibeam_sonar_converted)
[17.520s] Level 1:colcon.colcon_core.environment:checking '/home/shivam/ROS2_sonar_module/install/nps_uw_multibeam_sonar_converted' for CMake module files
[17.520s] Level 1:colcon.colcon_core.environment:checking '/home/shivam/ROS2_sonar_module/install/nps_uw_multibeam_sonar_converted' for CMake config files
[17.521s] Level 1:colcon.colcon_core.environment:checking '/home/shivam/ROS2_sonar_module/install/nps_uw_multibeam_sonar_converted/bin'
[17.521s] Level 1:colcon.colcon_core.environment:checking '/home/shivam/ROS2_sonar_module/install/nps_uw_multibeam_sonar_converted/lib/pkgconfig/nps_uw_multibeam_sonar_converted.pc'
[17.521s] Level 1:colcon.colcon_core.environment:checking '/home/shivam/ROS2_sonar_module/install/nps_uw_multibeam_sonar_converted/lib/python3.10/site-packages'
[17.521s] Level 1:colcon.colcon_core.environment:checking '/home/shivam/ROS2_sonar_module/install/nps_uw_multibeam_sonar_converted/bin'
[17.521s] INFO:colcon.colcon_core.shell:Creating package script '/home/shivam/ROS2_sonar_module/install/nps_uw_multibeam_sonar_converted/share/nps_uw_multibeam_sonar_converted/package.ps1'
[17.522s] INFO:colcon.colcon_core.shell:Creating package descriptor '/home/shivam/ROS2_sonar_module/install/nps_uw_multibeam_sonar_converted/share/nps_uw_multibeam_sonar_converted/package.dsv'
[17.523s] INFO:colcon.colcon_core.shell:Creating package script '/home/shivam/ROS2_sonar_module/install/nps_uw_multibeam_sonar_converted/share/nps_uw_multibeam_sonar_converted/package.sh'
[17.523s] INFO:colcon.colcon_core.shell:Creating package script '/home/shivam/ROS2_sonar_module/install/nps_uw_multibeam_sonar_converted/share/nps_uw_multibeam_sonar_converted/package.bash'
[17.524s] INFO:colcon.colcon_core.shell:Creating package script '/home/shivam/ROS2_sonar_module/install/nps_uw_multibeam_sonar_converted/share/nps_uw_multibeam_sonar_converted/package.zsh'
[17.525s] Level 1:colcon.colcon_core.environment:create_file_with_runtime_dependencies(/home/shivam/ROS2_sonar_module/install/nps_uw_multibeam_sonar_converted/share/colcon-core/packages/nps_uw_multibeam_sonar_converted)
[17.535s] DEBUG:colcon.colcon_parallel_executor.executor.parallel:closing loop
[17.535s] DEBUG:colcon.colcon_parallel_executor.executor.parallel:loop closed
[17.535s] DEBUG:colcon.colcon_parallel_executor.executor.parallel:run_until_complete finished with '2'
[17.535s] DEBUG:colcon.colcon_core.event_reactor:joining thread
[17.540s] INFO:colcon.colcon_core.plugin_system:Skipping extension 'colcon_notification.desktop_notification.terminal_notifier': Not used on non-Darwin systems
[17.540s] INFO:colcon.colcon_core.plugin_system:Skipping extension 'colcon_notification.desktop_notification.win32': Not used on non-Windows systems
[17.540s] INFO:colcon.colcon_notification.desktop_notification:Sending desktop notification using 'notify2'
[17.551s] DEBUG:colcon.colcon_core.event_reactor:joined thread
[17.551s] INFO:colcon.colcon_core.shell:Creating prefix script '/home/shivam/ROS2_sonar_module/install/local_setup.ps1'
[17.552s] INFO:colcon.colcon_core.shell:Creating prefix util module '/home/shivam/ROS2_sonar_module/install/_local_setup_util_ps1.py'
[17.554s] INFO:colcon.colcon_core.shell:Creating prefix chain script '/home/shivam/ROS2_sonar_module/install/setup.ps1'
[17.555s] INFO:colcon.colcon_core.shell:Creating prefix script '/home/shivam/ROS2_sonar_module/install/local_setup.sh'
[17.556s] INFO:colcon.colcon_core.shell:Creating prefix util module '/home/shivam/ROS2_sonar_module/install/_local_setup_util_sh.py'
[17.556s] INFO:colcon.colcon_core.shell:Creating prefix chain script '/home/shivam/ROS2_sonar_module/install/setup.sh'
[17.557s] INFO:colcon.colcon_core.shell:Creating prefix script '/home/shivam/ROS2_sonar_module/install/local_setup.bash'
[17.558s] INFO:colcon.colcon_core.shell:Creating prefix chain script '/home/shivam/ROS2_sonar_module/install/setup.bash'
[17.558s] INFO:colcon.colcon_core.shell:Creating prefix script '/home/shivam/ROS2_sonar_module/install/local_setup.zsh'
[17.559s] INFO:colcon.colcon_core.shell:Creating prefix chain script '/home/shivam/ROS2_sonar_module/install/setup.zsh'
